2025-03-12 14:12:54,304 - INFO - LSTM(
  (lstm): LSTM(258, 128, num_layers=4, batch_first=True, dropout=0.5)
  (dense1): Linear(in_features=128, out_features=128, bias=True)
  (dense2): Linear(in_features=128, out_features=128, bias=True)
  (dense3): Linear(in_features=128, out_features=300, bias=True)
  (relu): ReLU()
  (softmax): Softmax(dim=2)
)
2025-03-12 14:12:54,455 - INFO - Training started
2025-03-12 14:13:01,343 - INFO - Epoch 1/500, Loss: 5.1216, Training Accuracy:  0.0084, Validation Accuracy:  0.0096
2025-03-12 14:13:07,085 - INFO - Epoch 2/500, Loss: 5.0449, Training Accuracy:  0.0147, Validation Accuracy:  0.0187
2025-03-12 14:13:13,346 - INFO - Epoch 3/500, Loss: 4.6523, Training Accuracy:  0.0250, Validation Accuracy:  0.0329
2025-03-12 14:13:19,145 - INFO - Epoch 4/500, Loss: 4.2738, Training Accuracy:  0.0401, Validation Accuracy:  0.0432
2025-03-12 14:13:25,487 - INFO - Epoch 5/500, Loss: 4.5247, Training Accuracy:  0.0647, Validation Accuracy:  0.0720
2025-03-12 14:13:32,008 - INFO - Epoch 6/500, Loss: 4.1809, Training Accuracy:  0.0988, Validation Accuracy:  0.1095
2025-03-12 14:13:37,953 - INFO - Epoch 7/500, Loss: 4.4581, Training Accuracy:  0.1368, Validation Accuracy:  0.1406
2025-03-12 14:13:44,127 - INFO - Epoch 8/500, Loss: 2.9002, Training Accuracy:  0.1892, Validation Accuracy:  0.1989
2025-03-12 14:13:51,191 - INFO - Epoch 9/500, Loss: 2.4495, Training Accuracy:  0.2470, Validation Accuracy:  0.2644
2025-03-12 14:13:57,126 - INFO - Epoch 10/500, Loss: 3.2623, Training Accuracy:  0.3017, Validation Accuracy:  0.3170
2025-03-12 14:14:03,361 - INFO - Epoch 11/500, Loss: 2.5768, Training Accuracy:  0.3511, Validation Accuracy:  0.3764
2025-03-12 14:14:09,538 - INFO - Epoch 12/500, Loss: 2.9580, Training Accuracy:  0.4128, Validation Accuracy:  0.4029
2025-03-12 14:14:15,942 - INFO - Epoch 13/500, Loss: 1.8546, Training Accuracy:  0.4518, Validation Accuracy:  0.3936
2025-03-12 14:14:22,065 - INFO - Epoch 14/500, Loss: 2.0710, Training Accuracy:  0.4901, Validation Accuracy:  0.4620
2025-03-12 14:14:28,678 - INFO - Epoch 15/500, Loss: 2.8024, Training Accuracy:  0.5351, Validation Accuracy:  0.5048
2025-03-12 14:14:34,578 - INFO - Epoch 16/500, Loss: 1.9984, Training Accuracy:  0.5736, Validation Accuracy:  0.5472
2025-03-12 14:14:40,466 - INFO - Epoch 17/500, Loss: 2.1414, Training Accuracy:  0.6100, Validation Accuracy:  0.5472
2025-03-12 14:14:46,350 - INFO - Epoch 18/500, Loss: 2.6078, Training Accuracy:  0.6384, Validation Accuracy:  0.5787
2025-03-12 14:14:53,051 - INFO - Epoch 19/500, Loss: 1.9032, Training Accuracy:  0.6728, Validation Accuracy:  0.5914
2025-03-12 14:14:58,827 - INFO - Epoch 20/500, Loss: 1.4917, Training Accuracy:  0.6866, Validation Accuracy:  0.6193
2025-03-12 14:15:04,615 - INFO - Epoch 21/500, Loss: 1.5439, Training Accuracy:  0.7133, Validation Accuracy:  0.6325
2025-03-12 14:15:11,008 - INFO - Epoch 22/500, Loss: 1.0574, Training Accuracy:  0.7240, Validation Accuracy:  0.6581
2025-03-12 14:15:17,408 - INFO - Epoch 23/500, Loss: 1.5174, Training Accuracy:  0.7465, Validation Accuracy:  0.6662
2025-03-12 14:15:23,883 - INFO - Epoch 24/500, Loss: 1.7989, Training Accuracy:  0.7418, Validation Accuracy:  0.6820
2025-03-12 14:15:30,117 - INFO - Epoch 25/500, Loss: 2.8324, Training Accuracy:  0.7656, Validation Accuracy:  0.6771
2025-03-12 14:15:36,880 - INFO - Epoch 26/500, Loss: 2.6594, Training Accuracy:  0.7896, Validation Accuracy:  0.6954
2025-03-12 14:15:43,688 - INFO - Epoch 27/500, Loss: 2.0712, Training Accuracy:  0.8069, Validation Accuracy:  0.7007
2025-03-12 14:15:49,985 - INFO - Epoch 28/500, Loss: 1.7154, Training Accuracy:  0.8064, Validation Accuracy:  0.6996
2025-03-12 14:15:55,878 - INFO - Epoch 29/500, Loss: 1.0640, Training Accuracy:  0.8110, Validation Accuracy:  0.7285
2025-03-12 14:16:02,847 - INFO - Epoch 30/500, Loss: 1.1156, Training Accuracy:  0.8208, Validation Accuracy:  0.7362
2025-03-12 14:16:09,277 - INFO - Epoch 31/500, Loss: 1.1891, Training Accuracy:  0.8332, Validation Accuracy:  0.7439
2025-03-12 14:16:15,028 - INFO - Epoch 32/500, Loss: 2.5099, Training Accuracy:  0.8443, Validation Accuracy:  0.7420
2025-03-12 14:16:21,523 - INFO - Epoch 33/500, Loss: 1.5029, Training Accuracy:  0.8450, Validation Accuracy:  0.7311
2025-03-12 14:16:27,275 - INFO - Epoch 34/500, Loss: 1.5253, Training Accuracy:  0.8494, Validation Accuracy:  0.7511
2025-03-12 14:16:32,947 - INFO - Epoch 35/500, Loss: 1.2271, Training Accuracy:  0.8542, Validation Accuracy:  0.7532
2025-03-12 14:16:39,130 - INFO - Epoch 36/500, Loss: 0.9594, Training Accuracy:  0.8660, Validation Accuracy:  0.7659
2025-03-12 14:16:46,126 - INFO - Epoch 37/500, Loss: 1.6563, Training Accuracy:  0.8679, Validation Accuracy:  0.7486
2025-03-12 14:16:53,007 - INFO - Epoch 38/500, Loss: 1.9327, Training Accuracy:  0.8579, Validation Accuracy:  0.7670
2025-03-12 14:16:59,186 - INFO - Epoch 39/500, Loss: 1.1507, Training Accuracy:  0.8819, Validation Accuracy:  0.7576
2025-03-12 14:17:05,266 - INFO - Epoch 40/500, Loss: 0.6112, Training Accuracy:  0.8784, Validation Accuracy:  0.7724
2025-03-12 14:17:11,548 - INFO - Epoch 41/500, Loss: 0.8122, Training Accuracy:  0.8793, Validation Accuracy:  0.7656
2025-03-12 14:17:17,666 - INFO - Epoch 42/500, Loss: 1.1190, Training Accuracy:  0.8805, Validation Accuracy:  0.7702
2025-03-12 14:17:23,350 - INFO - Epoch 43/500, Loss: 1.1713, Training Accuracy:  0.8820, Validation Accuracy:  0.7711
2025-03-12 14:17:29,457 - INFO - Epoch 44/500, Loss: 1.0954, Training Accuracy:  0.8874, Validation Accuracy:  0.7778
2025-03-12 14:17:35,316 - INFO - Epoch 45/500, Loss: 1.1745, Training Accuracy:  0.8949, Validation Accuracy:  0.7882
2025-03-12 14:17:41,121 - INFO - Epoch 46/500, Loss: 1.8647, Training Accuracy:  0.8915, Validation Accuracy:  0.7700
2025-03-12 14:17:46,844 - INFO - Epoch 47/500, Loss: 1.0211, Training Accuracy:  0.8878, Validation Accuracy:  0.7853
2025-03-12 14:17:53,182 - INFO - Epoch 48/500, Loss: 1.8812, Training Accuracy:  0.8940, Validation Accuracy:  0.7853
2025-03-12 14:17:58,954 - INFO - Epoch 49/500, Loss: 1.6285, Training Accuracy:  0.8984, Validation Accuracy:  0.7789
2025-03-12 14:18:05,127 - INFO - Epoch 50/500, Loss: 2.4847, Training Accuracy:  0.8969, Validation Accuracy:  0.7877
2025-03-12 14:18:10,735 - INFO - Epoch 51/500, Loss: 1.8085, Training Accuracy:  0.9108, Validation Accuracy:  0.7956
2025-03-12 14:18:16,915 - INFO - Epoch 52/500, Loss: 1.3619, Training Accuracy:  0.9041, Validation Accuracy:  0.8014
2025-03-12 14:18:23,552 - INFO - Epoch 53/500, Loss: 2.8359, Training Accuracy:  0.9063, Validation Accuracy:  0.7762
2025-03-12 14:18:29,598 - INFO - Epoch 54/500, Loss: 0.9848, Training Accuracy:  0.8644, Validation Accuracy:  0.8044
2025-03-12 14:18:35,769 - INFO - Epoch 55/500, Loss: 2.5522, Training Accuracy:  0.9227, Validation Accuracy:  0.8004
2025-03-12 14:18:42,628 - INFO - Epoch 56/500, Loss: 0.8047, Training Accuracy:  0.9158, Validation Accuracy:  0.7970
2025-03-12 14:18:49,536 - INFO - Epoch 57/500, Loss: 1.0757, Training Accuracy:  0.9193, Validation Accuracy:  0.7937
2025-03-12 14:18:56,241 - INFO - Epoch 58/500, Loss: 2.2336, Training Accuracy:  0.9191, Validation Accuracy:  0.8020
2025-03-12 14:19:02,903 - INFO - Epoch 59/500, Loss: 1.5085, Training Accuracy:  0.9071, Validation Accuracy:  0.7812
2025-03-12 14:19:08,795 - INFO - Epoch 60/500, Loss: 2.5792, Training Accuracy:  0.9189, Validation Accuracy:  0.7922
2025-03-12 14:19:14,831 - INFO - Epoch 61/500, Loss: 1.4129, Training Accuracy:  0.9128, Validation Accuracy:  0.7875
2025-03-12 14:19:21,244 - INFO - Epoch 62/500, Loss: 1.8542, Training Accuracy:  0.9175, Validation Accuracy:  0.8141
2025-03-12 14:19:27,699 - INFO - Epoch 63/500, Loss: 0.7550, Training Accuracy:  0.9188, Validation Accuracy:  0.8025
2025-03-12 14:19:33,719 - INFO - Epoch 64/500, Loss: 1.2483, Training Accuracy:  0.9142, Validation Accuracy:  0.8055
2025-03-12 14:19:39,974 - INFO - Epoch 65/500, Loss: 1.2389, Training Accuracy:  0.9150, Validation Accuracy:  0.7967
2025-03-12 14:19:45,822 - INFO - Epoch 66/500, Loss: 1.9303, Training Accuracy:  0.9202, Validation Accuracy:  0.8134
2025-03-12 14:19:51,826 - INFO - Epoch 67/500, Loss: 1.3792, Training Accuracy:  0.9256, Validation Accuracy:  0.8056
2025-03-12 14:19:58,165 - INFO - Epoch 68/500, Loss: 0.4746, Training Accuracy:  0.9264, Validation Accuracy:  0.8080
2025-03-12 14:20:04,947 - INFO - Epoch 69/500, Loss: 0.3337, Training Accuracy:  0.9160, Validation Accuracy:  0.8151
2025-03-12 14:20:10,743 - INFO - Epoch 70/500, Loss: 1.2938, Training Accuracy:  0.9274, Validation Accuracy:  0.8064
2025-03-12 14:20:17,247 - INFO - Epoch 71/500, Loss: 0.9346, Training Accuracy:  0.9264, Validation Accuracy:  0.7981
2025-03-12 14:20:23,787 - INFO - Epoch 72/500, Loss: 1.1748, Training Accuracy:  0.9232, Validation Accuracy:  0.8138
2025-03-12 14:20:30,443 - INFO - Epoch 73/500, Loss: 1.8473, Training Accuracy:  0.9267, Validation Accuracy:  0.8036
2025-03-12 14:20:36,889 - INFO - Epoch 74/500, Loss: 1.3788, Training Accuracy:  0.9300, Validation Accuracy:  0.8198
2025-03-12 14:20:42,954 - INFO - Epoch 75/500, Loss: 1.3868, Training Accuracy:  0.9238, Validation Accuracy:  0.7993
2025-03-12 14:20:49,012 - INFO - Epoch 76/500, Loss: 0.9072, Training Accuracy:  0.9189, Validation Accuracy:  0.8308
2025-03-12 14:20:54,894 - INFO - Epoch 77/500, Loss: 1.4554, Training Accuracy:  0.9326, Validation Accuracy:  0.8137
2025-03-12 14:21:01,535 - INFO - Epoch 78/500, Loss: 1.6750, Training Accuracy:  0.9404, Validation Accuracy:  0.8124
2025-03-12 14:21:07,729 - INFO - Epoch 79/500, Loss: 0.9487, Training Accuracy:  0.9298, Validation Accuracy:  0.8219
2025-03-12 14:21:13,992 - INFO - Epoch 80/500, Loss: 0.9905, Training Accuracy:  0.9281, Validation Accuracy:  0.8184
2025-03-12 14:21:19,848 - INFO - Epoch 81/500, Loss: 0.9442, Training Accuracy:  0.9324, Validation Accuracy:  0.8102
2025-03-12 14:21:25,698 - INFO - Epoch 82/500, Loss: 1.6542, Training Accuracy:  0.9340, Validation Accuracy:  0.8186
2025-03-12 14:21:31,946 - INFO - Epoch 83/500, Loss: 0.4318, Training Accuracy:  0.9303, Validation Accuracy:  0.8214
2025-03-12 14:21:38,220 - INFO - Epoch 84/500, Loss: 1.0682, Training Accuracy:  0.9363, Validation Accuracy:  0.8085
2025-03-12 14:21:43,978 - INFO - Epoch 85/500, Loss: 1.0153, Training Accuracy:  0.9197, Validation Accuracy:  0.8173
2025-03-12 14:21:50,190 - INFO - Epoch 86/500, Loss: 1.4179, Training Accuracy:  0.9347, Validation Accuracy:  0.8214
2025-03-12 14:21:56,663 - INFO - Epoch 87/500, Loss: 1.3759, Training Accuracy:  0.9254, Validation Accuracy:  0.8217
2025-03-12 14:22:02,963 - INFO - Epoch 88/500, Loss: 1.6294, Training Accuracy:  0.9385, Validation Accuracy:  0.8236
2025-03-12 14:22:09,003 - INFO - Epoch 89/500, Loss: 1.2324, Training Accuracy:  0.9383, Validation Accuracy:  0.8105
2025-03-12 14:22:15,027 - INFO - Epoch 90/500, Loss: 1.1413, Training Accuracy:  0.9401, Validation Accuracy:  0.8308
2025-03-12 14:22:21,389 - INFO - Epoch 91/500, Loss: 0.9710, Training Accuracy:  0.9407, Validation Accuracy:  0.8211
2025-03-12 14:22:27,649 - INFO - Epoch 92/500, Loss: 1.5261, Training Accuracy:  0.9398, Validation Accuracy:  0.8052
2025-03-12 14:22:33,867 - INFO - Epoch 93/500, Loss: 1.4685, Training Accuracy:  0.9316, Validation Accuracy:  0.8289
2025-03-12 14:22:39,835 - INFO - Epoch 94/500, Loss: 0.6958, Training Accuracy:  0.9341, Validation Accuracy:  0.8145
2025-03-12 14:22:45,985 - INFO - Epoch 95/500, Loss: 0.6458, Training Accuracy:  0.9343, Validation Accuracy:  0.8319
2025-03-12 14:22:52,251 - INFO - Epoch 96/500, Loss: 0.6417, Training Accuracy:  0.9391, Validation Accuracy:  0.8209
2025-03-12 14:22:58,177 - INFO - Epoch 97/500, Loss: 1.3079, Training Accuracy:  0.9465, Validation Accuracy:  0.8255
2025-03-12 14:23:04,120 - INFO - Epoch 98/500, Loss: 1.1696, Training Accuracy:  0.9340, Validation Accuracy:  0.8291
2025-03-12 14:23:10,649 - INFO - Epoch 99/500, Loss: 1.0652, Training Accuracy:  0.9386, Validation Accuracy:  0.8318
2025-03-12 14:23:17,222 - INFO - Epoch 100/500, Loss: 1.6311, Training Accuracy:  0.9337, Validation Accuracy:  0.8047
2025-03-12 14:23:23,367 - INFO - Epoch 101/500, Loss: 1.2157, Training Accuracy:  0.9397, Validation Accuracy:  0.8321
2025-03-12 14:23:29,662 - INFO - Epoch 102/500, Loss: 1.9409, Training Accuracy:  0.9424, Validation Accuracy:  0.8104
2025-03-12 14:23:35,737 - INFO - Epoch 103/500, Loss: 0.6780, Training Accuracy:  0.9349, Validation Accuracy:  0.8211
2025-03-12 14:23:41,674 - INFO - Epoch 104/500, Loss: 1.3334, Training Accuracy:  0.9400, Validation Accuracy:  0.8282
2025-03-12 14:23:47,669 - INFO - Epoch 105/500, Loss: 1.8124, Training Accuracy:  0.9461, Validation Accuracy:  0.8256
2025-03-12 14:23:53,480 - INFO - Epoch 106/500, Loss: 1.1697, Training Accuracy:  0.9318, Validation Accuracy:  0.8223
2025-03-12 14:24:01,445 - INFO - Epoch 107/500, Loss: 0.9453, Training Accuracy:  0.9496, Validation Accuracy:  0.8442
2025-03-12 14:24:07,384 - INFO - Epoch 108/500, Loss: 0.7190, Training Accuracy:  0.9443, Validation Accuracy:  0.8179
2025-03-12 14:24:14,293 - INFO - Epoch 109/500, Loss: 0.7080, Training Accuracy:  0.9352, Validation Accuracy:  0.8184
2025-03-12 14:24:20,945 - INFO - Epoch 110/500, Loss: 1.4529, Training Accuracy:  0.9447, Validation Accuracy:  0.8250
2025-03-12 14:24:26,974 - INFO - Epoch 111/500, Loss: 1.3138, Training Accuracy:  0.9189, Validation Accuracy:  0.8305
2025-03-12 14:24:32,719 - INFO - Epoch 112/500, Loss: 2.0854, Training Accuracy:  0.9492, Validation Accuracy:  0.8329
2025-03-12 14:24:38,825 - INFO - Epoch 113/500, Loss: 1.2391, Training Accuracy:  0.9555, Validation Accuracy:  0.8411
2025-03-12 14:24:45,364 - INFO - Epoch 114/500, Loss: 1.7168, Training Accuracy:  0.9493, Validation Accuracy:  0.8272
2025-03-12 14:24:52,224 - INFO - Epoch 115/500, Loss: 0.4275, Training Accuracy:  0.9428, Validation Accuracy:  0.8335
2025-03-12 14:24:58,376 - INFO - Epoch 116/500, Loss: 2.4127, Training Accuracy:  0.9348, Validation Accuracy:  0.8305
2025-03-12 14:25:04,453 - INFO - Epoch 117/500, Loss: 1.7202, Training Accuracy:  0.9442, Validation Accuracy:  0.8289
2025-03-12 14:25:10,466 - INFO - Epoch 118/500, Loss: 0.8977, Training Accuracy:  0.9458, Validation Accuracy:  0.8401
2025-03-12 14:25:17,102 - INFO - Epoch 119/500, Loss: 1.7204, Training Accuracy:  0.9449, Validation Accuracy:  0.8330
2025-03-12 14:25:23,349 - INFO - Epoch 120/500, Loss: 1.2201, Training Accuracy:  0.9413, Validation Accuracy:  0.8291
2025-03-12 14:25:29,472 - INFO - Epoch 121/500, Loss: 0.7716, Training Accuracy:  0.9405, Validation Accuracy:  0.8274
2025-03-12 14:25:36,054 - INFO - Epoch 122/500, Loss: 0.8943, Training Accuracy:  0.9541, Validation Accuracy:  0.8384
2025-03-12 14:25:42,300 - INFO - Epoch 123/500, Loss: 0.8993, Training Accuracy:  0.9513, Validation Accuracy:  0.8345
2025-03-12 14:25:49,314 - INFO - Epoch 124/500, Loss: 0.3777, Training Accuracy:  0.9358, Validation Accuracy:  0.8301
2025-03-12 14:25:55,482 - INFO - Epoch 125/500, Loss: 1.6267, Training Accuracy:  0.9473, Validation Accuracy:  0.8266
2025-03-12 14:26:01,942 - INFO - Epoch 126/500, Loss: 0.7189, Training Accuracy:  0.9462, Validation Accuracy:  0.8304
2025-03-12 14:26:08,417 - INFO - Epoch 127/500, Loss: 0.2659, Training Accuracy:  0.9504, Validation Accuracy:  0.8203
2025-03-12 14:26:14,773 - INFO - Epoch 128/500, Loss: 1.5606, Training Accuracy:  0.9438, Validation Accuracy:  0.8375
2025-03-12 14:26:21,506 - INFO - Epoch 129/500, Loss: 1.9224, Training Accuracy:  0.9564, Validation Accuracy:  0.8318
2025-03-12 14:26:27,620 - INFO - Epoch 130/500, Loss: 1.8025, Training Accuracy:  0.9386, Validation Accuracy:  0.8412
2025-03-12 14:26:33,558 - INFO - Epoch 131/500, Loss: 0.3470, Training Accuracy:  0.9439, Validation Accuracy:  0.8304
2025-03-12 14:26:39,414 - INFO - Epoch 132/500, Loss: 0.4482, Training Accuracy:  0.9515, Validation Accuracy:  0.8425
2025-03-12 14:26:45,401 - INFO - Epoch 133/500, Loss: 0.7485, Training Accuracy:  0.9485, Validation Accuracy:  0.8323
2025-03-12 14:26:51,404 - INFO - Epoch 134/500, Loss: 2.3595, Training Accuracy:  0.9427, Validation Accuracy:  0.8228
2025-03-12 14:26:57,603 - INFO - Epoch 135/500, Loss: 0.3284, Training Accuracy:  0.9438, Validation Accuracy:  0.8449
2025-03-12 14:27:03,526 - INFO - Epoch 136/500, Loss: 0.8686, Training Accuracy:  0.9578, Validation Accuracy:  0.8502
2025-03-12 14:27:09,581 - INFO - Epoch 137/500, Loss: 3.1352, Training Accuracy:  0.9497, Validation Accuracy:  0.8392
2025-03-12 14:27:16,252 - INFO - Epoch 138/500, Loss: 1.7417, Training Accuracy:  0.9276, Validation Accuracy:  0.8466
2025-03-12 14:27:22,562 - INFO - Epoch 139/500, Loss: 0.0761, Training Accuracy:  0.9538, Validation Accuracy:  0.8505
2025-03-12 14:27:28,639 - INFO - Epoch 140/500, Loss: 0.3746, Training Accuracy:  0.9596, Validation Accuracy:  0.8341
2025-03-12 14:27:34,353 - INFO - Epoch 141/500, Loss: 0.4230, Training Accuracy:  0.9441, Validation Accuracy:  0.8382
2025-03-12 14:27:40,204 - INFO - Epoch 142/500, Loss: 0.7072, Training Accuracy:  0.9446, Validation Accuracy:  0.8393
2025-03-12 14:27:46,482 - INFO - Epoch 143/500, Loss: 1.0622, Training Accuracy:  0.9484, Validation Accuracy:  0.8460
2025-03-12 14:27:52,918 - INFO - Epoch 144/500, Loss: 0.6194, Training Accuracy:  0.9576, Validation Accuracy:  0.8401
2025-03-12 14:27:58,945 - INFO - Epoch 145/500, Loss: 0.9619, Training Accuracy:  0.9430, Validation Accuracy:  0.8381
2025-03-12 14:28:04,731 - INFO - Epoch 146/500, Loss: 0.8448, Training Accuracy:  0.9514, Validation Accuracy:  0.8466
2025-03-12 14:28:11,841 - INFO - Epoch 147/500, Loss: 0.9553, Training Accuracy:  0.9517, Validation Accuracy:  0.8445
2025-03-12 14:28:17,874 - INFO - Epoch 148/500, Loss: 1.6208, Training Accuracy:  0.9473, Validation Accuracy:  0.8319
2025-03-12 14:28:24,154 - INFO - Epoch 149/500, Loss: 0.9139, Training Accuracy:  0.9465, Validation Accuracy:  0.8526
2025-03-12 14:28:29,888 - INFO - Epoch 150/500, Loss: 0.6479, Training Accuracy:  0.9515, Validation Accuracy:  0.8370
2025-03-12 14:28:36,067 - INFO - Epoch 151/500, Loss: 2.2236, Training Accuracy:  0.9505, Validation Accuracy:  0.8378
2025-03-12 14:28:41,648 - INFO - Epoch 152/500, Loss: 0.9411, Training Accuracy:  0.9537, Validation Accuracy:  0.8510
2025-03-12 14:28:47,179 - INFO - Epoch 153/500, Loss: 1.4030, Training Accuracy:  0.9496, Validation Accuracy:  0.8375
2025-03-12 14:28:53,864 - INFO - Epoch 154/500, Loss: 0.8710, Training Accuracy:  0.9554, Validation Accuracy:  0.8507
2025-03-12 14:28:59,664 - INFO - Epoch 155/500, Loss: 0.7156, Training Accuracy:  0.9438, Validation Accuracy:  0.8382
2025-03-12 14:29:05,867 - INFO - Epoch 156/500, Loss: 1.0107, Training Accuracy:  0.9528, Validation Accuracy:  0.8438
2025-03-12 14:29:12,079 - INFO - Epoch 157/500, Loss: 0.8203, Training Accuracy:  0.9568, Validation Accuracy:  0.8420
2025-03-12 14:29:17,986 - INFO - Epoch 158/500, Loss: 0.6941, Training Accuracy:  0.9377, Validation Accuracy:  0.8538
2025-03-12 14:29:24,371 - INFO - Epoch 159/500, Loss: 0.6985, Training Accuracy:  0.9557, Validation Accuracy:  0.8475
2025-03-12 14:29:30,864 - INFO - Epoch 160/500, Loss: 0.6957, Training Accuracy:  0.9542, Validation Accuracy:  0.8449
2025-03-12 14:29:37,577 - INFO - Epoch 161/500, Loss: 0.8510, Training Accuracy:  0.9487, Validation Accuracy:  0.8389
2025-03-12 14:29:43,475 - INFO - Epoch 162/500, Loss: 1.0882, Training Accuracy:  0.9532, Validation Accuracy:  0.8485
2025-03-12 14:29:49,497 - INFO - Epoch 163/500, Loss: 1.0737, Training Accuracy:  0.9488, Validation Accuracy:  0.8420
2025-03-12 14:29:55,924 - INFO - Epoch 164/500, Loss: 1.0396, Training Accuracy:  0.9453, Validation Accuracy:  0.8431
2025-03-12 14:30:02,377 - INFO - Epoch 165/500, Loss: 0.8556, Training Accuracy:  0.9361, Validation Accuracy:  0.8593
2025-03-12 14:30:08,652 - INFO - Epoch 166/500, Loss: 0.8226, Training Accuracy:  0.9509, Validation Accuracy:  0.8567
2025-03-12 14:30:14,451 - INFO - Epoch 167/500, Loss: 0.8644, Training Accuracy:  0.9634, Validation Accuracy:  0.8512
2025-03-12 14:30:20,150 - INFO - Epoch 168/500, Loss: 0.8545, Training Accuracy:  0.9597, Validation Accuracy:  0.8529
2025-03-12 14:30:26,940 - INFO - Epoch 169/500, Loss: 0.5918, Training Accuracy:  0.9505, Validation Accuracy:  0.8499
2025-03-12 14:30:32,989 - INFO - Epoch 170/500, Loss: 1.0115, Training Accuracy:  0.9498, Validation Accuracy:  0.8538
2025-03-12 14:30:38,900 - INFO - Epoch 171/500, Loss: 2.0901, Training Accuracy:  0.9573, Validation Accuracy:  0.8397
2025-03-12 14:30:45,537 - INFO - Epoch 172/500, Loss: 0.8192, Training Accuracy:  0.9563, Validation Accuracy:  0.8478
2025-03-12 14:30:52,664 - INFO - Epoch 173/500, Loss: 0.8739, Training Accuracy:  0.9540, Validation Accuracy:  0.8535
2025-03-12 14:30:59,120 - INFO - Epoch 174/500, Loss: 0.9144, Training Accuracy:  0.9581, Validation Accuracy:  0.8567
2025-03-12 14:31:05,207 - INFO - Epoch 175/500, Loss: 0.7411, Training Accuracy:  0.9446, Validation Accuracy:  0.8540
2025-03-12 14:31:12,443 - INFO - Epoch 176/500, Loss: 1.1009, Training Accuracy:  0.9537, Validation Accuracy:  0.8382
2025-03-12 14:31:18,584 - INFO - Epoch 177/500, Loss: 1.3293, Training Accuracy:  0.9592, Validation Accuracy:  0.8483
2025-03-12 14:31:24,661 - INFO - Epoch 178/500, Loss: 1.5608, Training Accuracy:  0.9520, Validation Accuracy:  0.8395
2025-03-12 14:31:31,629 - INFO - Epoch 179/500, Loss: 1.7542, Training Accuracy:  0.9573, Validation Accuracy:  0.8524
2025-03-12 14:31:37,708 - INFO - Epoch 180/500, Loss: 0.7299, Training Accuracy:  0.9611, Validation Accuracy:  0.8515
2025-03-12 14:31:43,957 - INFO - Epoch 181/500, Loss: 0.2501, Training Accuracy:  0.9441, Validation Accuracy:  0.8507
2025-03-12 14:31:50,185 - INFO - Epoch 182/500, Loss: 0.5209, Training Accuracy:  0.9512, Validation Accuracy:  0.8604
2025-03-12 14:31:57,140 - INFO - Epoch 183/500, Loss: 0.6099, Training Accuracy:  0.9633, Validation Accuracy:  0.8617
2025-03-12 14:32:03,796 - INFO - Epoch 184/500, Loss: 0.6544, Training Accuracy:  0.9608, Validation Accuracy:  0.8601
2025-03-12 14:32:10,172 - INFO - Epoch 185/500, Loss: 0.8786, Training Accuracy:  0.9480, Validation Accuracy:  0.8559
2025-03-12 14:32:15,946 - INFO - Epoch 186/500, Loss: 1.4980, Training Accuracy:  0.9590, Validation Accuracy:  0.8549
2025-03-12 14:32:21,809 - INFO - Epoch 187/500, Loss: 0.8733, Training Accuracy:  0.9525, Validation Accuracy:  0.8365
2025-03-12 14:32:29,061 - INFO - Epoch 188/500, Loss: 1.5739, Training Accuracy:  0.9499, Validation Accuracy:  0.8505
2025-03-12 14:32:35,138 - INFO - Epoch 189/500, Loss: 0.8186, Training Accuracy:  0.9541, Validation Accuracy:  0.8505
2025-03-12 14:32:41,148 - INFO - Epoch 190/500, Loss: 0.7798, Training Accuracy:  0.9524, Validation Accuracy:  0.8619
2025-03-12 14:32:47,161 - INFO - Epoch 191/500, Loss: 1.0769, Training Accuracy:  0.9563, Validation Accuracy:  0.8589
2025-03-12 14:32:52,774 - INFO - Epoch 192/500, Loss: 0.7380, Training Accuracy:  0.9582, Validation Accuracy:  0.8488
2025-03-12 14:32:59,273 - INFO - Epoch 193/500, Loss: 0.8438, Training Accuracy:  0.9506, Validation Accuracy:  0.8611
2025-03-12 14:33:06,684 - INFO - Epoch 194/500, Loss: 0.8591, Training Accuracy:  0.9542, Validation Accuracy:  0.8445
2025-03-12 14:33:12,814 - INFO - Epoch 195/500, Loss: 1.0103, Training Accuracy:  0.9539, Validation Accuracy:  0.8505
2025-03-12 14:33:18,405 - INFO - Epoch 196/500, Loss: 0.9727, Training Accuracy:  0.9488, Validation Accuracy:  0.8617
2025-03-12 14:33:24,325 - INFO - Epoch 197/500, Loss: 1.6444, Training Accuracy:  0.9590, Validation Accuracy:  0.8485
2025-03-12 14:33:30,246 - INFO - Epoch 198/500, Loss: 0.3972, Training Accuracy:  0.9625, Validation Accuracy:  0.8562
2025-03-12 14:33:36,386 - INFO - Epoch 199/500, Loss: 0.9103, Training Accuracy:  0.9537, Validation Accuracy:  0.8608
2025-03-12 14:33:42,168 - INFO - Epoch 200/500, Loss: 0.8185, Training Accuracy:  0.9526, Validation Accuracy:  0.8611
2025-03-12 14:33:47,627 - INFO - Epoch 201/500, Loss: 0.7346, Training Accuracy:  0.9613, Validation Accuracy:  0.8548
2025-03-12 14:33:53,159 - INFO - Epoch 202/500, Loss: 0.8250, Training Accuracy:  0.9583, Validation Accuracy:  0.8485
2025-03-12 14:33:58,638 - INFO - Epoch 203/500, Loss: 1.4418, Training Accuracy:  0.9484, Validation Accuracy:  0.8379
2025-03-12 14:34:04,412 - INFO - Epoch 204/500, Loss: 0.5080, Training Accuracy:  0.9532, Validation Accuracy:  0.8562
2025-03-12 14:34:10,734 - INFO - Epoch 205/500, Loss: 1.4816, Training Accuracy:  0.9608, Validation Accuracy:  0.8595
2025-03-12 14:34:16,278 - INFO - Epoch 206/500, Loss: 0.4092, Training Accuracy:  0.9563, Validation Accuracy:  0.8548
2025-03-12 14:34:23,004 - INFO - Epoch 207/500, Loss: 0.6998, Training Accuracy:  0.9660, Validation Accuracy:  0.8502
2025-03-12 14:34:29,216 - INFO - Epoch 208/500, Loss: 0.6166, Training Accuracy:  0.9507, Validation Accuracy:  0.8425
2025-03-12 14:34:36,096 - INFO - Epoch 209/500, Loss: 1.0037, Training Accuracy:  0.9505, Validation Accuracy:  0.8609
2025-03-12 14:34:42,823 - INFO - Epoch 210/500, Loss: 0.8562, Training Accuracy:  0.9625, Validation Accuracy:  0.8568
2025-03-12 14:34:48,347 - INFO - Epoch 211/500, Loss: 1.1020, Training Accuracy:  0.9594, Validation Accuracy:  0.8504
2025-03-12 14:34:54,358 - INFO - Epoch 212/500, Loss: 0.5565, Training Accuracy:  0.9409, Validation Accuracy:  0.8571
2025-03-12 14:35:00,067 - INFO - Epoch 213/500, Loss: 0.4992, Training Accuracy:  0.9586, Validation Accuracy:  0.8644
2025-03-12 14:35:06,741 - INFO - Epoch 214/500, Loss: 1.6496, Training Accuracy:  0.9489, Validation Accuracy:  0.8490
2025-03-12 14:35:12,664 - INFO - Epoch 215/500, Loss: 0.7856, Training Accuracy:  0.9542, Validation Accuracy:  0.8716
2025-03-12 14:35:19,183 - INFO - Epoch 216/500, Loss: 0.9646, Training Accuracy:  0.9591, Validation Accuracy:  0.8675
2025-03-12 14:35:26,131 - INFO - Epoch 217/500, Loss: 0.3308, Training Accuracy:  0.9627, Validation Accuracy:  0.8608
2025-03-12 14:35:33,425 - INFO - Epoch 218/500, Loss: 0.6499, Training Accuracy:  0.9538, Validation Accuracy:  0.8675
2025-03-12 14:35:40,532 - INFO - Epoch 219/500, Loss: 0.4868, Training Accuracy:  0.9600, Validation Accuracy:  0.8526
2025-03-12 14:35:47,164 - INFO - Epoch 220/500, Loss: 0.7132, Training Accuracy:  0.9465, Validation Accuracy:  0.8595
2025-03-12 14:35:54,198 - INFO - Epoch 221/500, Loss: 0.5385, Training Accuracy:  0.9611, Validation Accuracy:  0.8669
2025-03-12 14:36:01,025 - INFO - Epoch 222/500, Loss: 0.5843, Training Accuracy:  0.9617, Validation Accuracy:  0.8534
2025-03-12 14:36:06,949 - INFO - Epoch 223/500, Loss: 0.7833, Training Accuracy:  0.9539, Validation Accuracy:  0.8557
2025-03-12 14:36:13,750 - INFO - Epoch 224/500, Loss: 2.6545, Training Accuracy:  0.9598, Validation Accuracy:  0.8505
2025-03-12 14:36:19,842 - INFO - Epoch 225/500, Loss: 1.9720, Training Accuracy:  0.9602, Validation Accuracy:  0.8455
2025-03-12 14:36:25,851 - INFO - Epoch 226/500, Loss: 1.2149, Training Accuracy:  0.9513, Validation Accuracy:  0.8652
2025-03-12 14:36:31,650 - INFO - Epoch 227/500, Loss: 1.1983, Training Accuracy:  0.9630, Validation Accuracy:  0.8518
2025-03-12 14:36:38,032 - INFO - Epoch 228/500, Loss: 1.3192, Training Accuracy:  0.9534, Validation Accuracy:  0.8627
2025-03-12 14:36:44,028 - INFO - Epoch 229/500, Loss: 1.0529, Training Accuracy:  0.9607, Validation Accuracy:  0.8611
2025-03-12 14:36:49,772 - INFO - Epoch 230/500, Loss: 0.1780, Training Accuracy:  0.9553, Validation Accuracy:  0.8608
2025-03-12 14:36:55,902 - INFO - Epoch 231/500, Loss: 1.5077, Training Accuracy:  0.9611, Validation Accuracy:  0.8590
2025-03-12 14:37:02,699 - INFO - Epoch 232/500, Loss: 1.1845, Training Accuracy:  0.9513, Validation Accuracy:  0.8553
2025-03-12 14:37:08,720 - INFO - Epoch 233/500, Loss: 0.8348, Training Accuracy:  0.9512, Validation Accuracy:  0.8638
2025-03-12 14:37:14,562 - INFO - Epoch 234/500, Loss: 1.0051, Training Accuracy:  0.9666, Validation Accuracy:  0.8616
2025-03-12 14:37:20,849 - INFO - Epoch 235/500, Loss: 1.2866, Training Accuracy:  0.9503, Validation Accuracy:  0.8606
2025-03-12 14:37:26,792 - INFO - Epoch 236/500, Loss: 0.2561, Training Accuracy:  0.9576, Validation Accuracy:  0.8638
2025-03-12 14:37:32,698 - INFO - Epoch 237/500, Loss: 1.0419, Training Accuracy:  0.9667, Validation Accuracy:  0.8690
2025-03-12 14:37:38,318 - INFO - Epoch 238/500, Loss: 0.6286, Training Accuracy:  0.9637, Validation Accuracy:  0.8565
2025-03-12 14:37:44,418 - INFO - Epoch 239/500, Loss: 0.6249, Training Accuracy:  0.9599, Validation Accuracy:  0.8590
2025-03-12 14:37:50,439 - INFO - Epoch 240/500, Loss: 1.3651, Training Accuracy:  0.9563, Validation Accuracy:  0.8625
2025-03-12 14:37:56,807 - INFO - Epoch 241/500, Loss: 0.7323, Training Accuracy:  0.9609, Validation Accuracy:  0.8674
2025-03-12 14:38:02,691 - INFO - Epoch 242/500, Loss: 0.5855, Training Accuracy:  0.9497, Validation Accuracy:  0.8716
2025-03-12 14:38:09,067 - INFO - Epoch 243/500, Loss: 0.4296, Training Accuracy:  0.9674, Validation Accuracy:  0.8616
2025-03-12 14:38:15,321 - INFO - Epoch 244/500, Loss: 0.7276, Training Accuracy:  0.9606, Validation Accuracy:  0.8553
2025-03-12 14:38:22,382 - INFO - Epoch 245/500, Loss: 1.0827, Training Accuracy:  0.9590, Validation Accuracy:  0.8587
2025-03-12 14:38:28,743 - INFO - Epoch 246/500, Loss: 1.6700, Training Accuracy:  0.9458, Validation Accuracy:  0.8551
2025-03-12 14:38:35,031 - INFO - Epoch 247/500, Loss: 0.9356, Training Accuracy:  0.9596, Validation Accuracy:  0.8696
2025-03-12 14:38:41,205 - INFO - Epoch 248/500, Loss: 0.5218, Training Accuracy:  0.9717, Validation Accuracy:  0.8705
2025-03-12 14:38:48,286 - INFO - Epoch 249/500, Loss: 1.2600, Training Accuracy:  0.9517, Validation Accuracy:  0.8620
2025-03-12 14:38:54,510 - INFO - Epoch 250/500, Loss: 1.0576, Training Accuracy:  0.9534, Validation Accuracy:  0.8658
2025-03-12 14:39:00,748 - INFO - Epoch 251/500, Loss: 1.2137, Training Accuracy:  0.9661, Validation Accuracy:  0.8693
2025-03-12 14:39:06,656 - INFO - Epoch 252/500, Loss: 1.5924, Training Accuracy:  0.9640, Validation Accuracy:  0.8619
2025-03-12 14:39:12,560 - INFO - Epoch 253/500, Loss: 0.6799, Training Accuracy:  0.9571, Validation Accuracy:  0.8456
2025-03-12 14:39:18,633 - INFO - Epoch 254/500, Loss: 0.5174, Training Accuracy:  0.9565, Validation Accuracy:  0.8660
2025-03-12 14:39:25,183 - INFO - Epoch 255/500, Loss: 0.8422, Training Accuracy:  0.9627, Validation Accuracy:  0.8422
2025-03-12 14:39:31,454 - INFO - Epoch 256/500, Loss: 1.1429, Training Accuracy:  0.9517, Validation Accuracy:  0.8609
2025-03-12 14:39:37,684 - INFO - Epoch 257/500, Loss: 0.9579, Training Accuracy:  0.9650, Validation Accuracy:  0.8704
2025-03-12 14:39:43,800 - INFO - Epoch 258/500, Loss: 0.6818, Training Accuracy:  0.9627, Validation Accuracy:  0.8731
2025-03-12 14:39:50,393 - INFO - Epoch 259/500, Loss: 1.6535, Training Accuracy:  0.9606, Validation Accuracy:  0.8664
2025-03-12 14:39:57,055 - INFO - Epoch 260/500, Loss: 0.4717, Training Accuracy:  0.9586, Validation Accuracy:  0.8587
2025-03-12 14:40:03,193 - INFO - Epoch 261/500, Loss: 0.3571, Training Accuracy:  0.9517, Validation Accuracy:  0.8633
2025-03-12 14:40:09,118 - INFO - Epoch 262/500, Loss: 0.1951, Training Accuracy:  0.9640, Validation Accuracy:  0.8708
2025-03-12 14:40:15,320 - INFO - Epoch 263/500, Loss: 0.9026, Training Accuracy:  0.9531, Validation Accuracy:  0.8628
2025-03-12 14:40:21,372 - INFO - Epoch 264/500, Loss: 0.7305, Training Accuracy:  0.9624, Validation Accuracy:  0.8584
2025-03-12 14:40:27,592 - INFO - Epoch 265/500, Loss: 0.3441, Training Accuracy:  0.9567, Validation Accuracy:  0.8619
2025-03-12 14:40:33,700 - INFO - Epoch 266/500, Loss: 0.8005, Training Accuracy:  0.9630, Validation Accuracy:  0.8742
2025-03-12 14:40:40,042 - INFO - Epoch 267/500, Loss: 0.1772, Training Accuracy:  0.9645, Validation Accuracy:  0.8738
2025-03-12 14:40:46,188 - INFO - Epoch 268/500, Loss: 0.5522, Training Accuracy:  0.9603, Validation Accuracy:  0.8686
2025-03-12 14:40:52,152 - INFO - Epoch 269/500, Loss: 0.0267, Training Accuracy:  0.9501, Validation Accuracy:  0.8653
2025-03-12 14:40:57,982 - INFO - Epoch 270/500, Loss: 0.8635, Training Accuracy:  0.9411, Validation Accuracy:  0.8762
2025-03-12 14:41:04,083 - INFO - Epoch 271/500, Loss: 0.8039, Training Accuracy:  0.9654, Validation Accuracy:  0.8721
2025-03-12 14:41:10,777 - INFO - Epoch 272/500, Loss: 1.0949, Training Accuracy:  0.9712, Validation Accuracy:  0.8768
2025-03-12 14:41:16,912 - INFO - Epoch 273/500, Loss: 0.7693, Training Accuracy:  0.9648, Validation Accuracy:  0.8669
2025-03-12 14:41:22,926 - INFO - Epoch 274/500, Loss: 0.8156, Training Accuracy:  0.9594, Validation Accuracy:  0.8666
2025-03-12 14:41:29,485 - INFO - Epoch 275/500, Loss: 0.4518, Training Accuracy:  0.9602, Validation Accuracy:  0.8699
2025-03-12 14:41:35,909 - INFO - Epoch 276/500, Loss: 1.1507, Training Accuracy:  0.9658, Validation Accuracy:  0.8691
2025-03-12 14:41:42,369 - INFO - Epoch 277/500, Loss: 0.2270, Training Accuracy:  0.9647, Validation Accuracy:  0.8658
2025-03-12 14:41:48,672 - INFO - Epoch 278/500, Loss: 0.3774, Training Accuracy:  0.9501, Validation Accuracy:  0.8641
2025-03-12 14:41:54,702 - INFO - Epoch 279/500, Loss: 0.1366, Training Accuracy:  0.9644, Validation Accuracy:  0.8708
2025-03-12 14:42:00,320 - INFO - Epoch 280/500, Loss: 1.0668, Training Accuracy:  0.9653, Validation Accuracy:  0.8685
2025-03-12 14:42:06,396 - INFO - Epoch 281/500, Loss: 0.2764, Training Accuracy:  0.9593, Validation Accuracy:  0.8622
2025-03-12 14:42:12,690 - INFO - Epoch 282/500, Loss: 0.2799, Training Accuracy:  0.9618, Validation Accuracy:  0.8656
2025-03-12 14:42:18,684 - INFO - Epoch 283/500, Loss: 0.3977, Training Accuracy:  0.9597, Validation Accuracy:  0.8461
2025-03-12 14:42:25,046 - INFO - Epoch 284/500, Loss: 0.4787, Training Accuracy:  0.9620, Validation Accuracy:  0.8693
2025-03-12 14:42:31,337 - INFO - Epoch 285/500, Loss: 0.6324, Training Accuracy:  0.9611, Validation Accuracy:  0.8601
2025-03-12 14:42:37,127 - INFO - Epoch 286/500, Loss: 1.0616, Training Accuracy:  0.9598, Validation Accuracy:  0.8638
2025-03-12 14:42:43,095 - INFO - Epoch 287/500, Loss: 0.3563, Training Accuracy:  0.9646, Validation Accuracy:  0.8779
2025-03-12 14:42:48,726 - INFO - Epoch 288/500, Loss: 0.2822, Training Accuracy:  0.9694, Validation Accuracy:  0.8674
2025-03-12 14:42:54,545 - INFO - Epoch 289/500, Loss: 0.1194, Training Accuracy:  0.9590, Validation Accuracy:  0.8669
2025-03-12 14:43:00,226 - INFO - Epoch 290/500, Loss: 0.8060, Training Accuracy:  0.9585, Validation Accuracy:  0.8669
2025-03-12 14:43:06,430 - INFO - Epoch 291/500, Loss: 0.1772, Training Accuracy:  0.9555, Validation Accuracy:  0.8653
2025-03-12 14:43:12,761 - INFO - Epoch 292/500, Loss: 0.3359, Training Accuracy:  0.9532, Validation Accuracy:  0.8696
2025-03-12 14:43:19,137 - INFO - Epoch 293/500, Loss: 0.2106, Training Accuracy:  0.9617, Validation Accuracy:  0.8705
2025-03-12 14:43:25,536 - INFO - Epoch 294/500, Loss: 0.4990, Training Accuracy:  0.9752, Validation Accuracy:  0.8825
2025-03-12 14:43:31,954 - INFO - Epoch 295/500, Loss: 0.4784, Training Accuracy:  0.9690, Validation Accuracy:  0.8589
2025-03-12 14:43:38,444 - INFO - Epoch 296/500, Loss: 0.7505, Training Accuracy:  0.9541, Validation Accuracy:  0.8682
2025-03-12 14:43:45,248 - INFO - Epoch 297/500, Loss: 0.7017, Training Accuracy:  0.9595, Validation Accuracy:  0.8745
2025-03-12 14:43:51,823 - INFO - Epoch 298/500, Loss: 0.3305, Training Accuracy:  0.9670, Validation Accuracy:  0.8749
2025-03-12 14:43:57,715 - INFO - Epoch 299/500, Loss: 0.0561, Training Accuracy:  0.9558, Validation Accuracy:  0.8743
2025-03-12 14:44:04,606 - INFO - Epoch 300/500, Loss: 0.1116, Training Accuracy:  0.9607, Validation Accuracy:  0.8590
2025-03-12 14:44:10,830 - INFO - Epoch 301/500, Loss: 1.0505, Training Accuracy:  0.9544, Validation Accuracy:  0.8666
2025-03-12 14:44:17,349 - INFO - Epoch 302/500, Loss: 0.1597, Training Accuracy:  0.9652, Validation Accuracy:  0.8746
2025-03-12 14:44:23,691 - INFO - Epoch 303/500, Loss: 0.3844, Training Accuracy:  0.9681, Validation Accuracy:  0.8732
2025-03-12 14:44:29,758 - INFO - Epoch 304/500, Loss: 0.8897, Training Accuracy:  0.9638, Validation Accuracy:  0.8740
2025-03-12 14:44:36,106 - INFO - Epoch 305/500, Loss: 0.6008, Training Accuracy:  0.9536, Validation Accuracy:  0.8718
2025-03-12 14:44:42,538 - INFO - Epoch 306/500, Loss: 0.9854, Training Accuracy:  0.9631, Validation Accuracy:  0.8707
2025-03-12 14:44:49,133 - INFO - Epoch 307/500, Loss: 0.1390, Training Accuracy:  0.9644, Validation Accuracy:  0.8746
2025-03-12 14:44:55,399 - INFO - Epoch 308/500, Loss: 0.7668, Training Accuracy:  0.9629, Validation Accuracy:  0.8751
2025-03-12 14:45:01,665 - INFO - Epoch 309/500, Loss: 0.1063, Training Accuracy:  0.9639, Validation Accuracy:  0.8787
2025-03-12 14:45:07,770 - INFO - Epoch 310/500, Loss: 1.1436, Training Accuracy:  0.9536, Validation Accuracy:  0.8664
2025-03-12 14:45:14,176 - INFO - Epoch 311/500, Loss: 0.4858, Training Accuracy:  0.9609, Validation Accuracy:  0.8753
2025-03-12 14:45:20,196 - INFO - Epoch 312/500, Loss: 0.0998, Training Accuracy:  0.9633, Validation Accuracy:  0.8748
2025-03-12 14:45:25,875 - INFO - Epoch 313/500, Loss: 1.0282, Training Accuracy:  0.9688, Validation Accuracy:  0.8776
2025-03-12 14:45:31,434 - INFO - Epoch 314/500, Loss: 0.5059, Training Accuracy:  0.9650, Validation Accuracy:  0.8675
2025-03-12 14:45:38,121 - INFO - Epoch 315/500, Loss: 0.0995, Training Accuracy:  0.9566, Validation Accuracy:  0.8696
2025-03-12 14:45:44,748 - INFO - Epoch 316/500, Loss: 0.8982, Training Accuracy:  0.9615, Validation Accuracy:  0.8661
2025-03-12 14:45:51,676 - INFO - Epoch 317/500, Loss: 0.4849, Training Accuracy:  0.9658, Validation Accuracy:  0.8790
2025-03-12 14:45:57,860 - INFO - Epoch 318/500, Loss: 1.6215, Training Accuracy:  0.9692, Validation Accuracy:  0.8794
2025-03-12 14:46:04,897 - INFO - Epoch 319/500, Loss: 1.3032, Training Accuracy:  0.9555, Validation Accuracy:  0.8724
2025-03-12 14:46:11,152 - INFO - Epoch 320/500, Loss: 0.8157, Training Accuracy:  0.9627, Validation Accuracy:  0.8792
2025-03-12 14:46:17,047 - INFO - Epoch 321/500, Loss: 0.5433, Training Accuracy:  0.9610, Validation Accuracy:  0.8839
2025-03-12 14:46:23,054 - INFO - Epoch 322/500, Loss: 0.5305, Training Accuracy:  0.9559, Validation Accuracy:  0.8795
2025-03-12 14:46:28,972 - INFO - Epoch 323/500, Loss: 0.7683, Training Accuracy:  0.9690, Validation Accuracy:  0.8737
2025-03-12 14:46:35,073 - INFO - Epoch 324/500, Loss: 0.9570, Training Accuracy:  0.9702, Validation Accuracy:  0.8805
2025-03-12 14:46:41,208 - INFO - Epoch 325/500, Loss: 0.4676, Training Accuracy:  0.9529, Validation Accuracy:  0.8693
2025-03-12 14:46:46,999 - INFO - Epoch 326/500, Loss: 0.5541, Training Accuracy:  0.9643, Validation Accuracy:  0.8834
2025-03-12 14:46:53,321 - INFO - Epoch 327/500, Loss: 0.0943, Training Accuracy:  0.9699, Validation Accuracy:  0.8696
2025-03-12 14:46:59,687 - INFO - Epoch 328/500, Loss: 0.8054, Training Accuracy:  0.9619, Validation Accuracy:  0.8792
2025-03-12 14:47:05,982 - INFO - Epoch 329/500, Loss: 0.1035, Training Accuracy:  0.9559, Validation Accuracy:  0.8672
2025-03-12 14:47:12,542 - INFO - Epoch 330/500, Loss: 0.9628, Training Accuracy:  0.9690, Validation Accuracy:  0.8808
2025-03-12 14:47:19,063 - INFO - Epoch 331/500, Loss: 0.1540, Training Accuracy:  0.9688, Validation Accuracy:  0.8781
2025-03-12 14:47:25,066 - INFO - Epoch 332/500, Loss: 0.2635, Training Accuracy:  0.9607, Validation Accuracy:  0.8869
2025-03-12 14:47:31,229 - INFO - Epoch 333/500, Loss: 0.5002, Training Accuracy:  0.9535, Validation Accuracy:  0.8828
2025-03-12 14:47:37,077 - INFO - Epoch 334/500, Loss: 0.5106, Training Accuracy:  0.9629, Validation Accuracy:  0.8726
2025-03-12 14:47:42,652 - INFO - Epoch 335/500, Loss: 1.4624, Training Accuracy:  0.9676, Validation Accuracy:  0.8787
2025-03-12 14:47:48,584 - INFO - Epoch 336/500, Loss: 0.3612, Training Accuracy:  0.9647, Validation Accuracy:  0.8781
2025-03-12 14:47:54,508 - INFO - Epoch 337/500, Loss: 0.4999, Training Accuracy:  0.9617, Validation Accuracy:  0.8861
2025-03-12 14:48:00,985 - INFO - Epoch 338/500, Loss: 0.9199, Training Accuracy:  0.9655, Validation Accuracy:  0.8800
2025-03-12 14:48:06,995 - INFO - Epoch 339/500, Loss: 0.2292, Training Accuracy:  0.9706, Validation Accuracy:  0.8787
2025-03-12 14:48:12,988 - INFO - Epoch 340/500, Loss: 0.7874, Training Accuracy:  0.9611, Validation Accuracy:  0.8724
2025-03-12 14:48:18,709 - INFO - Epoch 341/500, Loss: 0.5934, Training Accuracy:  0.9627, Validation Accuracy:  0.8789
2025-03-12 14:48:24,897 - INFO - Epoch 342/500, Loss: 0.4814, Training Accuracy:  0.9642, Validation Accuracy:  0.8795
2025-03-12 14:48:31,238 - INFO - Epoch 343/500, Loss: 0.0316, Training Accuracy:  0.9592, Validation Accuracy:  0.8800
2025-03-12 14:48:36,846 - INFO - Epoch 344/500, Loss: 0.7967, Training Accuracy:  0.9605, Validation Accuracy:  0.8787
2025-03-12 14:48:42,479 - INFO - Epoch 345/500, Loss: 0.2099, Training Accuracy:  0.9699, Validation Accuracy:  0.8874
2025-03-12 14:48:48,214 - INFO - Epoch 346/500, Loss: 0.4970, Training Accuracy:  0.9669, Validation Accuracy:  0.8798
2025-03-12 14:48:54,368 - INFO - Epoch 347/500, Loss: 0.5575, Training Accuracy:  0.9609, Validation Accuracy:  0.8738
2025-03-12 14:49:00,532 - INFO - Epoch 348/500, Loss: 0.1449, Training Accuracy:  0.9621, Validation Accuracy:  0.8690
2025-03-12 14:49:06,624 - INFO - Epoch 349/500, Loss: 0.1584, Training Accuracy:  0.9612, Validation Accuracy:  0.8691
2025-03-12 14:49:12,562 - INFO - Epoch 350/500, Loss: 0.0048, Training Accuracy:  0.9632, Validation Accuracy:  0.8897
2025-03-12 14:49:20,028 - INFO - Epoch 351/500, Loss: 0.0293, Training Accuracy:  0.9708, Validation Accuracy:  0.8864
2025-03-12 14:49:26,219 - INFO - Epoch 352/500, Loss: 0.3138, Training Accuracy:  0.9664, Validation Accuracy:  0.8771
2025-03-12 14:49:32,321 - INFO - Epoch 353/500, Loss: 0.3455, Training Accuracy:  0.9544, Validation Accuracy:  0.8668
2025-03-12 14:49:38,240 - INFO - Epoch 354/500, Loss: 0.0895, Training Accuracy:  0.9602, Validation Accuracy:  0.8828
2025-03-12 14:49:44,580 - INFO - Epoch 355/500, Loss: 0.0080, Training Accuracy:  0.9696, Validation Accuracy:  0.8904
2025-03-12 14:49:50,814 - INFO - Epoch 356/500, Loss: 0.0672, Training Accuracy:  0.9729, Validation Accuracy:  0.8902
2025-03-12 14:49:56,601 - INFO - Epoch 357/500, Loss: 0.5229, Training Accuracy:  0.9683, Validation Accuracy:  0.8738
2025-03-12 14:50:03,060 - INFO - Epoch 358/500, Loss: 0.1335, Training Accuracy:  0.9567, Validation Accuracy:  0.8586
2025-03-12 14:50:09,503 - INFO - Epoch 359/500, Loss: 0.3318, Training Accuracy:  0.9546, Validation Accuracy:  0.8664
2025-03-12 14:50:16,130 - INFO - Epoch 360/500, Loss: 0.4046, Training Accuracy:  0.9641, Validation Accuracy:  0.8844
2025-03-12 14:50:21,601 - INFO - Epoch 361/500, Loss: 0.3211, Training Accuracy:  0.9703, Validation Accuracy:  0.8778
2025-03-12 14:50:27,262 - INFO - Epoch 362/500, Loss: 1.5845, Training Accuracy:  0.9624, Validation Accuracy:  0.8757
2025-03-12 14:50:33,092 - INFO - Epoch 363/500, Loss: 0.4926, Training Accuracy:  0.9638, Validation Accuracy:  0.8896
2025-03-12 14:50:39,298 - INFO - Epoch 364/500, Loss: 0.2130, Training Accuracy:  0.9704, Validation Accuracy:  0.8768
2025-03-12 14:50:45,864 - INFO - Epoch 365/500, Loss: 0.3027, Training Accuracy:  0.9700, Validation Accuracy:  0.8816
2025-03-12 14:50:52,584 - INFO - Epoch 366/500, Loss: 0.3999, Training Accuracy:  0.9622, Validation Accuracy:  0.8647
2025-03-12 14:50:59,213 - INFO - Epoch 367/500, Loss: 0.4852, Training Accuracy:  0.9596, Validation Accuracy:  0.8746
2025-03-12 14:51:05,519 - INFO - Epoch 368/500, Loss: 0.3151, Training Accuracy:  0.9642, Validation Accuracy:  0.8894
2025-03-12 14:51:12,281 - INFO - Epoch 369/500, Loss: 0.1204, Training Accuracy:  0.9668, Validation Accuracy:  0.8756
2025-03-12 14:51:19,144 - INFO - Epoch 370/500, Loss: 0.1109, Training Accuracy:  0.9667, Validation Accuracy:  0.8842
2025-03-12 14:51:25,309 - INFO - Epoch 371/500, Loss: 0.4615, Training Accuracy:  0.9654, Validation Accuracy:  0.8845
2025-03-12 14:51:31,794 - INFO - Epoch 372/500, Loss: 0.2078, Training Accuracy:  0.9656, Validation Accuracy:  0.8797
2025-03-12 14:51:38,231 - INFO - Epoch 373/500, Loss: 0.1384, Training Accuracy:  0.9602, Validation Accuracy:  0.8850
2025-03-12 14:51:44,515 - INFO - Epoch 374/500, Loss: 0.8948, Training Accuracy:  0.9582, Validation Accuracy:  0.8828
2025-03-12 14:51:51,528 - INFO - Epoch 375/500, Loss: 0.0206, Training Accuracy:  0.9706, Validation Accuracy:  0.8822
2025-03-12 14:51:57,735 - INFO - Epoch 376/500, Loss: 0.0048, Training Accuracy:  0.9644, Validation Accuracy:  0.8771
2025-03-12 14:52:04,309 - INFO - Epoch 377/500, Loss: 0.4010, Training Accuracy:  0.9652, Validation Accuracy:  0.8661
2025-03-12 14:52:10,198 - INFO - Epoch 378/500, Loss: 0.3494, Training Accuracy:  0.9671, Validation Accuracy:  0.8913
2025-03-12 14:52:17,079 - INFO - Epoch 379/500, Loss: 0.2853, Training Accuracy:  0.9663, Validation Accuracy:  0.8776
2025-03-12 14:52:23,617 - INFO - Epoch 380/500, Loss: 0.6111, Training Accuracy:  0.9688, Validation Accuracy:  0.8806
2025-03-12 14:52:29,589 - INFO - Epoch 381/500, Loss: 0.9080, Training Accuracy:  0.9599, Validation Accuracy:  0.8677
2025-03-12 14:52:36,091 - INFO - Epoch 382/500, Loss: 1.3538, Training Accuracy:  0.9627, Validation Accuracy:  0.8746
2025-03-12 14:52:42,652 - INFO - Epoch 383/500, Loss: 0.7190, Training Accuracy:  0.9641, Validation Accuracy:  0.8806
2025-03-12 14:52:48,363 - INFO - Epoch 384/500, Loss: 2.0129, Training Accuracy:  0.9671, Validation Accuracy:  0.8894
2025-03-12 14:52:54,089 - INFO - Epoch 385/500, Loss: 0.3958, Training Accuracy:  0.9667, Validation Accuracy:  0.8794
2025-03-12 14:53:00,370 - INFO - Epoch 386/500, Loss: 0.1105, Training Accuracy:  0.9579, Validation Accuracy:  0.8890
2025-03-12 14:53:06,725 - INFO - Epoch 387/500, Loss: 0.1901, Training Accuracy:  0.9586, Validation Accuracy:  0.8883
2025-03-12 14:53:12,853 - INFO - Epoch 388/500, Loss: 0.3428, Training Accuracy:  0.9740, Validation Accuracy:  0.8805
2025-03-12 14:53:19,926 - INFO - Epoch 389/500, Loss: 0.3987, Training Accuracy:  0.9642, Validation Accuracy:  0.8866
2025-03-12 14:53:26,114 - INFO - Epoch 390/500, Loss: 0.4676, Training Accuracy:  0.9629, Validation Accuracy:  0.8844
2025-03-12 14:53:32,245 - INFO - Epoch 391/500, Loss: 0.3752, Training Accuracy:  0.9735, Validation Accuracy:  0.8823
2025-03-12 14:53:38,853 - INFO - Epoch 392/500, Loss: 0.4864, Training Accuracy:  0.9600, Validation Accuracy:  0.8812
2025-03-12 14:53:44,499 - INFO - Epoch 393/500, Loss: 1.0924, Training Accuracy:  0.9671, Validation Accuracy:  0.8764
2025-03-12 14:53:50,202 - INFO - Epoch 394/500, Loss: 0.3779, Training Accuracy:  0.9640, Validation Accuracy:  0.8838
2025-03-12 14:53:56,414 - INFO - Epoch 395/500, Loss: 0.3274, Training Accuracy:  0.9670, Validation Accuracy:  0.8686
2025-03-12 14:54:02,281 - INFO - Epoch 396/500, Loss: 0.6010, Training Accuracy:  0.9661, Validation Accuracy:  0.8850
2025-03-12 14:54:08,535 - INFO - Epoch 397/500, Loss: 0.1137, Training Accuracy:  0.9683, Validation Accuracy:  0.8866
2025-03-12 14:54:14,519 - INFO - Epoch 398/500, Loss: 0.0644, Training Accuracy:  0.9680, Validation Accuracy:  0.8778
2025-03-12 14:54:20,608 - INFO - Epoch 399/500, Loss: 0.8359, Training Accuracy:  0.9582, Validation Accuracy:  0.8636
2025-03-12 14:54:27,298 - INFO - Epoch 400/500, Loss: 0.8725, Training Accuracy:  0.9506, Validation Accuracy:  0.8710
2025-03-12 14:54:34,299 - INFO - Epoch 401/500, Loss: 0.0171, Training Accuracy:  0.9679, Validation Accuracy:  0.8918
2025-03-12 14:54:40,785 - INFO - Epoch 402/500, Loss: 0.4563, Training Accuracy:  0.9718, Validation Accuracy:  0.8920
2025-03-12 14:54:47,874 - INFO - Epoch 403/500, Loss: 0.6700, Training Accuracy:  0.9678, Validation Accuracy:  0.8830
2025-03-12 14:54:54,296 - INFO - Epoch 404/500, Loss: 1.3606, Training Accuracy:  0.9697, Validation Accuracy:  0.8808
2025-03-12 14:55:00,603 - INFO - Epoch 405/500, Loss: 0.0739, Training Accuracy:  0.9638, Validation Accuracy:  0.8880
2025-03-12 14:55:06,908 - INFO - Epoch 406/500, Loss: 1.1032, Training Accuracy:  0.9684, Validation Accuracy:  0.8879
2025-03-12 14:55:13,864 - INFO - Epoch 407/500, Loss: 0.8069, Training Accuracy:  0.9642, Validation Accuracy:  0.8666
2025-03-12 14:55:20,581 - INFO - Epoch 408/500, Loss: 0.6728, Training Accuracy:  0.9576, Validation Accuracy:  0.8828
2025-03-12 14:55:26,439 - INFO - Epoch 409/500, Loss: 0.0983, Training Accuracy:  0.9650, Validation Accuracy:  0.8897
2025-03-12 14:55:32,330 - INFO - Epoch 410/500, Loss: 0.0177, Training Accuracy:  0.9769, Validation Accuracy:  0.8847
2025-03-12 14:55:38,553 - INFO - Epoch 411/500, Loss: 0.0269, Training Accuracy:  0.9590, Validation Accuracy:  0.8830
2025-03-12 14:55:44,450 - INFO - Epoch 412/500, Loss: 0.3470, Training Accuracy:  0.9675, Validation Accuracy:  0.8935
2025-03-12 14:55:49,970 - INFO - Epoch 413/500, Loss: 0.0846, Training Accuracy:  0.9691, Validation Accuracy:  0.8948
2025-03-12 14:55:56,300 - INFO - Epoch 414/500, Loss: 0.4648, Training Accuracy:  0.9627, Validation Accuracy:  0.8855
2025-03-12 14:56:02,755 - INFO - Epoch 415/500, Loss: 0.8557, Training Accuracy:  0.9482, Validation Accuracy:  0.8847
2025-03-12 14:56:08,494 - INFO - Epoch 416/500, Loss: 0.0636, Training Accuracy:  0.9644, Validation Accuracy:  0.8960
2025-03-12 14:56:14,943 - INFO - Epoch 417/500, Loss: 0.1623, Training Accuracy:  0.9719, Validation Accuracy:  0.8934
2025-03-12 14:56:21,350 - INFO - Epoch 418/500, Loss: 0.3330, Training Accuracy:  0.9772, Validation Accuracy:  0.8975
2025-03-12 14:56:27,340 - INFO - Epoch 419/500, Loss: 1.0035, Training Accuracy:  0.9594, Validation Accuracy:  0.8838
2025-03-12 14:56:33,696 - INFO - Epoch 420/500, Loss: 0.0790, Training Accuracy:  0.9658, Validation Accuracy:  0.8981
2025-03-12 14:56:39,963 - INFO - Epoch 421/500, Loss: 0.0452, Training Accuracy:  0.9698, Validation Accuracy:  0.8948
2025-03-12 14:56:45,706 - INFO - Epoch 422/500, Loss: 0.0440, Training Accuracy:  0.9653, Validation Accuracy:  0.8849
2025-03-12 14:56:52,647 - INFO - Epoch 423/500, Loss: 0.0331, Training Accuracy:  0.9581, Validation Accuracy:  0.8724
2025-03-12 14:56:58,548 - INFO - Epoch 424/500, Loss: 0.3690, Training Accuracy:  0.9690, Validation Accuracy:  0.8901
2025-03-12 14:57:05,264 - INFO - Epoch 425/500, Loss: 0.0240, Training Accuracy:  0.9679, Validation Accuracy:  0.8967
2025-03-12 14:57:11,563 - INFO - Epoch 426/500, Loss: 1.0993, Training Accuracy:  0.9613, Validation Accuracy:  0.8795
2025-03-12 14:57:18,130 - INFO - Epoch 427/500, Loss: 0.4641, Training Accuracy:  0.9662, Validation Accuracy:  0.8828
2025-03-12 14:57:24,273 - INFO - Epoch 428/500, Loss: 0.3983, Training Accuracy:  0.9665, Validation Accuracy:  0.8967
2025-03-12 14:57:29,979 - INFO - Epoch 429/500, Loss: 0.5900, Training Accuracy:  0.9682, Validation Accuracy:  0.8820
2025-03-12 14:57:36,440 - INFO - Epoch 430/500, Loss: 0.2880, Training Accuracy:  0.9650, Validation Accuracy:  0.8822
2025-03-12 14:57:42,671 - INFO - Epoch 431/500, Loss: 0.7726, Training Accuracy:  0.9745, Validation Accuracy:  0.8913
2025-03-12 14:57:48,454 - INFO - Epoch 432/500, Loss: 0.3396, Training Accuracy:  0.9501, Validation Accuracy:  0.8834
2025-03-12 14:57:54,315 - INFO - Epoch 433/500, Loss: 0.3363, Training Accuracy:  0.9708, Validation Accuracy:  0.8899
2025-03-12 14:58:00,707 - INFO - Epoch 434/500, Loss: 0.3814, Training Accuracy:  0.9681, Validation Accuracy:  0.8918
2025-03-12 14:58:07,299 - INFO - Epoch 435/500, Loss: 0.1437, Training Accuracy:  0.9704, Validation Accuracy:  0.8831
2025-03-12 14:58:13,890 - INFO - Epoch 436/500, Loss: 0.2750, Training Accuracy:  0.9381, Validation Accuracy:  0.8874
2025-03-12 14:58:20,146 - INFO - Epoch 437/500, Loss: 0.2187, Training Accuracy:  0.9736, Validation Accuracy:  0.9016
2025-03-12 14:58:26,082 - INFO - Epoch 438/500, Loss: 0.3785, Training Accuracy:  0.9796, Validation Accuracy:  0.8899
2025-03-12 14:58:31,817 - INFO - Epoch 439/500, Loss: 0.1906, Training Accuracy:  0.9623, Validation Accuracy:  0.8940
2025-03-12 14:58:38,088 - INFO - Epoch 440/500, Loss: 0.1982, Training Accuracy:  0.9695, Validation Accuracy:  0.8833
2025-03-12 14:58:43,900 - INFO - Epoch 441/500, Loss: 0.6260, Training Accuracy:  0.9677, Validation Accuracy:  0.8844
2025-03-12 14:58:49,770 - INFO - Epoch 442/500, Loss: 0.7329, Training Accuracy:  0.9490, Validation Accuracy:  0.8879
2025-03-12 14:58:55,772 - INFO - Epoch 443/500, Loss: 0.0937, Training Accuracy:  0.9688, Validation Accuracy:  0.8956
2025-03-12 14:59:02,276 - INFO - Epoch 444/500, Loss: 0.2975, Training Accuracy:  0.9700, Validation Accuracy:  0.8945
2025-03-12 14:59:08,197 - INFO - Epoch 445/500, Loss: 0.5416, Training Accuracy:  0.9699, Validation Accuracy:  0.8970
2025-03-12 14:59:14,606 - INFO - Epoch 446/500, Loss: 0.6037, Training Accuracy:  0.9640, Validation Accuracy:  0.8808
2025-03-12 14:59:20,808 - INFO - Epoch 447/500, Loss: 1.1761, Training Accuracy:  0.9626, Validation Accuracy:  0.8760
2025-03-12 14:59:27,235 - INFO - Epoch 448/500, Loss: 0.5586, Training Accuracy:  0.9735, Validation Accuracy:  0.8990
2025-03-12 14:59:34,087 - INFO - Epoch 449/500, Loss: 0.4479, Training Accuracy:  0.9664, Validation Accuracy:  0.8803
2025-03-12 14:59:40,665 - INFO - Epoch 450/500, Loss: 0.5892, Training Accuracy:  0.9673, Validation Accuracy:  0.8838
2025-03-12 14:59:47,079 - INFO - Epoch 451/500, Loss: 1.1011, Training Accuracy:  0.9598, Validation Accuracy:  0.8809
2025-03-12 14:59:53,230 - INFO - Epoch 452/500, Loss: 0.3812, Training Accuracy:  0.9651, Validation Accuracy:  0.8880
2025-03-12 14:59:59,680 - INFO - Epoch 453/500, Loss: 1.5562, Training Accuracy:  0.9684, Validation Accuracy:  0.8894
2025-03-12 15:00:06,678 - INFO - Epoch 454/500, Loss: 0.8935, Training Accuracy:  0.9718, Validation Accuracy:  0.9001
2025-03-12 15:00:13,275 - INFO - Epoch 455/500, Loss: 1.3128, Training Accuracy:  0.9684, Validation Accuracy:  0.8789
2025-03-12 15:00:20,045 - INFO - Epoch 456/500, Loss: 2.0251, Training Accuracy:  0.9648, Validation Accuracy:  0.8880
2025-03-12 15:00:26,499 - INFO - Epoch 457/500, Loss: 2.0099, Training Accuracy:  0.9692, Validation Accuracy:  0.8890
2025-03-12 15:00:32,180 - INFO - Epoch 458/500, Loss: 0.9072, Training Accuracy:  0.9681, Validation Accuracy:  0.8827
2025-03-12 15:00:39,067 - INFO - Epoch 459/500, Loss: 0.5224, Training Accuracy:  0.9582, Validation Accuracy:  0.8833
2025-03-12 15:00:45,239 - INFO - Epoch 460/500, Loss: 0.1969, Training Accuracy:  0.9520, Validation Accuracy:  0.8767
2025-03-12 15:00:52,241 - INFO - Epoch 461/500, Loss: 0.4164, Training Accuracy:  0.9685, Validation Accuracy:  0.8805
2025-03-12 15:00:58,795 - INFO - Epoch 462/500, Loss: 0.2286, Training Accuracy:  0.9762, Validation Accuracy:  0.9003
2025-03-12 15:01:05,422 - INFO - Epoch 463/500, Loss: 0.6541, Training Accuracy:  0.9739, Validation Accuracy:  0.8864
2025-03-12 15:01:11,678 - INFO - Epoch 464/500, Loss: 0.3808, Training Accuracy:  0.9507, Validation Accuracy:  0.8861
2025-03-12 15:01:18,377 - INFO - Epoch 465/500, Loss: 1.6025, Training Accuracy:  0.9680, Validation Accuracy:  0.8828
2025-03-12 15:01:24,823 - INFO - Epoch 466/500, Loss: 0.7377, Training Accuracy:  0.9677, Validation Accuracy:  0.9038
2025-03-12 15:01:30,726 - INFO - Epoch 467/500, Loss: 0.9990, Training Accuracy:  0.9785, Validation Accuracy:  0.8874
2025-03-12 15:01:36,857 - INFO - Epoch 468/500, Loss: 0.7807, Training Accuracy:  0.9538, Validation Accuracy:  0.8896
2025-03-12 15:01:43,907 - INFO - Epoch 469/500, Loss: 1.1826, Training Accuracy:  0.9671, Validation Accuracy:  0.8868
2025-03-12 15:01:49,993 - INFO - Epoch 470/500, Loss: 0.3474, Training Accuracy:  0.9771, Validation Accuracy:  0.9036
2025-03-12 15:01:55,895 - INFO - Epoch 471/500, Loss: 0.9555, Training Accuracy:  0.9708, Validation Accuracy:  0.8890
2025-03-12 15:02:02,661 - INFO - Epoch 472/500, Loss: 1.1018, Training Accuracy:  0.9612, Validation Accuracy:  0.8595
2025-03-12 15:02:09,350 - INFO - Epoch 473/500, Loss: 0.3999, Training Accuracy:  0.9558, Validation Accuracy:  0.8820
2025-03-12 15:02:15,619 - INFO - Epoch 474/500, Loss: 0.4647, Training Accuracy:  0.9722, Validation Accuracy:  0.8842
2025-03-12 15:02:21,965 - INFO - Epoch 475/500, Loss: 0.3189, Training Accuracy:  0.9721, Validation Accuracy:  0.8949
2025-03-12 15:02:28,010 - INFO - Epoch 476/500, Loss: 0.0360, Training Accuracy:  0.9702, Validation Accuracy:  0.8965
2025-03-12 15:02:33,942 - INFO - Epoch 477/500, Loss: 0.1698, Training Accuracy:  0.9689, Validation Accuracy:  0.8868
2025-03-12 15:02:40,124 - INFO - Epoch 478/500, Loss: 0.4091, Training Accuracy:  0.9589, Validation Accuracy:  0.8806
2025-03-12 15:02:46,751 - INFO - Epoch 479/500, Loss: 0.6758, Training Accuracy:  0.9600, Validation Accuracy:  0.8781
2025-03-12 15:02:53,088 - INFO - Epoch 480/500, Loss: 0.0364, Training Accuracy:  0.9697, Validation Accuracy:  0.8912
2025-03-12 15:02:58,933 - INFO - Epoch 481/500, Loss: 0.0709, Training Accuracy:  0.9739, Validation Accuracy:  0.8893
2025-03-12 15:03:05,336 - INFO - Epoch 482/500, Loss: 0.0126, Training Accuracy:  0.9673, Validation Accuracy:  0.9038
2025-03-12 15:03:11,446 - INFO - Epoch 483/500, Loss: 0.2196, Training Accuracy:  0.9671, Validation Accuracy:  0.8860
2025-03-12 15:03:17,561 - INFO - Epoch 484/500, Loss: 1.2696, Training Accuracy:  0.9669, Validation Accuracy:  0.8908
2025-03-12 15:03:23,801 - INFO - Epoch 485/500, Loss: 0.3959, Training Accuracy:  0.9670, Validation Accuracy:  0.8953
2025-03-12 15:03:29,697 - INFO - Epoch 486/500, Loss: 0.3846, Training Accuracy:  0.9673, Validation Accuracy:  0.8901
2025-03-12 15:03:35,905 - INFO - Epoch 487/500, Loss: 0.1701, Training Accuracy:  0.9692, Validation Accuracy:  0.8874
2025-03-12 15:03:42,531 - INFO - Epoch 488/500, Loss: 0.0220, Training Accuracy:  0.9676, Validation Accuracy:  0.8894
2025-03-12 15:03:48,893 - INFO - Epoch 489/500, Loss: 0.3040, Training Accuracy:  0.9658, Validation Accuracy:  0.8905
2025-03-12 15:03:55,675 - INFO - Epoch 490/500, Loss: 0.3767, Training Accuracy:  0.9670, Validation Accuracy:  0.8910
2025-03-12 15:04:01,769 - INFO - Epoch 491/500, Loss: 0.5171, Training Accuracy:  0.9654, Validation Accuracy:  0.8886
2025-03-12 15:04:08,048 - INFO - Epoch 492/500, Loss: 0.7965, Training Accuracy:  0.9638, Validation Accuracy:  0.8891
2025-03-12 15:04:13,918 - INFO - Epoch 493/500, Loss: 0.1557, Training Accuracy:  0.9690, Validation Accuracy:  0.8973
2025-03-12 15:04:20,548 - INFO - Epoch 494/500, Loss: 0.4503, Training Accuracy:  0.9669, Validation Accuracy:  0.8953
2025-03-12 15:04:26,542 - INFO - Epoch 495/500, Loss: 0.2554, Training Accuracy:  0.9703, Validation Accuracy:  0.8874
2025-03-12 15:04:32,166 - INFO - Epoch 496/500, Loss: 0.3322, Training Accuracy:  0.9634, Validation Accuracy:  0.8916
2025-03-12 15:04:37,980 - INFO - Epoch 497/500, Loss: 0.1509, Training Accuracy:  0.9704, Validation Accuracy:  0.8907
2025-03-12 15:04:44,843 - INFO - Epoch 498/500, Loss: 0.4076, Training Accuracy:  0.9681, Validation Accuracy:  0.8828
2025-03-12 15:04:51,027 - INFO - Epoch 499/500, Loss: 0.5051, Training Accuracy:  0.9634, Validation Accuracy:  0.8871
2025-03-12 15:04:57,791 - INFO - Epoch 500/500, Loss: 0.0840, Training Accuracy:  0.9617, Validation Accuracy:  0.8981
2025-03-12 15:04:57,792 - INFO - Training finished
