2025-03-12 10:31:27,901 - INFO - LSTM_divided(
  (lstm_pose): LSTM(132, 128, num_layers=4, batch_first=True, dropout=0.5)
  (lstm_hands): LSTM(126, 128, num_layers=4, batch_first=True, dropout=0.5)
  (dense1): Linear(in_features=128, out_features=128, bias=True)
  (dense2): Linear(in_features=256, out_features=256, bias=True)
  (dense_out): Linear(in_features=256, out_features=300, bias=True)
  (relu): ReLU()
  (softmax): Softmax(dim=2)
)
2025-03-12 10:31:28,111 - INFO - Training started
2025-03-12 10:31:37,209 - INFO - Epoch 1/500, Loss: 5.6687, Training Accuracy:  0.0042, Validation Accuracy:  0.0054
2025-03-12 10:31:45,421 - INFO - Epoch 2/500, Loss: 5.2863, Training Accuracy:  0.0075, Validation Accuracy:  0.0170
2025-03-12 10:31:53,341 - INFO - Epoch 3/500, Loss: 5.0820, Training Accuracy:  0.0160, Validation Accuracy:  0.0269
2025-03-12 10:32:01,850 - INFO - Epoch 4/500, Loss: 4.9076, Training Accuracy:  0.0227, Validation Accuracy:  0.0183
2025-03-12 10:32:10,104 - INFO - Epoch 5/500, Loss: 5.0562, Training Accuracy:  0.0231, Validation Accuracy:  0.0255
2025-03-12 10:32:19,108 - INFO - Epoch 6/500, Loss: 5.0672, Training Accuracy:  0.0253, Validation Accuracy:  0.0288
2025-03-12 10:32:27,238 - INFO - Epoch 7/500, Loss: 4.8035, Training Accuracy:  0.0293, Validation Accuracy:  0.0296
2025-03-12 10:32:35,641 - INFO - Epoch 8/500, Loss: 4.7566, Training Accuracy:  0.0326, Validation Accuracy:  0.0335
2025-03-12 10:32:44,310 - INFO - Epoch 9/500, Loss: 4.9344, Training Accuracy:  0.0391, Validation Accuracy:  0.0414
2025-03-12 10:32:51,828 - INFO - Epoch 10/500, Loss: 4.8886, Training Accuracy:  0.0479, Validation Accuracy:  0.0513
2025-03-12 10:33:00,345 - INFO - Epoch 11/500, Loss: 4.8708, Training Accuracy:  0.0546, Validation Accuracy:  0.0493
2025-03-12 10:33:08,302 - INFO - Epoch 12/500, Loss: 4.7825, Training Accuracy:  0.0623, Validation Accuracy:  0.0635
2025-03-12 10:33:16,443 - INFO - Epoch 13/500, Loss: 4.7018, Training Accuracy:  0.0684, Validation Accuracy:  0.0627
2025-03-12 10:33:25,357 - INFO - Epoch 14/500, Loss: 4.6418, Training Accuracy:  0.0730, Validation Accuracy:  0.0691
2025-03-12 10:33:32,971 - INFO - Epoch 15/500, Loss: 4.7529, Training Accuracy:  0.0832, Validation Accuracy:  0.0764
2025-03-12 10:33:41,074 - INFO - Epoch 16/500, Loss: 4.6656, Training Accuracy:  0.0909, Validation Accuracy:  0.0879
2025-03-12 10:33:49,618 - INFO - Epoch 17/500, Loss: 4.5038, Training Accuracy:  0.1012, Validation Accuracy:  0.0865
2025-03-12 10:33:57,535 - INFO - Epoch 18/500, Loss: 4.6914, Training Accuracy:  0.1095, Validation Accuracy:  0.1008
2025-03-12 10:34:06,779 - INFO - Epoch 19/500, Loss: 4.5644, Training Accuracy:  0.1198, Validation Accuracy:  0.1137
2025-03-12 10:34:15,072 - INFO - Epoch 20/500, Loss: 4.3937, Training Accuracy:  0.1299, Validation Accuracy:  0.1177
2025-03-12 10:34:23,832 - INFO - Epoch 21/500, Loss: 4.3675, Training Accuracy:  0.1405, Validation Accuracy:  0.1258
2025-03-12 10:34:31,950 - INFO - Epoch 22/500, Loss: 4.6717, Training Accuracy:  0.1495, Validation Accuracy:  0.1332
2025-03-12 10:34:39,933 - INFO - Epoch 23/500, Loss: 4.7197, Training Accuracy:  0.1621, Validation Accuracy:  0.1465
2025-03-12 10:34:48,597 - INFO - Epoch 24/500, Loss: 4.7046, Training Accuracy:  0.1686, Validation Accuracy:  0.1515
2025-03-12 10:34:57,033 - INFO - Epoch 25/500, Loss: 4.5771, Training Accuracy:  0.1840, Validation Accuracy:  0.1633
2025-03-12 10:35:04,777 - INFO - Epoch 26/500, Loss: 5.0550, Training Accuracy:  0.1948, Validation Accuracy:  0.1706
2025-03-12 10:35:12,699 - INFO - Epoch 27/500, Loss: 4.9175, Training Accuracy:  0.2073, Validation Accuracy:  0.1688
2025-03-12 10:35:21,314 - INFO - Epoch 28/500, Loss: 5.1595, Training Accuracy:  0.2181, Validation Accuracy:  0.1726
2025-03-12 10:35:29,214 - INFO - Epoch 29/500, Loss: 5.4561, Training Accuracy:  0.2285, Validation Accuracy:  0.1846
2025-03-12 10:35:37,359 - INFO - Epoch 30/500, Loss: 5.3045, Training Accuracy:  0.2375, Validation Accuracy:  0.2049
2025-03-12 10:35:45,228 - INFO - Epoch 31/500, Loss: 5.1577, Training Accuracy:  0.2496, Validation Accuracy:  0.2177
2025-03-12 10:35:53,407 - INFO - Epoch 32/500, Loss: 5.0856, Training Accuracy:  0.2633, Validation Accuracy:  0.2150
2025-03-12 10:36:01,697 - INFO - Epoch 33/500, Loss: 5.1093, Training Accuracy:  0.2752, Validation Accuracy:  0.2266
2025-03-12 10:36:10,601 - INFO - Epoch 34/500, Loss: 5.3921, Training Accuracy:  0.2930, Validation Accuracy:  0.2424
2025-03-12 10:36:19,218 - INFO - Epoch 35/500, Loss: 5.6858, Training Accuracy:  0.3081, Validation Accuracy:  0.2558
2025-03-12 10:36:27,341 - INFO - Epoch 36/500, Loss: 5.5427, Training Accuracy:  0.3188, Validation Accuracy:  0.2457
2025-03-12 10:36:35,413 - INFO - Epoch 37/500, Loss: 5.0908, Training Accuracy:  0.3327, Validation Accuracy:  0.2662
2025-03-12 10:36:43,356 - INFO - Epoch 38/500, Loss: 4.6555, Training Accuracy:  0.3415, Validation Accuracy:  0.2763
2025-03-12 10:36:51,472 - INFO - Epoch 39/500, Loss: 5.3536, Training Accuracy:  0.3586, Validation Accuracy:  0.2926
2025-03-12 10:37:00,381 - INFO - Epoch 40/500, Loss: 5.4728, Training Accuracy:  0.3701, Validation Accuracy:  0.3164
2025-03-12 10:37:07,986 - INFO - Epoch 41/500, Loss: 6.1854, Training Accuracy:  0.3896, Validation Accuracy:  0.3057
2025-03-12 10:37:16,157 - INFO - Epoch 42/500, Loss: 6.0989, Training Accuracy:  0.3981, Validation Accuracy:  0.3200
2025-03-12 10:37:23,961 - INFO - Epoch 43/500, Loss: 5.5622, Training Accuracy:  0.4109, Validation Accuracy:  0.3306
2025-03-12 10:37:32,151 - INFO - Epoch 44/500, Loss: 5.1178, Training Accuracy:  0.4212, Validation Accuracy:  0.3323
2025-03-12 10:37:41,145 - INFO - Epoch 45/500, Loss: 5.5733, Training Accuracy:  0.4356, Validation Accuracy:  0.3601
2025-03-12 10:37:49,123 - INFO - Epoch 46/500, Loss: 5.3868, Training Accuracy:  0.4460, Validation Accuracy:  0.3516
2025-03-12 10:37:57,947 - INFO - Epoch 47/500, Loss: 6.0744, Training Accuracy:  0.4636, Validation Accuracy:  0.3769
2025-03-12 10:38:05,454 - INFO - Epoch 48/500, Loss: 5.6287, Training Accuracy:  0.4736, Validation Accuracy:  0.3827
2025-03-12 10:38:13,891 - INFO - Epoch 49/500, Loss: 6.1242, Training Accuracy:  0.4807, Validation Accuracy:  0.3731
2025-03-12 10:38:22,016 - INFO - Epoch 50/500, Loss: 4.9470, Training Accuracy:  0.4929, Validation Accuracy:  0.4062
2025-03-12 10:38:30,622 - INFO - Epoch 51/500, Loss: 5.2486, Training Accuracy:  0.5073, Validation Accuracy:  0.4020
2025-03-12 10:38:38,796 - INFO - Epoch 52/500, Loss: 6.0713, Training Accuracy:  0.5170, Validation Accuracy:  0.4056
2025-03-12 10:38:47,195 - INFO - Epoch 53/500, Loss: 5.4324, Training Accuracy:  0.5298, Validation Accuracy:  0.4316
2025-03-12 10:38:55,477 - INFO - Epoch 54/500, Loss: 5.7786, Training Accuracy:  0.5502, Validation Accuracy:  0.4327
2025-03-12 10:39:03,878 - INFO - Epoch 55/500, Loss: 6.2831, Training Accuracy:  0.5529, Validation Accuracy:  0.4084
2025-03-12 10:39:12,496 - INFO - Epoch 56/500, Loss: 5.4779, Training Accuracy:  0.5639, Validation Accuracy:  0.4566
2025-03-12 10:39:20,844 - INFO - Epoch 57/500, Loss: 6.8735, Training Accuracy:  0.5764, Validation Accuracy:  0.4629
2025-03-12 10:39:29,014 - INFO - Epoch 58/500, Loss: 5.2510, Training Accuracy:  0.5864, Validation Accuracy:  0.4574
2025-03-12 10:39:37,775 - INFO - Epoch 59/500, Loss: 6.3860, Training Accuracy:  0.5976, Validation Accuracy:  0.4809
2025-03-12 10:39:46,725 - INFO - Epoch 60/500, Loss: 6.4409, Training Accuracy:  0.6011, Validation Accuracy:  0.4828
2025-03-12 10:39:54,606 - INFO - Epoch 61/500, Loss: 6.6159, Training Accuracy:  0.6192, Validation Accuracy:  0.4843
2025-03-12 10:40:03,134 - INFO - Epoch 62/500, Loss: 5.8026, Training Accuracy:  0.6248, Validation Accuracy:  0.4894
2025-03-12 10:40:12,339 - INFO - Epoch 63/500, Loss: 6.7130, Training Accuracy:  0.6393, Validation Accuracy:  0.5015
2025-03-12 10:40:20,473 - INFO - Epoch 64/500, Loss: 6.8574, Training Accuracy:  0.6515, Validation Accuracy:  0.5037
2025-03-12 10:40:29,743 - INFO - Epoch 65/500, Loss: 6.5524, Training Accuracy:  0.6565, Validation Accuracy:  0.4889
2025-03-12 10:40:38,021 - INFO - Epoch 66/500, Loss: 6.3966, Training Accuracy:  0.6646, Validation Accuracy:  0.5201
2025-03-12 10:40:46,271 - INFO - Epoch 67/500, Loss: 5.6171, Training Accuracy:  0.6673, Validation Accuracy:  0.5029
2025-03-12 10:40:55,113 - INFO - Epoch 68/500, Loss: 7.8667, Training Accuracy:  0.6827, Validation Accuracy:  0.5261
2025-03-12 10:41:03,962 - INFO - Epoch 69/500, Loss: 5.5701, Training Accuracy:  0.6807, Validation Accuracy:  0.5431
2025-03-12 10:41:11,663 - INFO - Epoch 70/500, Loss: 7.5978, Training Accuracy:  0.6962, Validation Accuracy:  0.5297
2025-03-12 10:41:20,571 - INFO - Epoch 71/500, Loss: 7.2036, Training Accuracy:  0.7072, Validation Accuracy:  0.5336
2025-03-12 10:41:28,370 - INFO - Epoch 72/500, Loss: 7.8649, Training Accuracy:  0.7165, Validation Accuracy:  0.5492
2025-03-12 10:41:36,378 - INFO - Epoch 73/500, Loss: 7.3435, Training Accuracy:  0.7072, Validation Accuracy:  0.5486
2025-03-12 10:41:44,941 - INFO - Epoch 74/500, Loss: 6.5039, Training Accuracy:  0.7321, Validation Accuracy:  0.5703
2025-03-12 10:41:52,932 - INFO - Epoch 75/500, Loss: 7.7940, Training Accuracy:  0.7335, Validation Accuracy:  0.5357
2025-03-12 10:42:01,036 - INFO - Epoch 76/500, Loss: 8.2236, Training Accuracy:  0.7501, Validation Accuracy:  0.5697
2025-03-12 10:42:10,411 - INFO - Epoch 77/500, Loss: 7.3633, Training Accuracy:  0.7524, Validation Accuracy:  0.5728
2025-03-12 10:42:18,928 - INFO - Epoch 78/500, Loss: 7.4678, Training Accuracy:  0.7638, Validation Accuracy:  0.5839
2025-03-12 10:42:26,636 - INFO - Epoch 79/500, Loss: 8.1203, Training Accuracy:  0.7650, Validation Accuracy:  0.5944
2025-03-12 10:42:35,716 - INFO - Epoch 80/500, Loss: 7.6117, Training Accuracy:  0.7753, Validation Accuracy:  0.5793
2025-03-12 10:42:44,367 - INFO - Epoch 81/500, Loss: 7.8614, Training Accuracy:  0.7744, Validation Accuracy:  0.5873
2025-03-12 10:42:53,183 - INFO - Epoch 82/500, Loss: 6.7166, Training Accuracy:  0.7722, Validation Accuracy:  0.5689
2025-03-12 10:43:02,007 - INFO - Epoch 83/500, Loss: 7.6066, Training Accuracy:  0.7782, Validation Accuracy:  0.5911
2025-03-12 10:43:10,671 - INFO - Epoch 84/500, Loss: 7.3951, Training Accuracy:  0.8031, Validation Accuracy:  0.6173
2025-03-12 10:43:20,200 - INFO - Epoch 85/500, Loss: 6.5732, Training Accuracy:  0.7999, Validation Accuracy:  0.5930
2025-03-12 10:43:28,672 - INFO - Epoch 86/500, Loss: 6.9389, Training Accuracy:  0.8013, Validation Accuracy:  0.6166
2025-03-12 10:43:36,960 - INFO - Epoch 87/500, Loss: 8.6434, Training Accuracy:  0.8133, Validation Accuracy:  0.6203
2025-03-12 10:43:45,559 - INFO - Epoch 88/500, Loss: 9.1646, Training Accuracy:  0.8104, Validation Accuracy:  0.6169
2025-03-12 10:43:54,518 - INFO - Epoch 89/500, Loss: 7.9803, Training Accuracy:  0.8148, Validation Accuracy:  0.6070
2025-03-12 10:44:02,882 - INFO - Epoch 90/500, Loss: 9.8266, Training Accuracy:  0.8270, Validation Accuracy:  0.6218
2025-03-12 10:44:11,399 - INFO - Epoch 91/500, Loss: 7.9868, Training Accuracy:  0.8231, Validation Accuracy:  0.6210
2025-03-12 10:44:19,315 - INFO - Epoch 92/500, Loss: 8.4807, Training Accuracy:  0.8353, Validation Accuracy:  0.6251
2025-03-12 10:44:27,973 - INFO - Epoch 93/500, Loss: 8.9279, Training Accuracy:  0.8329, Validation Accuracy:  0.6316
2025-03-12 10:44:36,152 - INFO - Epoch 94/500, Loss: 9.9089, Training Accuracy:  0.8380, Validation Accuracy:  0.6056
2025-03-12 10:44:44,264 - INFO - Epoch 95/500, Loss: 8.2593, Training Accuracy:  0.8425, Validation Accuracy:  0.6264
2025-03-12 10:44:52,892 - INFO - Epoch 96/500, Loss: 8.0080, Training Accuracy:  0.8491, Validation Accuracy:  0.6461
2025-03-12 10:45:01,710 - INFO - Epoch 97/500, Loss: 9.3152, Training Accuracy:  0.8507, Validation Accuracy:  0.6491
2025-03-12 10:45:10,422 - INFO - Epoch 98/500, Loss: 8.6378, Training Accuracy:  0.8596, Validation Accuracy:  0.6264
2025-03-12 10:45:19,869 - INFO - Epoch 99/500, Loss: 7.5571, Training Accuracy:  0.8681, Validation Accuracy:  0.6206
2025-03-12 10:45:28,875 - INFO - Epoch 100/500, Loss: 6.5454, Training Accuracy:  0.8641, Validation Accuracy:  0.6469
2025-03-12 10:45:37,730 - INFO - Epoch 101/500, Loss: 8.1918, Training Accuracy:  0.8564, Validation Accuracy:  0.6508
2025-03-12 10:45:46,062 - INFO - Epoch 102/500, Loss: 7.7749, Training Accuracy:  0.8717, Validation Accuracy:  0.6507
2025-03-12 10:45:54,911 - INFO - Epoch 103/500, Loss: 8.5313, Training Accuracy:  0.8618, Validation Accuracy:  0.6511
2025-03-12 10:46:03,296 - INFO - Epoch 104/500, Loss: 7.4894, Training Accuracy:  0.8753, Validation Accuracy:  0.6403
2025-03-12 10:46:11,703 - INFO - Epoch 105/500, Loss: 7.9840, Training Accuracy:  0.8799, Validation Accuracy:  0.6609
2025-03-12 10:46:20,150 - INFO - Epoch 106/500, Loss: 7.2232, Training Accuracy:  0.8725, Validation Accuracy:  0.6485
2025-03-12 10:46:28,372 - INFO - Epoch 107/500, Loss: 10.0360, Training Accuracy:  0.8810, Validation Accuracy:  0.6470
2025-03-12 10:46:36,130 - INFO - Epoch 108/500, Loss: 9.1487, Training Accuracy:  0.8774, Validation Accuracy:  0.6486
2025-03-12 10:46:44,776 - INFO - Epoch 109/500, Loss: 5.7600, Training Accuracy:  0.8922, Validation Accuracy:  0.6289
2025-03-12 10:46:53,801 - INFO - Epoch 110/500, Loss: 10.4141, Training Accuracy:  0.8818, Validation Accuracy:  0.6653
2025-03-12 10:47:02,430 - INFO - Epoch 111/500, Loss: 8.7907, Training Accuracy:  0.8897, Validation Accuracy:  0.6590
2025-03-12 10:47:10,708 - INFO - Epoch 112/500, Loss: 8.5139, Training Accuracy:  0.8978, Validation Accuracy:  0.6620
2025-03-12 10:47:19,913 - INFO - Epoch 113/500, Loss: 9.6284, Training Accuracy:  0.8976, Validation Accuracy:  0.6686
2025-03-12 10:47:27,861 - INFO - Epoch 114/500, Loss: 7.5281, Training Accuracy:  0.8944, Validation Accuracy:  0.6639
2025-03-12 10:47:35,632 - INFO - Epoch 115/500, Loss: 12.3640, Training Accuracy:  0.8974, Validation Accuracy:  0.6620
2025-03-12 10:47:43,787 - INFO - Epoch 116/500, Loss: 8.0224, Training Accuracy:  0.8940, Validation Accuracy:  0.6688
2025-03-12 10:47:51,816 - INFO - Epoch 117/500, Loss: 9.6822, Training Accuracy:  0.9090, Validation Accuracy:  0.6766
2025-03-12 10:48:00,477 - INFO - Epoch 118/500, Loss: 8.8103, Training Accuracy:  0.9000, Validation Accuracy:  0.6530
2025-03-12 10:48:08,514 - INFO - Epoch 119/500, Loss: 9.3826, Training Accuracy:  0.9063, Validation Accuracy:  0.6792
2025-03-12 10:48:17,423 - INFO - Epoch 120/500, Loss: 9.0610, Training Accuracy:  0.9127, Validation Accuracy:  0.6776
2025-03-12 10:48:26,514 - INFO - Epoch 121/500, Loss: 9.9229, Training Accuracy:  0.9138, Validation Accuracy:  0.6755
2025-03-12 10:48:35,343 - INFO - Epoch 122/500, Loss: 8.4144, Training Accuracy:  0.9131, Validation Accuracy:  0.6736
2025-03-12 10:48:44,291 - INFO - Epoch 123/500, Loss: 9.4236, Training Accuracy:  0.9142, Validation Accuracy:  0.6584
2025-03-12 10:48:53,883 - INFO - Epoch 124/500, Loss: 8.1632, Training Accuracy:  0.9132, Validation Accuracy:  0.6711
2025-03-12 10:49:02,028 - INFO - Epoch 125/500, Loss: 9.8182, Training Accuracy:  0.9158, Validation Accuracy:  0.6787
2025-03-12 10:49:09,765 - INFO - Epoch 126/500, Loss: 8.1544, Training Accuracy:  0.9164, Validation Accuracy:  0.6694
2025-03-12 10:49:19,049 - INFO - Epoch 127/500, Loss: 10.9192, Training Accuracy:  0.9194, Validation Accuracy:  0.6579
2025-03-12 10:49:27,429 - INFO - Epoch 128/500, Loss: 10.1727, Training Accuracy:  0.8976, Validation Accuracy:  0.6801
2025-03-12 10:49:35,612 - INFO - Epoch 129/500, Loss: 8.2208, Training Accuracy:  0.9340, Validation Accuracy:  0.6888
2025-03-12 10:49:44,792 - INFO - Epoch 130/500, Loss: 11.1829, Training Accuracy:  0.9312, Validation Accuracy:  0.6825
2025-03-12 10:49:53,336 - INFO - Epoch 131/500, Loss: 9.0692, Training Accuracy:  0.9254, Validation Accuracy:  0.6914
2025-03-12 10:50:01,588 - INFO - Epoch 132/500, Loss: 7.5015, Training Accuracy:  0.9225, Validation Accuracy:  0.6955
2025-03-12 10:50:09,826 - INFO - Epoch 133/500, Loss: 8.7157, Training Accuracy:  0.9340, Validation Accuracy:  0.6801
2025-03-12 10:50:18,062 - INFO - Epoch 134/500, Loss: 7.6374, Training Accuracy:  0.9255, Validation Accuracy:  0.6793
2025-03-12 10:50:26,203 - INFO - Epoch 135/500, Loss: 6.7115, Training Accuracy:  0.9144, Validation Accuracy:  0.6817
2025-03-12 10:50:35,182 - INFO - Epoch 136/500, Loss: 8.9749, Training Accuracy:  0.9245, Validation Accuracy:  0.6905
2025-03-12 10:50:43,098 - INFO - Epoch 137/500, Loss: 9.9586, Training Accuracy:  0.9443, Validation Accuracy:  0.6840
2025-03-12 10:50:51,563 - INFO - Epoch 138/500, Loss: 10.4175, Training Accuracy:  0.9303, Validation Accuracy:  0.6924
2025-03-12 10:51:00,181 - INFO - Epoch 139/500, Loss: 8.1464, Training Accuracy:  0.9317, Validation Accuracy:  0.6645
2025-03-12 10:51:08,866 - INFO - Epoch 140/500, Loss: 9.0761, Training Accuracy:  0.9307, Validation Accuracy:  0.6927
2025-03-12 10:51:17,433 - INFO - Epoch 141/500, Loss: 8.5259, Training Accuracy:  0.9412, Validation Accuracy:  0.6981
2025-03-12 10:51:25,987 - INFO - Epoch 142/500, Loss: 10.0090, Training Accuracy:  0.9390, Validation Accuracy:  0.6998
2025-03-12 10:51:34,378 - INFO - Epoch 143/500, Loss: 7.4603, Training Accuracy:  0.9338, Validation Accuracy:  0.6825
2025-03-12 10:51:43,290 - INFO - Epoch 144/500, Loss: 9.9005, Training Accuracy:  0.9370, Validation Accuracy:  0.6683
2025-03-12 10:51:51,954 - INFO - Epoch 145/500, Loss: 8.9683, Training Accuracy:  0.9298, Validation Accuracy:  0.6862
2025-03-12 10:51:59,862 - INFO - Epoch 146/500, Loss: 8.8781, Training Accuracy:  0.9384, Validation Accuracy:  0.6924
2025-03-12 10:52:07,486 - INFO - Epoch 147/500, Loss: 8.0291, Training Accuracy:  0.9424, Validation Accuracy:  0.7025
2025-03-12 10:52:16,093 - INFO - Epoch 148/500, Loss: 6.3645, Training Accuracy:  0.9345, Validation Accuracy:  0.6777
2025-03-12 10:52:24,957 - INFO - Epoch 149/500, Loss: 7.1484, Training Accuracy:  0.9346, Validation Accuracy:  0.7044
2025-03-12 10:52:33,329 - INFO - Epoch 150/500, Loss: 7.2195, Training Accuracy:  0.9544, Validation Accuracy:  0.6959
2025-03-12 10:52:41,671 - INFO - Epoch 151/500, Loss: 7.9466, Training Accuracy:  0.9438, Validation Accuracy:  0.6957
2025-03-12 10:52:50,066 - INFO - Epoch 152/500, Loss: 7.9050, Training Accuracy:  0.9422, Validation Accuracy:  0.6894
2025-03-12 10:52:58,428 - INFO - Epoch 153/500, Loss: 8.4872, Training Accuracy:  0.9409, Validation Accuracy:  0.6930
2025-03-12 10:53:07,973 - INFO - Epoch 154/500, Loss: 8.5059, Training Accuracy:  0.9477, Validation Accuracy:  0.6885
2025-03-12 10:53:16,663 - INFO - Epoch 155/500, Loss: 7.3655, Training Accuracy:  0.9435, Validation Accuracy:  0.7031
2025-03-12 10:53:26,276 - INFO - Epoch 156/500, Loss: 7.3798, Training Accuracy:  0.9450, Validation Accuracy:  0.6984
2025-03-12 10:53:34,957 - INFO - Epoch 157/500, Loss: 5.4026, Training Accuracy:  0.9428, Validation Accuracy:  0.6943
2025-03-12 10:53:42,773 - INFO - Epoch 158/500, Loss: 7.1387, Training Accuracy:  0.9444, Validation Accuracy:  0.6949
2025-03-12 10:53:51,313 - INFO - Epoch 159/500, Loss: 8.2337, Training Accuracy:  0.9570, Validation Accuracy:  0.7074
2025-03-12 10:54:00,074 - INFO - Epoch 160/500, Loss: 7.6302, Training Accuracy:  0.9463, Validation Accuracy:  0.6935
2025-03-12 10:54:08,285 - INFO - Epoch 161/500, Loss: 8.2554, Training Accuracy:  0.9314, Validation Accuracy:  0.6977
2025-03-12 10:54:16,660 - INFO - Epoch 162/500, Loss: 7.9509, Training Accuracy:  0.9583, Validation Accuracy:  0.7061
2025-03-12 10:54:24,757 - INFO - Epoch 163/500, Loss: 6.6752, Training Accuracy:  0.9496, Validation Accuracy:  0.7012
2025-03-12 10:54:32,944 - INFO - Epoch 164/500, Loss: 6.0051, Training Accuracy:  0.9497, Validation Accuracy:  0.7029
2025-03-12 10:54:40,736 - INFO - Epoch 165/500, Loss: 6.1429, Training Accuracy:  0.9489, Validation Accuracy:  0.7011
2025-03-12 10:54:49,279 - INFO - Epoch 166/500, Loss: 5.2317, Training Accuracy:  0.9579, Validation Accuracy:  0.6878
2025-03-12 10:54:57,820 - INFO - Epoch 167/500, Loss: 9.1835, Training Accuracy:  0.9462, Validation Accuracy:  0.6937
2025-03-12 10:55:06,655 - INFO - Epoch 168/500, Loss: 9.4996, Training Accuracy:  0.9559, Validation Accuracy:  0.7015
2025-03-12 10:55:15,891 - INFO - Epoch 169/500, Loss: 8.5598, Training Accuracy:  0.9501, Validation Accuracy:  0.7099
2025-03-12 10:55:24,213 - INFO - Epoch 170/500, Loss: 5.3165, Training Accuracy:  0.9443, Validation Accuracy:  0.6916
2025-03-12 10:55:33,252 - INFO - Epoch 171/500, Loss: 7.1386, Training Accuracy:  0.9538, Validation Accuracy:  0.7144
2025-03-12 10:55:41,410 - INFO - Epoch 172/500, Loss: 7.1689, Training Accuracy:  0.9532, Validation Accuracy:  0.7047
2025-03-12 10:55:49,585 - INFO - Epoch 173/500, Loss: 7.5970, Training Accuracy:  0.9638, Validation Accuracy:  0.7096
2025-03-12 10:55:57,886 - INFO - Epoch 174/500, Loss: 9.7010, Training Accuracy:  0.9589, Validation Accuracy:  0.6985
2025-03-12 10:56:05,672 - INFO - Epoch 175/500, Loss: 7.7343, Training Accuracy:  0.9501, Validation Accuracy:  0.7102
2025-03-12 10:56:14,306 - INFO - Epoch 176/500, Loss: 5.8714, Training Accuracy:  0.9559, Validation Accuracy:  0.7077
2025-03-12 10:56:22,269 - INFO - Epoch 177/500, Loss: 9.0112, Training Accuracy:  0.9533, Validation Accuracy:  0.7061
2025-03-12 10:56:30,450 - INFO - Epoch 178/500, Loss: 6.4230, Training Accuracy:  0.9611, Validation Accuracy:  0.7053
2025-03-12 10:56:38,336 - INFO - Epoch 179/500, Loss: 7.6104, Training Accuracy:  0.9571, Validation Accuracy:  0.7110
2025-03-12 10:56:46,164 - INFO - Epoch 180/500, Loss: 6.5103, Training Accuracy:  0.9645, Validation Accuracy:  0.7108
2025-03-12 10:56:55,099 - INFO - Epoch 181/500, Loss: 5.4111, Training Accuracy:  0.9547, Validation Accuracy:  0.7129
2025-03-12 10:57:03,081 - INFO - Epoch 182/500, Loss: 8.5801, Training Accuracy:  0.9629, Validation Accuracy:  0.7026
2025-03-12 10:57:11,586 - INFO - Epoch 183/500, Loss: 7.5232, Training Accuracy:  0.9576, Validation Accuracy:  0.7078
2025-03-12 10:57:19,621 - INFO - Epoch 184/500, Loss: 6.8815, Training Accuracy:  0.9517, Validation Accuracy:  0.7103
2025-03-12 10:57:28,627 - INFO - Epoch 185/500, Loss: 7.4724, Training Accuracy:  0.9559, Validation Accuracy:  0.7022
2025-03-12 10:57:36,753 - INFO - Epoch 186/500, Loss: 6.6891, Training Accuracy:  0.9467, Validation Accuracy:  0.7051
2025-03-12 10:57:45,274 - INFO - Epoch 187/500, Loss: 7.2877, Training Accuracy:  0.9667, Validation Accuracy:  0.7114
2025-03-12 10:57:54,008 - INFO - Epoch 188/500, Loss: 4.7291, Training Accuracy:  0.9586, Validation Accuracy:  0.7143
2025-03-12 10:58:01,645 - INFO - Epoch 189/500, Loss: 6.6148, Training Accuracy:  0.9735, Validation Accuracy:  0.7088
2025-03-12 10:58:10,140 - INFO - Epoch 190/500, Loss: 7.7256, Training Accuracy:  0.9527, Validation Accuracy:  0.7146
2025-03-12 10:58:18,735 - INFO - Epoch 191/500, Loss: 9.0770, Training Accuracy:  0.9599, Validation Accuracy:  0.6976
2025-03-12 10:58:28,108 - INFO - Epoch 192/500, Loss: 7.5523, Training Accuracy:  0.9598, Validation Accuracy:  0.7107
2025-03-12 10:58:37,988 - INFO - Epoch 193/500, Loss: 6.3842, Training Accuracy:  0.9709, Validation Accuracy:  0.7179
2025-03-12 10:58:46,693 - INFO - Epoch 194/500, Loss: 8.4852, Training Accuracy:  0.9649, Validation Accuracy:  0.7166
2025-03-12 10:58:55,596 - INFO - Epoch 195/500, Loss: 6.2075, Training Accuracy:  0.9617, Validation Accuracy:  0.7190
2025-03-12 10:59:03,334 - INFO - Epoch 196/500, Loss: 6.1380, Training Accuracy:  0.9567, Validation Accuracy:  0.7154
2025-03-12 10:59:12,085 - INFO - Epoch 197/500, Loss: 6.8236, Training Accuracy:  0.9607, Validation Accuracy:  0.7119
2025-03-12 10:59:20,714 - INFO - Epoch 198/500, Loss: 6.4810, Training Accuracy:  0.9663, Validation Accuracy:  0.7135
2025-03-12 10:59:29,558 - INFO - Epoch 199/500, Loss: 6.8635, Training Accuracy:  0.9617, Validation Accuracy:  0.7064
2025-03-12 10:59:38,079 - INFO - Epoch 200/500, Loss: 5.1001, Training Accuracy:  0.9700, Validation Accuracy:  0.7160
2025-03-12 10:59:45,647 - INFO - Epoch 201/500, Loss: 6.7763, Training Accuracy:  0.9667, Validation Accuracy:  0.7121
2025-03-12 10:59:54,432 - INFO - Epoch 202/500, Loss: 11.0612, Training Accuracy:  0.9635, Validation Accuracy:  0.7086
2025-03-12 11:00:02,545 - INFO - Epoch 203/500, Loss: 8.3629, Training Accuracy:  0.9638, Validation Accuracy:  0.7108
2025-03-12 11:00:11,499 - INFO - Epoch 204/500, Loss: 7.2789, Training Accuracy:  0.9642, Validation Accuracy:  0.7066
2025-03-12 11:00:19,669 - INFO - Epoch 205/500, Loss: 7.3563, Training Accuracy:  0.9655, Validation Accuracy:  0.7166
2025-03-12 11:00:28,033 - INFO - Epoch 206/500, Loss: 8.6675, Training Accuracy:  0.9709, Validation Accuracy:  0.7176
2025-03-12 11:00:37,544 - INFO - Epoch 207/500, Loss: 8.2220, Training Accuracy:  0.9731, Validation Accuracy:  0.7036
2025-03-12 11:00:45,406 - INFO - Epoch 208/500, Loss: 9.4611, Training Accuracy:  0.9624, Validation Accuracy:  0.7070
2025-03-12 11:00:54,071 - INFO - Epoch 209/500, Loss: 8.0104, Training Accuracy:  0.9690, Validation Accuracy:  0.7160
2025-03-12 11:01:03,234 - INFO - Epoch 210/500, Loss: 9.9926, Training Accuracy:  0.9592, Validation Accuracy:  0.7160
2025-03-12 11:01:11,069 - INFO - Epoch 211/500, Loss: 7.7424, Training Accuracy:  0.9683, Validation Accuracy:  0.7159
2025-03-12 11:01:19,097 - INFO - Epoch 212/500, Loss: 8.3993, Training Accuracy:  0.9671, Validation Accuracy:  0.7229
2025-03-12 11:01:26,799 - INFO - Epoch 213/500, Loss: 5.0569, Training Accuracy:  0.9702, Validation Accuracy:  0.7223
2025-03-12 11:01:34,728 - INFO - Epoch 214/500, Loss: 7.9141, Training Accuracy:  0.9714, Validation Accuracy:  0.7107
2025-03-12 11:01:43,719 - INFO - Epoch 215/500, Loss: 9.4101, Training Accuracy:  0.9595, Validation Accuracy:  0.7129
2025-03-12 11:01:51,214 - INFO - Epoch 216/500, Loss: 5.8457, Training Accuracy:  0.9619, Validation Accuracy:  0.7187
2025-03-12 11:01:59,902 - INFO - Epoch 217/500, Loss: 6.7093, Training Accuracy:  0.9737, Validation Accuracy:  0.7163
2025-03-12 11:02:08,737 - INFO - Epoch 218/500, Loss: 6.7807, Training Accuracy:  0.9704, Validation Accuracy:  0.7242
2025-03-12 11:02:17,355 - INFO - Epoch 219/500, Loss: 5.4405, Training Accuracy:  0.9685, Validation Accuracy:  0.7146
2025-03-12 11:02:25,175 - INFO - Epoch 220/500, Loss: 5.3252, Training Accuracy:  0.9709, Validation Accuracy:  0.7190
2025-03-12 11:02:32,977 - INFO - Epoch 221/500, Loss: 5.7404, Training Accuracy:  0.9711, Validation Accuracy:  0.7231
2025-03-12 11:02:41,241 - INFO - Epoch 222/500, Loss: 6.0922, Training Accuracy:  0.9679, Validation Accuracy:  0.7277
2025-03-12 11:02:50,587 - INFO - Epoch 223/500, Loss: 6.2382, Training Accuracy:  0.9731, Validation Accuracy:  0.7248
2025-03-12 11:02:59,053 - INFO - Epoch 224/500, Loss: 6.1115, Training Accuracy:  0.9671, Validation Accuracy:  0.7195
2025-03-12 11:03:07,890 - INFO - Epoch 225/500, Loss: 8.2968, Training Accuracy:  0.9725, Validation Accuracy:  0.7168
2025-03-12 11:03:17,099 - INFO - Epoch 226/500, Loss: 5.6287, Training Accuracy:  0.9656, Validation Accuracy:  0.7157
2025-03-12 11:03:26,162 - INFO - Epoch 227/500, Loss: 6.5936, Training Accuracy:  0.9735, Validation Accuracy:  0.7236
2025-03-12 11:03:34,814 - INFO - Epoch 228/500, Loss: 6.2337, Training Accuracy:  0.9646, Validation Accuracy:  0.7228
2025-03-12 11:03:42,405 - INFO - Epoch 229/500, Loss: 5.3393, Training Accuracy:  0.9721, Validation Accuracy:  0.7258
2025-03-12 11:03:50,161 - INFO - Epoch 230/500, Loss: 5.6721, Training Accuracy:  0.9733, Validation Accuracy:  0.7163
2025-03-12 11:03:58,371 - INFO - Epoch 231/500, Loss: 4.2368, Training Accuracy:  0.9689, Validation Accuracy:  0.7116
2025-03-12 11:04:07,000 - INFO - Epoch 232/500, Loss: 8.0135, Training Accuracy:  0.9693, Validation Accuracy:  0.7229
2025-03-12 11:04:15,598 - INFO - Epoch 233/500, Loss: 6.9893, Training Accuracy:  0.9750, Validation Accuracy:  0.7263
2025-03-12 11:04:24,723 - INFO - Epoch 234/500, Loss: 6.6138, Training Accuracy:  0.9742, Validation Accuracy:  0.7179
2025-03-12 11:04:32,593 - INFO - Epoch 235/500, Loss: 8.0131, Training Accuracy:  0.9686, Validation Accuracy:  0.7270
2025-03-12 11:04:40,645 - INFO - Epoch 236/500, Loss: 7.9000, Training Accuracy:  0.9742, Validation Accuracy:  0.7256
2025-03-12 11:04:48,831 - INFO - Epoch 237/500, Loss: 8.2472, Training Accuracy:  0.9750, Validation Accuracy:  0.7259
2025-03-12 11:04:57,999 - INFO - Epoch 238/500, Loss: 6.7673, Training Accuracy:  0.9769, Validation Accuracy:  0.6943
2025-03-12 11:05:06,477 - INFO - Epoch 239/500, Loss: 8.3628, Training Accuracy:  0.9694, Validation Accuracy:  0.7119
2025-03-12 11:05:14,943 - INFO - Epoch 240/500, Loss: 10.2535, Training Accuracy:  0.9762, Validation Accuracy:  0.7261
2025-03-12 11:05:23,797 - INFO - Epoch 241/500, Loss: 7.4847, Training Accuracy:  0.9735, Validation Accuracy:  0.7085
2025-03-12 11:05:32,357 - INFO - Epoch 242/500, Loss: 9.9512, Training Accuracy:  0.9735, Validation Accuracy:  0.7181
2025-03-12 11:05:40,324 - INFO - Epoch 243/500, Loss: 6.3354, Training Accuracy:  0.9706, Validation Accuracy:  0.7233
2025-03-12 11:05:48,165 - INFO - Epoch 244/500, Loss: 7.5742, Training Accuracy:  0.9716, Validation Accuracy:  0.7263
2025-03-12 11:05:56,376 - INFO - Epoch 245/500, Loss: 6.9310, Training Accuracy:  0.9565, Validation Accuracy:  0.7343
2025-03-12 11:06:04,121 - INFO - Epoch 246/500, Loss: 5.3237, Training Accuracy:  0.9795, Validation Accuracy:  0.7264
2025-03-12 11:06:13,188 - INFO - Epoch 247/500, Loss: 6.1504, Training Accuracy:  0.9830, Validation Accuracy:  0.7352
2025-03-12 11:06:21,884 - INFO - Epoch 248/500, Loss: 7.6681, Training Accuracy:  0.9764, Validation Accuracy:  0.7337
2025-03-12 11:06:30,394 - INFO - Epoch 249/500, Loss: 9.4316, Training Accuracy:  0.9781, Validation Accuracy:  0.7212
2025-03-12 11:06:38,462 - INFO - Epoch 250/500, Loss: 5.9498, Training Accuracy:  0.9681, Validation Accuracy:  0.7157
2025-03-12 11:06:46,737 - INFO - Epoch 251/500, Loss: 5.7592, Training Accuracy:  0.9728, Validation Accuracy:  0.7269
2025-03-12 11:06:55,462 - INFO - Epoch 252/500, Loss: 5.8274, Training Accuracy:  0.9793, Validation Accuracy:  0.7321
2025-03-12 11:07:04,274 - INFO - Epoch 253/500, Loss: 7.1415, Training Accuracy:  0.9723, Validation Accuracy:  0.7326
2025-03-12 11:07:13,253 - INFO - Epoch 254/500, Loss: 8.4670, Training Accuracy:  0.9679, Validation Accuracy:  0.7288
2025-03-12 11:07:21,394 - INFO - Epoch 255/500, Loss: 6.8484, Training Accuracy:  0.9806, Validation Accuracy:  0.7286
2025-03-12 11:07:30,040 - INFO - Epoch 256/500, Loss: 8.9259, Training Accuracy:  0.9825, Validation Accuracy:  0.7310
2025-03-12 11:07:38,533 - INFO - Epoch 257/500, Loss: 9.4206, Training Accuracy:  0.9666, Validation Accuracy:  0.7255
2025-03-12 11:07:47,372 - INFO - Epoch 258/500, Loss: 7.9876, Training Accuracy:  0.9759, Validation Accuracy:  0.7327
2025-03-12 11:07:55,384 - INFO - Epoch 259/500, Loss: 8.8872, Training Accuracy:  0.9727, Validation Accuracy:  0.7237
2025-03-12 11:08:04,606 - INFO - Epoch 260/500, Loss: 9.3114, Training Accuracy:  0.9752, Validation Accuracy:  0.7289
2025-03-12 11:08:13,840 - INFO - Epoch 261/500, Loss: 8.1743, Training Accuracy:  0.9727, Validation Accuracy:  0.7363
2025-03-12 11:08:22,261 - INFO - Epoch 262/500, Loss: 7.5885, Training Accuracy:  0.9812, Validation Accuracy:  0.7230
2025-03-12 11:08:31,391 - INFO - Epoch 263/500, Loss: 5.4126, Training Accuracy:  0.9780, Validation Accuracy:  0.7259
2025-03-12 11:08:40,214 - INFO - Epoch 264/500, Loss: 9.6783, Training Accuracy:  0.9709, Validation Accuracy:  0.7280
2025-03-12 11:08:48,128 - INFO - Epoch 265/500, Loss: 6.2071, Training Accuracy:  0.9805, Validation Accuracy:  0.7261
2025-03-12 11:08:57,083 - INFO - Epoch 266/500, Loss: 6.8156, Training Accuracy:  0.9749, Validation Accuracy:  0.7212
2025-03-12 11:09:05,412 - INFO - Epoch 267/500, Loss: 6.7724, Training Accuracy:  0.9723, Validation Accuracy:  0.7283
2025-03-12 11:09:14,032 - INFO - Epoch 268/500, Loss: 5.8353, Training Accuracy:  0.9816, Validation Accuracy:  0.7332
2025-03-12 11:09:21,989 - INFO - Epoch 269/500, Loss: 5.3059, Training Accuracy:  0.9786, Validation Accuracy:  0.7363
2025-03-12 11:09:30,428 - INFO - Epoch 270/500, Loss: 6.9815, Training Accuracy:  0.9758, Validation Accuracy:  0.7365
2025-03-12 11:09:38,474 - INFO - Epoch 271/500, Loss: 6.5625, Training Accuracy:  0.9775, Validation Accuracy:  0.7310
2025-03-12 11:09:46,279 - INFO - Epoch 272/500, Loss: 6.5075, Training Accuracy:  0.9758, Validation Accuracy:  0.7184
2025-03-12 11:09:55,192 - INFO - Epoch 273/500, Loss: 6.6134, Training Accuracy:  0.9791, Validation Accuracy:  0.7294
2025-03-12 11:10:03,692 - INFO - Epoch 274/500, Loss: 6.5767, Training Accuracy:  0.9742, Validation Accuracy:  0.7297
2025-03-12 11:10:12,913 - INFO - Epoch 275/500, Loss: 6.8104, Training Accuracy:  0.9787, Validation Accuracy:  0.7162
2025-03-12 11:10:21,729 - INFO - Epoch 276/500, Loss: 7.3136, Training Accuracy:  0.9760, Validation Accuracy:  0.7321
2025-03-12 11:10:31,151 - INFO - Epoch 277/500, Loss: 9.8305, Training Accuracy:  0.9806, Validation Accuracy:  0.7340
2025-03-12 11:10:40,016 - INFO - Epoch 278/500, Loss: 7.9654, Training Accuracy:  0.9793, Validation Accuracy:  0.7258
2025-03-12 11:10:48,062 - INFO - Epoch 279/500, Loss: 7.0837, Training Accuracy:  0.9714, Validation Accuracy:  0.7304
2025-03-12 11:10:56,350 - INFO - Epoch 280/500, Loss: 6.5784, Training Accuracy:  0.9792, Validation Accuracy:  0.7381
2025-03-12 11:11:04,604 - INFO - Epoch 281/500, Loss: 9.2232, Training Accuracy:  0.9843, Validation Accuracy:  0.7338
2025-03-12 11:11:12,430 - INFO - Epoch 282/500, Loss: 8.6788, Training Accuracy:  0.9812, Validation Accuracy:  0.7322
2025-03-12 11:11:20,590 - INFO - Epoch 283/500, Loss: 7.1813, Training Accuracy:  0.9750, Validation Accuracy:  0.7351
2025-03-12 11:11:29,268 - INFO - Epoch 284/500, Loss: 4.4056, Training Accuracy:  0.9773, Validation Accuracy:  0.7398
2025-03-12 11:11:38,387 - INFO - Epoch 285/500, Loss: 7.4031, Training Accuracy:  0.9755, Validation Accuracy:  0.7274
2025-03-12 11:11:46,540 - INFO - Epoch 286/500, Loss: 6.1040, Training Accuracy:  0.9756, Validation Accuracy:  0.7311
2025-03-12 11:11:55,464 - INFO - Epoch 287/500, Loss: 7.3948, Training Accuracy:  0.9831, Validation Accuracy:  0.7348
2025-03-12 11:12:03,343 - INFO - Epoch 288/500, Loss: 5.3232, Training Accuracy:  0.9773, Validation Accuracy:  0.7319
2025-03-12 11:12:12,050 - INFO - Epoch 289/500, Loss: 6.4786, Training Accuracy:  0.9827, Validation Accuracy:  0.7367
2025-03-12 11:12:20,312 - INFO - Epoch 290/500, Loss: 6.5834, Training Accuracy:  0.9787, Validation Accuracy:  0.7311
2025-03-12 11:12:28,632 - INFO - Epoch 291/500, Loss: 7.0366, Training Accuracy:  0.9694, Validation Accuracy:  0.7376
2025-03-12 11:12:36,716 - INFO - Epoch 292/500, Loss: 7.2233, Training Accuracy:  0.9835, Validation Accuracy:  0.7352
2025-03-12 11:12:45,209 - INFO - Epoch 293/500, Loss: 7.3663, Training Accuracy:  0.9847, Validation Accuracy:  0.7379
2025-03-12 11:12:53,793 - INFO - Epoch 294/500, Loss: 6.0255, Training Accuracy:  0.9816, Validation Accuracy:  0.7370
2025-03-12 11:13:02,604 - INFO - Epoch 295/500, Loss: 7.2482, Training Accuracy:  0.9772, Validation Accuracy:  0.7280
2025-03-12 11:13:10,645 - INFO - Epoch 296/500, Loss: 5.1729, Training Accuracy:  0.9791, Validation Accuracy:  0.7368
2025-03-12 11:13:19,291 - INFO - Epoch 297/500, Loss: 5.9285, Training Accuracy:  0.9791, Validation Accuracy:  0.7266
2025-03-12 11:13:27,141 - INFO - Epoch 298/500, Loss: 5.3737, Training Accuracy:  0.9844, Validation Accuracy:  0.7404
2025-03-12 11:13:36,139 - INFO - Epoch 299/500, Loss: 6.0637, Training Accuracy:  0.9801, Validation Accuracy:  0.7281
2025-03-12 11:13:44,287 - INFO - Epoch 300/500, Loss: 8.6392, Training Accuracy:  0.9752, Validation Accuracy:  0.7403
2025-03-12 11:13:51,959 - INFO - Epoch 301/500, Loss: 6.5454, Training Accuracy:  0.9787, Validation Accuracy:  0.7318
2025-03-12 11:14:01,163 - INFO - Epoch 302/500, Loss: 6.8861, Training Accuracy:  0.9778, Validation Accuracy:  0.7395
2025-03-12 11:14:09,685 - INFO - Epoch 303/500, Loss: 5.5945, Training Accuracy:  0.9881, Validation Accuracy:  0.7360
2025-03-12 11:14:18,210 - INFO - Epoch 304/500, Loss: 6.7455, Training Accuracy:  0.9864, Validation Accuracy:  0.7270
2025-03-12 11:14:26,749 - INFO - Epoch 305/500, Loss: 6.2182, Training Accuracy:  0.9696, Validation Accuracy:  0.7403
2025-03-12 11:14:35,548 - INFO - Epoch 306/500, Loss: 5.9883, Training Accuracy:  0.9789, Validation Accuracy:  0.7379
2025-03-12 11:14:43,885 - INFO - Epoch 307/500, Loss: 7.4811, Training Accuracy:  0.9814, Validation Accuracy:  0.7381
2025-03-12 11:14:51,704 - INFO - Epoch 308/500, Loss: 6.5860, Training Accuracy:  0.9796, Validation Accuracy:  0.7407
2025-03-12 11:14:59,600 - INFO - Epoch 309/500, Loss: 7.2653, Training Accuracy:  0.9818, Validation Accuracy:  0.7218
2025-03-12 11:15:08,763 - INFO - Epoch 310/500, Loss: 6.2629, Training Accuracy:  0.9848, Validation Accuracy:  0.7374
2025-03-12 11:15:16,906 - INFO - Epoch 311/500, Loss: 6.0930, Training Accuracy:  0.9806, Validation Accuracy:  0.7385
2025-03-12 11:15:25,296 - INFO - Epoch 312/500, Loss: 7.7034, Training Accuracy:  0.9843, Validation Accuracy:  0.7283
2025-03-12 11:15:34,217 - INFO - Epoch 313/500, Loss: 6.3007, Training Accuracy:  0.9753, Validation Accuracy:  0.7348
2025-03-12 11:15:42,325 - INFO - Epoch 314/500, Loss: 7.7807, Training Accuracy:  0.9771, Validation Accuracy:  0.7324
2025-03-12 11:15:50,199 - INFO - Epoch 315/500, Loss: 6.3087, Training Accuracy:  0.9819, Validation Accuracy:  0.7354
2025-03-12 11:15:59,128 - INFO - Epoch 316/500, Loss: 5.3137, Training Accuracy:  0.9819, Validation Accuracy:  0.7387
2025-03-12 11:16:07,416 - INFO - Epoch 317/500, Loss: 7.0764, Training Accuracy:  0.9791, Validation Accuracy:  0.7324
2025-03-12 11:16:16,051 - INFO - Epoch 318/500, Loss: 5.9255, Training Accuracy:  0.9845, Validation Accuracy:  0.7434
2025-03-12 11:16:24,370 - INFO - Epoch 319/500, Loss: 7.3122, Training Accuracy:  0.9864, Validation Accuracy:  0.7387
2025-03-12 11:16:33,040 - INFO - Epoch 320/500, Loss: 6.8168, Training Accuracy:  0.9831, Validation Accuracy:  0.7304
2025-03-12 11:16:41,904 - INFO - Epoch 321/500, Loss: 6.5946, Training Accuracy:  0.9746, Validation Accuracy:  0.7393
2025-03-12 11:16:49,763 - INFO - Epoch 322/500, Loss: 5.6288, Training Accuracy:  0.9831, Validation Accuracy:  0.7406
2025-03-12 11:16:58,095 - INFO - Epoch 323/500, Loss: 6.9843, Training Accuracy:  0.9842, Validation Accuracy:  0.7395
2025-03-12 11:17:06,789 - INFO - Epoch 324/500, Loss: 7.1480, Training Accuracy:  0.9868, Validation Accuracy:  0.7390
2025-03-12 11:17:15,534 - INFO - Epoch 325/500, Loss: 8.3170, Training Accuracy:  0.9793, Validation Accuracy:  0.7330
2025-03-12 11:17:23,785 - INFO - Epoch 326/500, Loss: 4.5633, Training Accuracy:  0.9729, Validation Accuracy:  0.7297
2025-03-12 11:17:31,753 - INFO - Epoch 327/500, Loss: 5.3584, Training Accuracy:  0.9841, Validation Accuracy:  0.7404
2025-03-12 11:17:40,275 - INFO - Epoch 328/500, Loss: 8.3162, Training Accuracy:  0.9835, Validation Accuracy:  0.7365
2025-03-12 11:17:48,322 - INFO - Epoch 329/500, Loss: 6.2575, Training Accuracy:  0.9817, Validation Accuracy:  0.7389
2025-03-12 11:17:56,454 - INFO - Epoch 330/500, Loss: 7.1239, Training Accuracy:  0.9813, Validation Accuracy:  0.7338
2025-03-12 11:18:04,886 - INFO - Epoch 331/500, Loss: 6.7075, Training Accuracy:  0.9858, Validation Accuracy:  0.7422
2025-03-12 11:18:14,530 - INFO - Epoch 332/500, Loss: 5.4887, Training Accuracy:  0.9840, Validation Accuracy:  0.7374
2025-03-12 11:18:23,603 - INFO - Epoch 333/500, Loss: 8.2949, Training Accuracy:  0.9737, Validation Accuracy:  0.7444
2025-03-12 11:18:31,432 - INFO - Epoch 334/500, Loss: 6.9722, Training Accuracy:  0.9836, Validation Accuracy:  0.7422
2025-03-12 11:18:39,885 - INFO - Epoch 335/500, Loss: 6.2001, Training Accuracy:  0.9819, Validation Accuracy:  0.7425
2025-03-12 11:18:49,640 - INFO - Epoch 336/500, Loss: 6.8316, Training Accuracy:  0.9833, Validation Accuracy:  0.7393
2025-03-12 11:18:57,463 - INFO - Epoch 337/500, Loss: 7.6164, Training Accuracy:  0.9874, Validation Accuracy:  0.7450
2025-03-12 11:19:06,622 - INFO - Epoch 338/500, Loss: 7.5940, Training Accuracy:  0.9859, Validation Accuracy:  0.7400
2025-03-12 11:19:14,991 - INFO - Epoch 339/500, Loss: 6.5633, Training Accuracy:  0.9800, Validation Accuracy:  0.7329
2025-03-12 11:19:23,538 - INFO - Epoch 340/500, Loss: 6.6970, Training Accuracy:  0.9766, Validation Accuracy:  0.7406
2025-03-12 11:19:31,417 - INFO - Epoch 341/500, Loss: 4.5900, Training Accuracy:  0.9844, Validation Accuracy:  0.7337
2025-03-12 11:19:39,058 - INFO - Epoch 342/500, Loss: 6.9247, Training Accuracy:  0.9886, Validation Accuracy:  0.7447
2025-03-12 11:19:47,120 - INFO - Epoch 343/500, Loss: 4.9728, Training Accuracy:  0.9782, Validation Accuracy:  0.7363
2025-03-12 11:19:56,551 - INFO - Epoch 344/500, Loss: 8.0182, Training Accuracy:  0.9827, Validation Accuracy:  0.7352
2025-03-12 11:20:05,321 - INFO - Epoch 345/500, Loss: 7.2816, Training Accuracy:  0.9858, Validation Accuracy:  0.7439
2025-03-12 11:20:14,437 - INFO - Epoch 346/500, Loss: 8.2113, Training Accuracy:  0.9821, Validation Accuracy:  0.7373
2025-03-12 11:20:23,576 - INFO - Epoch 347/500, Loss: 6.4320, Training Accuracy:  0.9841, Validation Accuracy:  0.7415
2025-03-12 11:20:32,053 - INFO - Epoch 348/500, Loss: 7.1154, Training Accuracy:  0.9885, Validation Accuracy:  0.7407
2025-03-12 11:20:40,313 - INFO - Epoch 349/500, Loss: 5.8598, Training Accuracy:  0.9824, Validation Accuracy:  0.7310
2025-03-12 11:20:48,681 - INFO - Epoch 350/500, Loss: 5.7583, Training Accuracy:  0.9669, Validation Accuracy:  0.7395
2025-03-12 11:20:57,150 - INFO - Epoch 351/500, Loss: 7.6913, Training Accuracy:  0.9871, Validation Accuracy:  0.7400
2025-03-12 11:21:05,019 - INFO - Epoch 352/500, Loss: 7.3727, Training Accuracy:  0.9895, Validation Accuracy:  0.7491
2025-03-12 11:21:13,220 - INFO - Epoch 353/500, Loss: 9.2294, Training Accuracy:  0.9876, Validation Accuracy:  0.7351
2025-03-12 11:21:22,061 - INFO - Epoch 354/500, Loss: 6.4778, Training Accuracy:  0.9814, Validation Accuracy:  0.7367
2025-03-12 11:21:31,090 - INFO - Epoch 355/500, Loss: 7.1566, Training Accuracy:  0.9816, Validation Accuracy:  0.7415
2025-03-12 11:21:38,892 - INFO - Epoch 356/500, Loss: 6.9070, Training Accuracy:  0.9787, Validation Accuracy:  0.7363
2025-03-12 11:21:46,999 - INFO - Epoch 357/500, Loss: 6.6975, Training Accuracy:  0.9883, Validation Accuracy:  0.7459
2025-03-12 11:21:55,740 - INFO - Epoch 358/500, Loss: 6.9136, Training Accuracy:  0.9856, Validation Accuracy:  0.7304
2025-03-12 11:22:04,297 - INFO - Epoch 359/500, Loss: 7.7105, Training Accuracy:  0.9823, Validation Accuracy:  0.7455
2025-03-12 11:22:13,394 - INFO - Epoch 360/500, Loss: 7.1263, Training Accuracy:  0.9891, Validation Accuracy:  0.7469
2025-03-12 11:22:21,747 - INFO - Epoch 361/500, Loss: 7.9750, Training Accuracy:  0.9843, Validation Accuracy:  0.7302
2025-03-12 11:22:29,757 - INFO - Epoch 362/500, Loss: 7.0981, Training Accuracy:  0.9752, Validation Accuracy:  0.7374
2025-03-12 11:22:38,994 - INFO - Epoch 363/500, Loss: 5.5134, Training Accuracy:  0.9837, Validation Accuracy:  0.7434
2025-03-12 11:22:48,175 - INFO - Epoch 364/500, Loss: 9.5185, Training Accuracy:  0.9872, Validation Accuracy:  0.7426
2025-03-12 11:22:57,468 - INFO - Epoch 365/500, Loss: 7.3217, Training Accuracy:  0.9836, Validation Accuracy:  0.7467
2025-03-12 11:23:05,802 - INFO - Epoch 366/500, Loss: 6.7269, Training Accuracy:  0.9871, Validation Accuracy:  0.7469
2025-03-12 11:23:13,585 - INFO - Epoch 367/500, Loss: 6.9540, Training Accuracy:  0.9815, Validation Accuracy:  0.7404
2025-03-12 11:23:22,354 - INFO - Epoch 368/500, Loss: 5.8293, Training Accuracy:  0.9864, Validation Accuracy:  0.7403
2025-03-12 11:23:31,096 - INFO - Epoch 369/500, Loss: 6.8512, Training Accuracy:  0.9866, Validation Accuracy:  0.7398
2025-03-12 11:23:40,150 - INFO - Epoch 370/500, Loss: 6.2765, Training Accuracy:  0.9800, Validation Accuracy:  0.7474
2025-03-12 11:23:48,296 - INFO - Epoch 371/500, Loss: 6.4881, Training Accuracy:  0.9847, Validation Accuracy:  0.7491
2025-03-12 11:23:56,849 - INFO - Epoch 372/500, Loss: 6.2084, Training Accuracy:  0.9818, Validation Accuracy:  0.7354
2025-03-12 11:24:04,974 - INFO - Epoch 373/500, Loss: 8.7850, Training Accuracy:  0.9882, Validation Accuracy:  0.7450
2025-03-12 11:24:13,485 - INFO - Epoch 374/500, Loss: 5.8334, Training Accuracy:  0.9830, Validation Accuracy:  0.7430
2025-03-12 11:24:23,004 - INFO - Epoch 375/500, Loss: 7.1878, Training Accuracy:  0.9893, Validation Accuracy:  0.7444
2025-03-12 11:24:30,988 - INFO - Epoch 376/500, Loss: 7.2754, Training Accuracy:  0.9856, Validation Accuracy:  0.7389
2025-03-12 11:24:39,121 - INFO - Epoch 377/500, Loss: 7.6862, Training Accuracy:  0.9783, Validation Accuracy:  0.7485
2025-03-12 11:24:46,641 - INFO - Epoch 378/500, Loss: 7.0400, Training Accuracy:  0.9854, Validation Accuracy:  0.7444
2025-03-12 11:24:54,444 - INFO - Epoch 379/500, Loss: 6.2306, Training Accuracy:  0.9876, Validation Accuracy:  0.7470
2025-03-12 11:25:02,895 - INFO - Epoch 380/500, Loss: 6.5703, Training Accuracy:  0.9748, Validation Accuracy:  0.7381
2025-03-12 11:25:10,800 - INFO - Epoch 381/500, Loss: 6.6559, Training Accuracy:  0.9879, Validation Accuracy:  0.7493
2025-03-12 11:25:18,698 - INFO - Epoch 382/500, Loss: 5.0398, Training Accuracy:  0.9873, Validation Accuracy:  0.7486
2025-03-12 11:25:27,596 - INFO - Epoch 383/500, Loss: 7.7976, Training Accuracy:  0.9882, Validation Accuracy:  0.7269
2025-03-12 11:25:36,539 - INFO - Epoch 384/500, Loss: 5.5692, Training Accuracy:  0.9796, Validation Accuracy:  0.7433
2025-03-12 11:25:44,641 - INFO - Epoch 385/500, Loss: 5.6700, Training Accuracy:  0.9879, Validation Accuracy:  0.7458
2025-03-12 11:25:52,856 - INFO - Epoch 386/500, Loss: 5.4739, Training Accuracy:  0.9863, Validation Accuracy:  0.7434
2025-03-12 11:26:00,413 - INFO - Epoch 387/500, Loss: 6.7020, Training Accuracy:  0.9883, Validation Accuracy:  0.7488
2025-03-12 11:26:08,949 - INFO - Epoch 388/500, Loss: 7.8064, Training Accuracy:  0.9793, Validation Accuracy:  0.7493
2025-03-12 11:26:17,308 - INFO - Epoch 389/500, Loss: 4.3422, Training Accuracy:  0.9795, Validation Accuracy:  0.7515
2025-03-12 11:26:25,563 - INFO - Epoch 390/500, Loss: 5.5331, Training Accuracy:  0.9864, Validation Accuracy:  0.7459
2025-03-12 11:26:33,436 - INFO - Epoch 391/500, Loss: 6.5386, Training Accuracy:  0.9897, Validation Accuracy:  0.7459
2025-03-12 11:26:41,598 - INFO - Epoch 392/500, Loss: 5.0831, Training Accuracy:  0.9866, Validation Accuracy:  0.7475
2025-03-12 11:26:49,192 - INFO - Epoch 393/500, Loss: 6.1268, Training Accuracy:  0.9851, Validation Accuracy:  0.7441
2025-03-12 11:26:57,120 - INFO - Epoch 394/500, Loss: 5.9059, Training Accuracy:  0.9794, Validation Accuracy:  0.7508
2025-03-12 11:27:05,770 - INFO - Epoch 395/500, Loss: 6.2968, Training Accuracy:  0.9899, Validation Accuracy:  0.7511
2025-03-12 11:27:14,235 - INFO - Epoch 396/500, Loss: 7.6375, Training Accuracy:  0.9896, Validation Accuracy:  0.7395
2025-03-12 11:27:23,495 - INFO - Epoch 397/500, Loss: 6.6543, Training Accuracy:  0.9793, Validation Accuracy:  0.7428
2025-03-12 11:27:31,828 - INFO - Epoch 398/500, Loss: 6.2820, Training Accuracy:  0.9856, Validation Accuracy:  0.7450
2025-03-12 11:27:40,151 - INFO - Epoch 399/500, Loss: 6.8882, Training Accuracy:  0.9878, Validation Accuracy:  0.7521
2025-03-12 11:27:48,779 - INFO - Epoch 400/500, Loss: 7.8186, Training Accuracy:  0.9864, Validation Accuracy:  0.7477
2025-03-12 11:27:57,122 - INFO - Epoch 401/500, Loss: 6.9056, Training Accuracy:  0.9793, Validation Accuracy:  0.7491
2025-03-12 11:28:06,379 - INFO - Epoch 402/500, Loss: 7.3529, Training Accuracy:  0.9868, Validation Accuracy:  0.7456
2025-03-12 11:28:15,226 - INFO - Epoch 403/500, Loss: 6.3700, Training Accuracy:  0.9885, Validation Accuracy:  0.7522
2025-03-12 11:28:23,103 - INFO - Epoch 404/500, Loss: 5.9566, Training Accuracy:  0.9903, Validation Accuracy:  0.7420
2025-03-12 11:28:31,806 - INFO - Epoch 405/500, Loss: 5.8254, Training Accuracy:  0.9797, Validation Accuracy:  0.7417
2025-03-12 11:28:40,522 - INFO - Epoch 406/500, Loss: 6.2576, Training Accuracy:  0.9868, Validation Accuracy:  0.7486
2025-03-12 11:28:48,667 - INFO - Epoch 407/500, Loss: 7.0807, Training Accuracy:  0.9881, Validation Accuracy:  0.7426
2025-03-12 11:28:57,675 - INFO - Epoch 408/500, Loss: 7.2665, Training Accuracy:  0.9845, Validation Accuracy:  0.7469
2025-03-12 11:29:06,735 - INFO - Epoch 409/500, Loss: 6.3826, Training Accuracy:  0.9845, Validation Accuracy:  0.7467
2025-03-12 11:29:14,947 - INFO - Epoch 410/500, Loss: 8.0557, Training Accuracy:  0.9897, Validation Accuracy:  0.7444
2025-03-12 11:29:22,776 - INFO - Epoch 411/500, Loss: 6.7217, Training Accuracy:  0.9901, Validation Accuracy:  0.7504
2025-03-12 11:29:30,969 - INFO - Epoch 412/500, Loss: 7.5217, Training Accuracy:  0.9881, Validation Accuracy:  0.7472
2025-03-12 11:29:38,975 - INFO - Epoch 413/500, Loss: 8.0024, Training Accuracy:  0.9804, Validation Accuracy:  0.7455
2025-03-12 11:29:47,109 - INFO - Epoch 414/500, Loss: 6.9429, Training Accuracy:  0.9881, Validation Accuracy:  0.7537
2025-03-12 11:29:55,397 - INFO - Epoch 415/500, Loss: 6.4874, Training Accuracy:  0.9903, Validation Accuracy:  0.7491
2025-03-12 11:30:03,302 - INFO - Epoch 416/500, Loss: 8.1867, Training Accuracy:  0.9808, Validation Accuracy:  0.7450
2025-03-12 11:30:12,241 - INFO - Epoch 417/500, Loss: 6.4187, Training Accuracy:  0.9856, Validation Accuracy:  0.7425
2025-03-12 11:30:20,510 - INFO - Epoch 418/500, Loss: 7.0456, Training Accuracy:  0.9843, Validation Accuracy:  0.7455
2025-03-12 11:30:29,107 - INFO - Epoch 419/500, Loss: 7.4539, Training Accuracy:  0.9855, Validation Accuracy:  0.7453
2025-03-12 11:30:37,982 - INFO - Epoch 420/500, Loss: 6.3842, Training Accuracy:  0.9901, Validation Accuracy:  0.7576
2025-03-12 11:30:46,141 - INFO - Epoch 421/500, Loss: 6.3245, Training Accuracy:  0.9880, Validation Accuracy:  0.7430
2025-03-12 11:30:53,927 - INFO - Epoch 422/500, Loss: 5.8129, Training Accuracy:  0.9879, Validation Accuracy:  0.7371
2025-03-12 11:31:01,927 - INFO - Epoch 423/500, Loss: 6.3732, Training Accuracy:  0.9893, Validation Accuracy:  0.7557
2025-03-12 11:31:10,587 - INFO - Epoch 424/500, Loss: 6.8000, Training Accuracy:  0.9845, Validation Accuracy:  0.7395
2025-03-12 11:31:18,957 - INFO - Epoch 425/500, Loss: 7.6046, Training Accuracy:  0.9821, Validation Accuracy:  0.7527
2025-03-12 11:31:27,377 - INFO - Epoch 426/500, Loss: 6.9850, Training Accuracy:  0.9864, Validation Accuracy:  0.7472
2025-03-12 11:31:35,974 - INFO - Epoch 427/500, Loss: 5.6987, Training Accuracy:  0.9832, Validation Accuracy:  0.7524
2025-03-12 11:31:44,907 - INFO - Epoch 428/500, Loss: 6.6475, Training Accuracy:  0.9906, Validation Accuracy:  0.7513
2025-03-12 11:31:52,463 - INFO - Epoch 429/500, Loss: 5.7162, Training Accuracy:  0.9891, Validation Accuracy:  0.7450
2025-03-12 11:32:00,175 - INFO - Epoch 430/500, Loss: 6.3941, Training Accuracy:  0.9866, Validation Accuracy:  0.7426
2025-03-12 11:32:08,659 - INFO - Epoch 431/500, Loss: 7.4924, Training Accuracy:  0.9878, Validation Accuracy:  0.7532
2025-03-12 11:32:17,205 - INFO - Epoch 432/500, Loss: 5.6467, Training Accuracy:  0.9928, Validation Accuracy:  0.7541
2025-03-12 11:32:25,777 - INFO - Epoch 433/500, Loss: 5.2589, Training Accuracy:  0.9839, Validation Accuracy:  0.7453
2025-03-12 11:32:33,450 - INFO - Epoch 434/500, Loss: 5.4135, Training Accuracy:  0.9850, Validation Accuracy:  0.7532
2025-03-12 11:32:41,776 - INFO - Epoch 435/500, Loss: 4.7977, Training Accuracy:  0.9839, Validation Accuracy:  0.7522
2025-03-12 11:32:49,938 - INFO - Epoch 436/500, Loss: 4.1288, Training Accuracy:  0.9841, Validation Accuracy:  0.7527
2025-03-12 11:32:58,876 - INFO - Epoch 437/500, Loss: 4.8520, Training Accuracy:  0.9899, Validation Accuracy:  0.7530
2025-03-12 11:33:07,105 - INFO - Epoch 438/500, Loss: 7.3265, Training Accuracy:  0.9883, Validation Accuracy:  0.7497
2025-03-12 11:33:15,140 - INFO - Epoch 439/500, Loss: 5.4752, Training Accuracy:  0.9867, Validation Accuracy:  0.7507
2025-03-12 11:33:23,519 - INFO - Epoch 440/500, Loss: 5.2689, Training Accuracy:  0.9843, Validation Accuracy:  0.7452
2025-03-12 11:33:31,282 - INFO - Epoch 441/500, Loss: 5.0384, Training Accuracy:  0.9807, Validation Accuracy:  0.7526
2025-03-12 11:33:39,488 - INFO - Epoch 442/500, Loss: 5.2968, Training Accuracy:  0.9875, Validation Accuracy:  0.7548
2025-03-12 11:33:47,971 - INFO - Epoch 443/500, Loss: 6.3374, Training Accuracy:  0.9825, Validation Accuracy:  0.7567
2025-03-12 11:33:56,529 - INFO - Epoch 444/500, Loss: 6.4634, Training Accuracy:  0.9941, Validation Accuracy:  0.7574
2025-03-12 11:34:04,973 - INFO - Epoch 445/500, Loss: 5.1336, Training Accuracy:  0.9882, Validation Accuracy:  0.7434
2025-03-12 11:34:13,029 - INFO - Epoch 446/500, Loss: 6.7610, Training Accuracy:  0.9801, Validation Accuracy:  0.7500
2025-03-12 11:34:21,632 - INFO - Epoch 447/500, Loss: 5.7711, Training Accuracy:  0.9889, Validation Accuracy:  0.7560
2025-03-12 11:34:30,230 - INFO - Epoch 448/500, Loss: 5.3451, Training Accuracy:  0.9883, Validation Accuracy:  0.7543
2025-03-12 11:34:37,990 - INFO - Epoch 449/500, Loss: 5.9934, Training Accuracy:  0.9896, Validation Accuracy:  0.7562
2025-03-12 11:34:46,025 - INFO - Epoch 450/500, Loss: 7.3900, Training Accuracy:  0.9836, Validation Accuracy:  0.7524
2025-03-12 11:34:55,366 - INFO - Epoch 451/500, Loss: 6.6961, Training Accuracy:  0.9877, Validation Accuracy:  0.7552
2025-03-12 11:35:03,977 - INFO - Epoch 452/500, Loss: 6.3583, Training Accuracy:  0.9868, Validation Accuracy:  0.7548
2025-03-12 11:35:11,937 - INFO - Epoch 453/500, Loss: 5.9050, Training Accuracy:  0.9888, Validation Accuracy:  0.7504
2025-03-12 11:35:20,609 - INFO - Epoch 454/500, Loss: 7.2111, Training Accuracy:  0.9898, Validation Accuracy:  0.7551
2025-03-12 11:35:29,522 - INFO - Epoch 455/500, Loss: 6.7701, Training Accuracy:  0.9840, Validation Accuracy:  0.7459
2025-03-12 11:35:37,454 - INFO - Epoch 456/500, Loss: 8.0747, Training Accuracy:  0.9875, Validation Accuracy:  0.7521
2025-03-12 11:35:45,529 - INFO - Epoch 457/500, Loss: 6.9247, Training Accuracy:  0.9852, Validation Accuracy:  0.7516
2025-03-12 11:35:53,792 - INFO - Epoch 458/500, Loss: 6.0112, Training Accuracy:  0.9867, Validation Accuracy:  0.7554
2025-03-12 11:36:02,897 - INFO - Epoch 459/500, Loss: 5.2642, Training Accuracy:  0.9870, Validation Accuracy:  0.7474
2025-03-12 11:36:10,663 - INFO - Epoch 460/500, Loss: 6.0050, Training Accuracy:  0.9890, Validation Accuracy:  0.7601
2025-03-12 11:36:18,810 - INFO - Epoch 461/500, Loss: 5.9183, Training Accuracy:  0.9885, Validation Accuracy:  0.7510
2025-03-12 11:36:26,649 - INFO - Epoch 462/500, Loss: 5.6416, Training Accuracy:  0.9839, Validation Accuracy:  0.7552
2025-03-12 11:36:35,492 - INFO - Epoch 463/500, Loss: 5.2999, Training Accuracy:  0.9890, Validation Accuracy:  0.7524
2025-03-12 11:36:43,572 - INFO - Epoch 464/500, Loss: 5.6080, Training Accuracy:  0.9833, Validation Accuracy:  0.7472
2025-03-12 11:36:52,148 - INFO - Epoch 465/500, Loss: 5.3355, Training Accuracy:  0.9833, Validation Accuracy:  0.7541
2025-03-12 11:37:01,898 - INFO - Epoch 466/500, Loss: 4.9381, Training Accuracy:  0.9906, Validation Accuracy:  0.7563
2025-03-12 11:37:11,081 - INFO - Epoch 467/500, Loss: 5.0458, Training Accuracy:  0.9908, Validation Accuracy:  0.7535
2025-03-12 11:37:19,123 - INFO - Epoch 468/500, Loss: 5.6406, Training Accuracy:  0.9908, Validation Accuracy:  0.7560
2025-03-12 11:37:27,801 - INFO - Epoch 469/500, Loss: 6.8300, Training Accuracy:  0.9897, Validation Accuracy:  0.7502
2025-03-12 11:37:36,474 - INFO - Epoch 470/500, Loss: 6.3639, Training Accuracy:  0.9813, Validation Accuracy:  0.7563
2025-03-12 11:37:44,436 - INFO - Epoch 471/500, Loss: 6.9379, Training Accuracy:  0.9902, Validation Accuracy:  0.7510
2025-03-12 11:37:52,632 - INFO - Epoch 472/500, Loss: 6.7092, Training Accuracy:  0.9886, Validation Accuracy:  0.7530
2025-03-12 11:38:00,295 - INFO - Epoch 473/500, Loss: 6.0095, Training Accuracy:  0.9896, Validation Accuracy:  0.7500
2025-03-12 11:38:08,905 - INFO - Epoch 474/500, Loss: 6.3722, Training Accuracy:  0.9813, Validation Accuracy:  0.7426
2025-03-12 11:38:17,238 - INFO - Epoch 475/500, Loss: 5.4386, Training Accuracy:  0.9874, Validation Accuracy:  0.7526
2025-03-12 11:38:25,295 - INFO - Epoch 476/500, Loss: 6.8270, Training Accuracy:  0.9902, Validation Accuracy:  0.7568
2025-03-12 11:38:34,211 - INFO - Epoch 477/500, Loss: 6.4090, Training Accuracy:  0.9883, Validation Accuracy:  0.7573
2025-03-12 11:38:43,270 - INFO - Epoch 478/500, Loss: 6.0036, Training Accuracy:  0.9926, Validation Accuracy:  0.7585
2025-03-12 11:38:51,847 - INFO - Epoch 479/500, Loss: 6.0350, Training Accuracy:  0.9827, Validation Accuracy:  0.7456
2025-03-12 11:39:01,413 - INFO - Epoch 480/500, Loss: 4.6745, Training Accuracy:  0.9853, Validation Accuracy:  0.7543
2025-03-12 11:39:10,029 - INFO - Epoch 481/500, Loss: 6.1643, Training Accuracy:  0.9876, Validation Accuracy:  0.7384
2025-03-12 11:39:19,275 - INFO - Epoch 482/500, Loss: 6.5374, Training Accuracy:  0.9882, Validation Accuracy:  0.7481
2025-03-12 11:39:28,250 - INFO - Epoch 483/500, Loss: 4.6191, Training Accuracy:  0.9885, Validation Accuracy:  0.7423
2025-03-12 11:39:37,128 - INFO - Epoch 484/500, Loss: 5.0428, Training Accuracy:  0.9895, Validation Accuracy:  0.7601
2025-03-12 11:39:46,340 - INFO - Epoch 485/500, Loss: 5.1753, Training Accuracy:  0.9937, Validation Accuracy:  0.7574
2025-03-12 11:39:56,062 - INFO - Epoch 486/500, Loss: 5.7112, Training Accuracy:  0.9935, Validation Accuracy:  0.7524
2025-03-12 11:40:04,947 - INFO - Epoch 487/500, Loss: 6.8611, Training Accuracy:  0.9784, Validation Accuracy:  0.7504
2025-03-12 11:40:12,935 - INFO - Epoch 488/500, Loss: 6.0347, Training Accuracy:  0.9856, Validation Accuracy:  0.7538
2025-03-12 11:40:21,241 - INFO - Epoch 489/500, Loss: 5.9377, Training Accuracy:  0.9880, Validation Accuracy:  0.7491
2025-03-12 11:40:29,546 - INFO - Epoch 490/500, Loss: 6.5274, Training Accuracy:  0.9868, Validation Accuracy:  0.7609
2025-03-12 11:40:38,073 - INFO - Epoch 491/500, Loss: 7.7478, Training Accuracy:  0.9918, Validation Accuracy:  0.7448
2025-03-12 11:40:46,234 - INFO - Epoch 492/500, Loss: 5.9394, Training Accuracy:  0.9852, Validation Accuracy:  0.7411
2025-03-12 11:40:54,883 - INFO - Epoch 493/500, Loss: 5.0520, Training Accuracy:  0.9895, Validation Accuracy:  0.7582
2025-03-12 11:41:02,455 - INFO - Epoch 494/500, Loss: 5.1622, Training Accuracy:  0.9926, Validation Accuracy:  0.7571
2025-03-12 11:41:10,783 - INFO - Epoch 495/500, Loss: 6.3559, Training Accuracy:  0.9825, Validation Accuracy:  0.7513
2025-03-12 11:41:19,912 - INFO - Epoch 496/500, Loss: 5.0548, Training Accuracy:  0.9874, Validation Accuracy:  0.7556
2025-03-12 11:41:29,167 - INFO - Epoch 497/500, Loss: 4.9511, Training Accuracy:  0.9898, Validation Accuracy:  0.7554
2025-03-12 11:41:37,466 - INFO - Epoch 498/500, Loss: 6.4402, Training Accuracy:  0.9897, Validation Accuracy:  0.7519
2025-03-12 11:41:46,624 - INFO - Epoch 499/500, Loss: 5.2765, Training Accuracy:  0.9901, Validation Accuracy:  0.7522
2025-03-12 11:41:55,570 - INFO - Epoch 500/500, Loss: 6.1705, Training Accuracy:  0.9893, Validation Accuracy:  0.7526
2025-03-12 11:41:55,570 - INFO - Training finished
