2025-03-12 12:45:59,903 - INFO - LSTM_divided(
  (lstm_pose): LSTM(132, 128, num_layers=4, batch_first=True, dropout=0.5)
  (lstm_hands): LSTM(126, 128, num_layers=4, batch_first=True, dropout=0.5)
  (dense1): Linear(in_features=128, out_features=128, bias=True)
  (dense2): Linear(in_features=256, out_features=256, bias=True)
  (dense_out): Linear(in_features=256, out_features=300, bias=True)
  (relu): ReLU()
  (softmax): Softmax(dim=2)
)
2025-03-12 12:46:00,060 - INFO - Training started
2025-03-12 12:46:08,059 - INFO - Epoch 1/500, Loss: 5.2074, Training Accuracy:  0.0076, Validation Accuracy:  0.0101
2025-03-12 12:46:16,136 - INFO - Epoch 2/500, Loss: 5.1736, Training Accuracy:  0.0120, Validation Accuracy:  0.0129
2025-03-12 12:46:24,485 - INFO - Epoch 3/500, Loss: 5.1534, Training Accuracy:  0.0165, Validation Accuracy:  0.0175
2025-03-12 12:46:33,792 - INFO - Epoch 4/500, Loss: 4.7890, Training Accuracy:  0.0263, Validation Accuracy:  0.0263
2025-03-12 12:46:42,769 - INFO - Epoch 5/500, Loss: 4.8494, Training Accuracy:  0.0370, Validation Accuracy:  0.0422
2025-03-12 12:46:51,185 - INFO - Epoch 6/500, Loss: 4.9824, Training Accuracy:  0.0489, Validation Accuracy:  0.0476
2025-03-12 12:46:59,501 - INFO - Epoch 7/500, Loss: 4.4813, Training Accuracy:  0.0649, Validation Accuracy:  0.0787
2025-03-12 12:47:07,559 - INFO - Epoch 8/500, Loss: 4.4104, Training Accuracy:  0.0912, Validation Accuracy:  0.0920
2025-03-12 12:47:16,576 - INFO - Epoch 9/500, Loss: 4.5647, Training Accuracy:  0.1065, Validation Accuracy:  0.1150
2025-03-12 12:47:25,623 - INFO - Epoch 10/500, Loss: 3.6546, Training Accuracy:  0.1454, Validation Accuracy:  0.1539
2025-03-12 12:47:34,783 - INFO - Epoch 11/500, Loss: 3.1391, Training Accuracy:  0.1962, Validation Accuracy:  0.2128
2025-03-12 12:47:43,586 - INFO - Epoch 12/500, Loss: 3.6138, Training Accuracy:  0.2576, Validation Accuracy:  0.2569
2025-03-12 12:47:52,375 - INFO - Epoch 13/500, Loss: 2.4922, Training Accuracy:  0.3190, Validation Accuracy:  0.3076
2025-03-12 12:48:01,036 - INFO - Epoch 14/500, Loss: 2.0871, Training Accuracy:  0.3776, Validation Accuracy:  0.3534
2025-03-12 12:48:08,810 - INFO - Epoch 15/500, Loss: 1.4480, Training Accuracy:  0.4451, Validation Accuracy:  0.4125
2025-03-12 12:48:17,330 - INFO - Epoch 16/500, Loss: 1.2457, Training Accuracy:  0.5135, Validation Accuracy:  0.4692
2025-03-12 12:48:26,119 - INFO - Epoch 17/500, Loss: 1.0450, Training Accuracy:  0.5536, Validation Accuracy:  0.4925
2025-03-12 12:48:34,728 - INFO - Epoch 18/500, Loss: 1.0967, Training Accuracy:  0.5988, Validation Accuracy:  0.5621
2025-03-12 12:48:43,564 - INFO - Epoch 19/500, Loss: 0.7932, Training Accuracy:  0.6438, Validation Accuracy:  0.5757
2025-03-12 12:48:51,961 - INFO - Epoch 20/500, Loss: 0.3884, Training Accuracy:  0.6750, Validation Accuracy:  0.5894
2025-03-12 12:49:00,759 - INFO - Epoch 21/500, Loss: 0.7823, Training Accuracy:  0.7096, Validation Accuracy:  0.6225
2025-03-12 12:49:09,587 - INFO - Epoch 22/500, Loss: 0.2579, Training Accuracy:  0.7311, Validation Accuracy:  0.6248
2025-03-12 12:49:17,096 - INFO - Epoch 23/500, Loss: 0.4506, Training Accuracy:  0.7548, Validation Accuracy:  0.6625
2025-03-12 12:49:26,557 - INFO - Epoch 24/500, Loss: 0.7434, Training Accuracy:  0.7778, Validation Accuracy:  0.6688
2025-03-12 12:49:34,986 - INFO - Epoch 25/500, Loss: 0.4163, Training Accuracy:  0.7811, Validation Accuracy:  0.6749
2025-03-12 12:49:43,275 - INFO - Epoch 26/500, Loss: 0.6000, Training Accuracy:  0.8079, Validation Accuracy:  0.6793
2025-03-12 12:49:52,229 - INFO - Epoch 27/500, Loss: 0.3490, Training Accuracy:  0.8124, Validation Accuracy:  0.6930
2025-03-12 12:50:00,019 - INFO - Epoch 28/500, Loss: 0.7385, Training Accuracy:  0.8174, Validation Accuracy:  0.7061
2025-03-12 12:50:08,956 - INFO - Epoch 29/500, Loss: 0.3272, Training Accuracy:  0.8411, Validation Accuracy:  0.7173
2025-03-12 12:50:17,287 - INFO - Epoch 30/500, Loss: 0.7051, Training Accuracy:  0.8499, Validation Accuracy:  0.7190
2025-03-12 12:50:25,526 - INFO - Epoch 31/500, Loss: 1.0074, Training Accuracy:  0.8532, Validation Accuracy:  0.7280
2025-03-12 12:50:34,199 - INFO - Epoch 32/500, Loss: 0.6598, Training Accuracy:  0.8496, Validation Accuracy:  0.7281
2025-03-12 12:50:43,635 - INFO - Epoch 33/500, Loss: 0.6567, Training Accuracy:  0.8714, Validation Accuracy:  0.7102
2025-03-12 12:50:51,701 - INFO - Epoch 34/500, Loss: 1.2064, Training Accuracy:  0.9476, Validation Accuracy:  0.7907
2025-03-12 12:51:00,760 - INFO - Epoch 35/500, Loss: 0.5810, Training Accuracy:  0.9629, Validation Accuracy:  0.7934
2025-03-12 12:51:09,412 - INFO - Epoch 36/500, Loss: 0.9349, Training Accuracy:  0.9615, Validation Accuracy:  0.7891
2025-03-12 12:51:17,536 - INFO - Epoch 37/500, Loss: 0.9420, Training Accuracy:  0.9605, Validation Accuracy:  0.7889
2025-03-12 12:51:26,388 - INFO - Epoch 38/500, Loss: 0.6975, Training Accuracy:  0.9629, Validation Accuracy:  0.7850
2025-03-12 12:51:34,154 - INFO - Epoch 39/500, Loss: 0.1567, Training Accuracy:  0.9563, Validation Accuracy:  0.7875
2025-03-12 12:51:42,046 - INFO - Epoch 40/500, Loss: 1.3669, Training Accuracy:  0.9642, Validation Accuracy:  0.7957
2025-03-12 12:51:50,039 - INFO - Epoch 41/500, Loss: 1.0697, Training Accuracy:  0.9624, Validation Accuracy:  0.7929
2025-03-12 12:51:58,316 - INFO - Epoch 42/500, Loss: 1.1627, Training Accuracy:  0.9602, Validation Accuracy:  0.7869
2025-03-12 12:52:07,480 - INFO - Epoch 43/500, Loss: 0.6495, Training Accuracy:  0.9587, Validation Accuracy:  0.7855
2025-03-12 12:52:15,680 - INFO - Epoch 44/500, Loss: 0.8601, Training Accuracy:  0.9551, Validation Accuracy:  0.7871
2025-03-12 12:52:24,156 - INFO - Epoch 45/500, Loss: 0.9255, Training Accuracy:  0.9660, Validation Accuracy:  0.7926
2025-03-12 12:52:33,312 - INFO - Epoch 46/500, Loss: 0.5870, Training Accuracy:  0.9706, Validation Accuracy:  0.7871
2025-03-12 12:52:42,379 - INFO - Epoch 47/500, Loss: 0.1043, Training Accuracy:  0.9693, Validation Accuracy:  0.7921
2025-03-12 12:52:50,578 - INFO - Epoch 48/500, Loss: 0.2540, Training Accuracy:  0.9671, Validation Accuracy:  0.7921
2025-03-12 12:52:58,085 - INFO - Epoch 49/500, Loss: 0.5979, Training Accuracy:  0.9637, Validation Accuracy:  0.7963
2025-03-12 12:53:06,016 - INFO - Epoch 50/500, Loss: 0.1508, Training Accuracy:  0.9638, Validation Accuracy:  0.7918
2025-03-12 12:53:15,111 - INFO - Epoch 51/500, Loss: 0.3757, Training Accuracy:  0.9694, Validation Accuracy:  0.7959
2025-03-12 12:53:23,336 - INFO - Epoch 52/500, Loss: 0.7372, Training Accuracy:  0.9696, Validation Accuracy:  0.7932
2025-03-12 12:53:32,460 - INFO - Epoch 53/500, Loss: 0.7347, Training Accuracy:  0.9656, Validation Accuracy:  0.7875
2025-03-12 12:53:41,311 - INFO - Epoch 54/500, Loss: 0.7703, Training Accuracy:  0.9667, Validation Accuracy:  0.7916
2025-03-12 12:53:50,127 - INFO - Epoch 55/500, Loss: 1.7125, Training Accuracy:  0.9654, Validation Accuracy:  0.7926
2025-03-12 12:53:58,541 - INFO - Epoch 56/500, Loss: 0.8205, Training Accuracy:  0.9707, Validation Accuracy:  0.7878
2025-03-12 12:54:07,647 - INFO - Epoch 57/500, Loss: 1.1459, Training Accuracy:  0.9715, Validation Accuracy:  0.7911
2025-03-12 12:54:16,148 - INFO - Epoch 58/500, Loss: 1.1127, Training Accuracy:  0.9690, Validation Accuracy:  0.7899
2025-03-12 12:54:24,741 - INFO - Epoch 59/500, Loss: 0.9145, Training Accuracy:  0.9864, Validation Accuracy:  0.8066
2025-03-12 12:54:32,941 - INFO - Epoch 60/500, Loss: 0.7168, Training Accuracy:  0.9899, Validation Accuracy:  0.8097
2025-03-12 12:54:41,258 - INFO - Epoch 61/500, Loss: 1.6140, Training Accuracy:  0.9902, Validation Accuracy:  0.8100
2025-03-12 12:54:48,890 - INFO - Epoch 62/500, Loss: 1.2138, Training Accuracy:  0.9890, Validation Accuracy:  0.8034
2025-03-12 12:54:57,244 - INFO - Epoch 63/500, Loss: 0.7132, Training Accuracy:  0.9903, Validation Accuracy:  0.8083
2025-03-12 12:55:05,989 - INFO - Epoch 64/500, Loss: 0.5678, Training Accuracy:  0.9914, Validation Accuracy:  0.8080
2025-03-12 12:55:14,930 - INFO - Epoch 65/500, Loss: 1.2684, Training Accuracy:  0.9876, Validation Accuracy:  0.8064
2025-03-12 12:55:23,236 - INFO - Epoch 66/500, Loss: 1.3755, Training Accuracy:  0.9899, Validation Accuracy:  0.8055
2025-03-12 12:55:31,830 - INFO - Epoch 67/500, Loss: 1.1013, Training Accuracy:  0.9900, Validation Accuracy:  0.8063
2025-03-12 12:55:40,206 - INFO - Epoch 68/500, Loss: 1.0767, Training Accuracy:  0.9879, Validation Accuracy:  0.8067
2025-03-12 12:55:48,106 - INFO - Epoch 69/500, Loss: 0.1918, Training Accuracy:  0.9905, Validation Accuracy:  0.8041
2025-03-12 12:55:57,179 - INFO - Epoch 70/500, Loss: 0.8885, Training Accuracy:  0.9924, Validation Accuracy:  0.8078
2025-03-12 12:56:05,847 - INFO - Epoch 71/500, Loss: 1.1916, Training Accuracy:  0.9938, Validation Accuracy:  0.8110
2025-03-12 12:56:14,015 - INFO - Epoch 72/500, Loss: 0.8713, Training Accuracy:  0.9930, Validation Accuracy:  0.8123
2025-03-12 12:56:21,788 - INFO - Epoch 73/500, Loss: 0.9091, Training Accuracy:  0.9942, Validation Accuracy:  0.8115
2025-03-12 12:56:31,356 - INFO - Epoch 74/500, Loss: 1.0021, Training Accuracy:  0.9944, Validation Accuracy:  0.8123
2025-03-12 12:56:40,075 - INFO - Epoch 75/500, Loss: 1.7949, Training Accuracy:  0.9940, Validation Accuracy:  0.8088
2025-03-12 12:56:48,710 - INFO - Epoch 76/500, Loss: 1.2560, Training Accuracy:  0.9950, Validation Accuracy:  0.8123
2025-03-12 12:56:56,760 - INFO - Epoch 77/500, Loss: 1.2583, Training Accuracy:  0.9943, Validation Accuracy:  0.8134
2025-03-12 12:57:04,940 - INFO - Epoch 78/500, Loss: 1.6249, Training Accuracy:  0.9941, Validation Accuracy:  0.8116
2025-03-12 12:57:13,466 - INFO - Epoch 79/500, Loss: 1.7086, Training Accuracy:  0.9945, Validation Accuracy:  0.8132
2025-03-12 12:57:21,493 - INFO - Epoch 80/500, Loss: 1.6002, Training Accuracy:  0.9945, Validation Accuracy:  0.8097
2025-03-12 12:57:30,134 - INFO - Epoch 81/500, Loss: 1.6236, Training Accuracy:  0.9957, Validation Accuracy:  0.8132
2025-03-12 12:57:38,818 - INFO - Epoch 82/500, Loss: 1.5927, Training Accuracy:  0.9953, Validation Accuracy:  0.8149
2025-03-12 12:57:48,005 - INFO - Epoch 83/500, Loss: 1.6379, Training Accuracy:  0.9953, Validation Accuracy:  0.8129
2025-03-12 12:57:56,536 - INFO - Epoch 84/500, Loss: 1.7192, Training Accuracy:  0.9951, Validation Accuracy:  0.8135
2025-03-12 12:58:05,117 - INFO - Epoch 85/500, Loss: 1.5177, Training Accuracy:  0.9955, Validation Accuracy:  0.8137
2025-03-12 12:58:13,458 - INFO - Epoch 86/500, Loss: 1.5131, Training Accuracy:  0.9953, Validation Accuracy:  0.8135
2025-03-12 12:58:21,836 - INFO - Epoch 87/500, Loss: 1.6080, Training Accuracy:  0.9950, Validation Accuracy:  0.8126
2025-03-12 12:58:29,702 - INFO - Epoch 88/500, Loss: 1.4997, Training Accuracy:  0.9951, Validation Accuracy:  0.8138
2025-03-12 12:58:38,411 - INFO - Epoch 89/500, Loss: 1.4935, Training Accuracy:  0.9957, Validation Accuracy:  0.8148
2025-03-12 12:58:47,179 - INFO - Epoch 90/500, Loss: 1.1463, Training Accuracy:  0.9948, Validation Accuracy:  0.8132
2025-03-12 12:58:55,096 - INFO - Epoch 91/500, Loss: 1.2889, Training Accuracy:  0.9947, Validation Accuracy:  0.8121
2025-03-12 12:59:03,117 - INFO - Epoch 92/500, Loss: 1.3117, Training Accuracy:  0.9958, Validation Accuracy:  0.8124
2025-03-12 12:59:11,450 - INFO - Epoch 93/500, Loss: 1.2310, Training Accuracy:  0.9955, Validation Accuracy:  0.8127
2025-03-12 12:59:19,732 - INFO - Epoch 94/500, Loss: 1.1153, Training Accuracy:  0.9958, Validation Accuracy:  0.8135
2025-03-12 12:59:27,882 - INFO - Epoch 95/500, Loss: 1.1500, Training Accuracy:  0.9957, Validation Accuracy:  0.8143
2025-03-12 12:59:37,221 - INFO - Epoch 96/500, Loss: 1.2505, Training Accuracy:  0.9957, Validation Accuracy:  0.8135
2025-03-12 12:59:45,758 - INFO - Epoch 97/500, Loss: 1.2846, Training Accuracy:  0.9964, Validation Accuracy:  0.8127
2025-03-12 12:59:53,546 - INFO - Epoch 98/500, Loss: 1.2585, Training Accuracy:  0.9956, Validation Accuracy:  0.8124
2025-03-12 13:00:01,973 - INFO - Epoch 99/500, Loss: 1.2326, Training Accuracy:  0.9949, Validation Accuracy:  0.8130
2025-03-12 13:00:11,117 - INFO - Epoch 100/500, Loss: 1.2231, Training Accuracy:  0.9960, Validation Accuracy:  0.8127
2025-03-12 13:00:20,367 - INFO - Epoch 101/500, Loss: 1.2449, Training Accuracy:  0.9954, Validation Accuracy:  0.8134
2025-03-12 13:00:29,120 - INFO - Epoch 102/500, Loss: 1.1868, Training Accuracy:  0.9958, Validation Accuracy:  0.8143
2025-03-12 13:00:37,526 - INFO - Epoch 103/500, Loss: 1.1592, Training Accuracy:  0.9955, Validation Accuracy:  0.8143
2025-03-12 13:00:46,612 - INFO - Epoch 104/500, Loss: 1.1460, Training Accuracy:  0.9960, Validation Accuracy:  0.8143
2025-03-12 13:00:55,170 - INFO - Epoch 105/500, Loss: 1.1760, Training Accuracy:  0.9953, Validation Accuracy:  0.8124
2025-03-12 13:01:03,534 - INFO - Epoch 106/500, Loss: 1.1509, Training Accuracy:  0.9959, Validation Accuracy:  0.8127
2025-03-12 13:01:11,656 - INFO - Epoch 107/500, Loss: 1.1609, Training Accuracy:  0.9957, Validation Accuracy:  0.8141
2025-03-12 13:01:19,669 - INFO - Epoch 108/500, Loss: 1.1650, Training Accuracy:  0.9966, Validation Accuracy:  0.8137
2025-03-12 13:01:27,878 - INFO - Epoch 109/500, Loss: 1.1988, Training Accuracy:  0.9962, Validation Accuracy:  0.8126
2025-03-12 13:01:37,439 - INFO - Epoch 110/500, Loss: 1.1556, Training Accuracy:  0.9962, Validation Accuracy:  0.8126
2025-03-12 13:01:45,300 - INFO - Epoch 111/500, Loss: 1.1478, Training Accuracy:  0.9960, Validation Accuracy:  0.8129
2025-03-12 13:01:53,748 - INFO - Epoch 112/500, Loss: 1.1664, Training Accuracy:  0.9955, Validation Accuracy:  0.8129
2025-03-12 13:02:01,882 - INFO - Epoch 113/500, Loss: 1.2286, Training Accuracy:  0.9962, Validation Accuracy:  0.8118
2025-03-12 13:02:09,867 - INFO - Epoch 114/500, Loss: 1.2370, Training Accuracy:  0.9962, Validation Accuracy:  0.8121
2025-03-12 13:02:17,927 - INFO - Epoch 115/500, Loss: 1.2304, Training Accuracy:  0.9959, Validation Accuracy:  0.8123
2025-03-12 13:02:26,155 - INFO - Epoch 116/500, Loss: 1.2293, Training Accuracy:  0.9966, Validation Accuracy:  0.8121
2025-03-12 13:02:34,830 - INFO - Epoch 117/500, Loss: 1.2388, Training Accuracy:  0.9966, Validation Accuracy:  0.8121
2025-03-12 13:02:42,510 - INFO - Epoch 118/500, Loss: 1.2437, Training Accuracy:  0.9964, Validation Accuracy:  0.8124
2025-03-12 13:02:51,623 - INFO - Epoch 119/500, Loss: 1.2462, Training Accuracy:  0.9959, Validation Accuracy:  0.8137
2025-03-12 13:03:00,007 - INFO - Epoch 120/500, Loss: 1.2406, Training Accuracy:  0.9964, Validation Accuracy:  0.8132
2025-03-12 13:03:07,681 - INFO - Epoch 121/500, Loss: 1.2486, Training Accuracy:  0.9957, Validation Accuracy:  0.8126
2025-03-12 13:03:16,473 - INFO - Epoch 122/500, Loss: 1.2535, Training Accuracy:  0.9968, Validation Accuracy:  0.8127
2025-03-12 13:03:26,222 - INFO - Epoch 123/500, Loss: 1.2436, Training Accuracy:  0.9956, Validation Accuracy:  0.8127
2025-03-12 13:03:34,749 - INFO - Epoch 124/500, Loss: 1.2482, Training Accuracy:  0.9964, Validation Accuracy:  0.8123
2025-03-12 13:03:43,498 - INFO - Epoch 125/500, Loss: 1.2420, Training Accuracy:  0.9964, Validation Accuracy:  0.8121
2025-03-12 13:03:50,963 - INFO - Epoch 126/500, Loss: 1.2435, Training Accuracy:  0.9958, Validation Accuracy:  0.8118
2025-03-12 13:04:00,131 - INFO - Epoch 127/500, Loss: 1.2457, Training Accuracy:  0.9955, Validation Accuracy:  0.8116
2025-03-12 13:04:07,715 - INFO - Epoch 128/500, Loss: 1.2415, Training Accuracy:  0.9960, Validation Accuracy:  0.8124
2025-03-12 13:04:17,230 - INFO - Epoch 129/500, Loss: 1.2436, Training Accuracy:  0.9972, Validation Accuracy:  0.8123
2025-03-12 13:04:26,043 - INFO - Epoch 130/500, Loss: 1.2378, Training Accuracy:  0.9964, Validation Accuracy:  0.8118
2025-03-12 13:04:34,665 - INFO - Epoch 131/500, Loss: 1.2321, Training Accuracy:  0.9962, Validation Accuracy:  0.8118
2025-03-12 13:04:43,152 - INFO - Epoch 132/500, Loss: 1.2425, Training Accuracy:  0.9959, Validation Accuracy:  0.8118
2025-03-12 13:04:51,315 - INFO - Epoch 133/500, Loss: 1.2350, Training Accuracy:  0.9960, Validation Accuracy:  0.8119
2025-03-12 13:05:00,114 - INFO - Epoch 134/500, Loss: 1.2367, Training Accuracy:  0.9969, Validation Accuracy:  0.8116
2025-03-12 13:05:08,386 - INFO - Epoch 135/500, Loss: 1.2304, Training Accuracy:  0.9962, Validation Accuracy:  0.8115
2025-03-12 13:05:17,301 - INFO - Epoch 136/500, Loss: 1.2300, Training Accuracy:  0.9964, Validation Accuracy:  0.8115
2025-03-12 13:05:25,908 - INFO - Epoch 137/500, Loss: 1.2332, Training Accuracy:  0.9961, Validation Accuracy:  0.8116
2025-03-12 13:05:33,735 - INFO - Epoch 138/500, Loss: 1.2328, Training Accuracy:  0.9957, Validation Accuracy:  0.8118
2025-03-12 13:05:42,723 - INFO - Epoch 139/500, Loss: 1.2309, Training Accuracy:  0.9959, Validation Accuracy:  0.8116
2025-03-12 13:05:52,581 - INFO - Epoch 140/500, Loss: 1.2322, Training Accuracy:  0.9955, Validation Accuracy:  0.8119
2025-03-12 13:06:00,379 - INFO - Epoch 141/500, Loss: 1.2294, Training Accuracy:  0.9964, Validation Accuracy:  0.8119
2025-03-12 13:06:09,836 - INFO - Epoch 142/500, Loss: 1.2121, Training Accuracy:  0.9957, Validation Accuracy:  0.8116
2025-03-12 13:06:17,942 - INFO - Epoch 143/500, Loss: 1.2128, Training Accuracy:  0.9969, Validation Accuracy:  0.8116
2025-03-12 13:06:26,808 - INFO - Epoch 144/500, Loss: 1.2126, Training Accuracy:  0.9967, Validation Accuracy:  0.8115
2025-03-12 13:06:35,675 - INFO - Epoch 145/500, Loss: 1.2109, Training Accuracy:  0.9963, Validation Accuracy:  0.8116
2025-03-12 13:06:43,683 - INFO - Epoch 146/500, Loss: 1.2103, Training Accuracy:  0.9965, Validation Accuracy:  0.8118
2025-03-12 13:06:51,551 - INFO - Epoch 147/500, Loss: 1.2116, Training Accuracy:  0.9957, Validation Accuracy:  0.8118
2025-03-12 13:06:59,656 - INFO - Epoch 148/500, Loss: 1.2114, Training Accuracy:  0.9964, Validation Accuracy:  0.8118
2025-03-12 13:07:07,641 - INFO - Epoch 149/500, Loss: 1.2122, Training Accuracy:  0.9971, Validation Accuracy:  0.8118
2025-03-12 13:07:15,684 - INFO - Epoch 150/500, Loss: 1.2110, Training Accuracy:  0.9956, Validation Accuracy:  0.8119
2025-03-12 13:07:23,910 - INFO - Epoch 151/500, Loss: 1.2113, Training Accuracy:  0.9963, Validation Accuracy:  0.8118
2025-03-12 13:07:31,547 - INFO - Epoch 152/500, Loss: 1.2105, Training Accuracy:  0.9966, Validation Accuracy:  0.8118
2025-03-12 13:07:39,916 - INFO - Epoch 153/500, Loss: 1.2121, Training Accuracy:  0.9952, Validation Accuracy:  0.8118
2025-03-12 13:07:48,821 - INFO - Epoch 154/500, Loss: 1.2122, Training Accuracy:  0.9956, Validation Accuracy:  0.8116
2025-03-12 13:07:57,544 - INFO - Epoch 155/500, Loss: 1.2139, Training Accuracy:  0.9960, Validation Accuracy:  0.8113
2025-03-12 13:08:06,135 - INFO - Epoch 156/500, Loss: 1.2145, Training Accuracy:  0.9969, Validation Accuracy:  0.8113
2025-03-12 13:08:14,427 - INFO - Epoch 157/500, Loss: 1.2143, Training Accuracy:  0.9968, Validation Accuracy:  0.8113
2025-03-12 13:08:22,876 - INFO - Epoch 158/500, Loss: 1.2144, Training Accuracy:  0.9971, Validation Accuracy:  0.8113
2025-03-12 13:08:30,959 - INFO - Epoch 159/500, Loss: 1.2144, Training Accuracy:  0.9959, Validation Accuracy:  0.8113
2025-03-12 13:08:40,150 - INFO - Epoch 160/500, Loss: 1.2146, Training Accuracy:  0.9964, Validation Accuracy:  0.8113
2025-03-12 13:08:49,019 - INFO - Epoch 161/500, Loss: 1.2146, Training Accuracy:  0.9966, Validation Accuracy:  0.8113
2025-03-12 13:08:58,482 - INFO - Epoch 162/500, Loss: 1.2149, Training Accuracy:  0.9966, Validation Accuracy:  0.8113
2025-03-12 13:09:06,968 - INFO - Epoch 163/500, Loss: 1.2154, Training Accuracy:  0.9967, Validation Accuracy:  0.8115
2025-03-12 13:09:15,905 - INFO - Epoch 164/500, Loss: 1.2156, Training Accuracy:  0.9957, Validation Accuracy:  0.8115
2025-03-12 13:09:24,582 - INFO - Epoch 165/500, Loss: 1.2156, Training Accuracy:  0.9960, Validation Accuracy:  0.8113
2025-03-12 13:09:33,403 - INFO - Epoch 166/500, Loss: 1.2149, Training Accuracy:  0.9964, Validation Accuracy:  0.8113
2025-03-12 13:09:41,736 - INFO - Epoch 167/500, Loss: 1.2152, Training Accuracy:  0.9957, Validation Accuracy:  0.8113
2025-03-12 13:09:49,980 - INFO - Epoch 168/500, Loss: 1.2151, Training Accuracy:  0.9958, Validation Accuracy:  0.8115
2025-03-12 13:09:57,748 - INFO - Epoch 169/500, Loss: 1.2152, Training Accuracy:  0.9957, Validation Accuracy:  0.8113
2025-03-12 13:10:06,730 - INFO - Epoch 170/500, Loss: 1.2151, Training Accuracy:  0.9958, Validation Accuracy:  0.8115
2025-03-12 13:10:16,025 - INFO - Epoch 171/500, Loss: 1.2151, Training Accuracy:  0.9962, Validation Accuracy:  0.8115
2025-03-12 13:10:24,529 - INFO - Epoch 172/500, Loss: 1.2152, Training Accuracy:  0.9961, Validation Accuracy:  0.8113
2025-03-12 13:10:32,903 - INFO - Epoch 173/500, Loss: 1.2151, Training Accuracy:  0.9965, Validation Accuracy:  0.8115
2025-03-12 13:10:41,071 - INFO - Epoch 174/500, Loss: 1.2152, Training Accuracy:  0.9957, Validation Accuracy:  0.8115
2025-03-12 13:10:49,879 - INFO - Epoch 175/500, Loss: 1.2153, Training Accuracy:  0.9964, Validation Accuracy:  0.8113
2025-03-12 13:10:58,291 - INFO - Epoch 176/500, Loss: 1.2153, Training Accuracy:  0.9968, Validation Accuracy:  0.8115
2025-03-12 13:11:06,613 - INFO - Epoch 177/500, Loss: 1.2153, Training Accuracy:  0.9962, Validation Accuracy:  0.8115
2025-03-12 13:11:14,706 - INFO - Epoch 178/500, Loss: 1.2154, Training Accuracy:  0.9954, Validation Accuracy:  0.8113
2025-03-12 13:11:23,104 - INFO - Epoch 179/500, Loss: 1.2153, Training Accuracy:  0.9961, Validation Accuracy:  0.8113
2025-03-12 13:11:31,380 - INFO - Epoch 180/500, Loss: 1.2153, Training Accuracy:  0.9961, Validation Accuracy:  0.8113
2025-03-12 13:11:39,743 - INFO - Epoch 181/500, Loss: 1.2154, Training Accuracy:  0.9957, Validation Accuracy:  0.8113
2025-03-12 13:11:48,338 - INFO - Epoch 182/500, Loss: 1.2154, Training Accuracy:  0.9963, Validation Accuracy:  0.8113
2025-03-12 13:11:56,135 - INFO - Epoch 183/500, Loss: 1.2154, Training Accuracy:  0.9956, Validation Accuracy:  0.8113
2025-03-12 13:12:04,339 - INFO - Epoch 184/500, Loss: 1.2155, Training Accuracy:  0.9963, Validation Accuracy:  0.8113
2025-03-12 13:12:12,693 - INFO - Epoch 185/500, Loss: 1.2156, Training Accuracy:  0.9966, Validation Accuracy:  0.8113
2025-03-12 13:12:20,740 - INFO - Epoch 186/500, Loss: 1.2156, Training Accuracy:  0.9958, Validation Accuracy:  0.8113
2025-03-12 13:12:29,005 - INFO - Epoch 187/500, Loss: 1.2157, Training Accuracy:  0.9969, Validation Accuracy:  0.8113
2025-03-12 13:12:37,602 - INFO - Epoch 188/500, Loss: 1.2157, Training Accuracy:  0.9967, Validation Accuracy:  0.8113
2025-03-12 13:12:45,727 - INFO - Epoch 189/500, Loss: 1.2157, Training Accuracy:  0.9962, Validation Accuracy:  0.8113
2025-03-12 13:12:53,977 - INFO - Epoch 190/500, Loss: 1.2157, Training Accuracy:  0.9964, Validation Accuracy:  0.8113
2025-03-12 13:13:02,134 - INFO - Epoch 191/500, Loss: 1.2158, Training Accuracy:  0.9961, Validation Accuracy:  0.8113
2025-03-12 13:13:11,385 - INFO - Epoch 192/500, Loss: 1.2157, Training Accuracy:  0.9957, Validation Accuracy:  0.8113
2025-03-12 13:13:20,662 - INFO - Epoch 193/500, Loss: 1.2158, Training Accuracy:  0.9962, Validation Accuracy:  0.8113
2025-03-12 13:13:28,593 - INFO - Epoch 194/500, Loss: 1.2158, Training Accuracy:  0.9957, Validation Accuracy:  0.8113
2025-03-12 13:13:37,328 - INFO - Epoch 195/500, Loss: 1.2158, Training Accuracy:  0.9956, Validation Accuracy:  0.8113
2025-03-12 13:13:45,285 - INFO - Epoch 196/500, Loss: 1.2158, Training Accuracy:  0.9961, Validation Accuracy:  0.8113
2025-03-12 13:13:53,346 - INFO - Epoch 197/500, Loss: 1.2158, Training Accuracy:  0.9969, Validation Accuracy:  0.8113
2025-03-12 13:14:02,735 - INFO - Epoch 198/500, Loss: 1.2158, Training Accuracy:  0.9958, Validation Accuracy:  0.8113
2025-03-12 13:14:11,295 - INFO - Epoch 199/500, Loss: 1.2158, Training Accuracy:  0.9963, Validation Accuracy:  0.8113
2025-03-12 13:14:19,985 - INFO - Epoch 200/500, Loss: 1.2158, Training Accuracy:  0.9955, Validation Accuracy:  0.8113
2025-03-12 13:14:28,120 - INFO - Epoch 201/500, Loss: 1.2158, Training Accuracy:  0.9960, Validation Accuracy:  0.8113
2025-03-12 13:14:35,664 - INFO - Epoch 202/500, Loss: 1.2159, Training Accuracy:  0.9960, Validation Accuracy:  0.8113
2025-03-12 13:14:44,876 - INFO - Epoch 203/500, Loss: 1.2159, Training Accuracy:  0.9960, Validation Accuracy:  0.8113
2025-03-12 13:14:52,976 - INFO - Epoch 204/500, Loss: 1.2159, Training Accuracy:  0.9962, Validation Accuracy:  0.8113
2025-03-12 13:15:01,133 - INFO - Epoch 205/500, Loss: 1.2159, Training Accuracy:  0.9960, Validation Accuracy:  0.8113
2025-03-12 13:15:10,120 - INFO - Epoch 206/500, Loss: 1.2159, Training Accuracy:  0.9965, Validation Accuracy:  0.8113
2025-03-12 13:15:19,236 - INFO - Epoch 207/500, Loss: 1.2159, Training Accuracy:  0.9966, Validation Accuracy:  0.8113
2025-03-12 13:15:27,228 - INFO - Epoch 208/500, Loss: 1.2159, Training Accuracy:  0.9966, Validation Accuracy:  0.8113
2025-03-12 13:15:36,363 - INFO - Epoch 209/500, Loss: 1.2159, Training Accuracy:  0.9961, Validation Accuracy:  0.8113
2025-03-12 13:15:45,180 - INFO - Epoch 210/500, Loss: 1.2158, Training Accuracy:  0.9969, Validation Accuracy:  0.8113
2025-03-12 13:15:53,535 - INFO - Epoch 211/500, Loss: 1.2159, Training Accuracy:  0.9967, Validation Accuracy:  0.8113
2025-03-12 13:16:01,369 - INFO - Epoch 212/500, Loss: 1.2158, Training Accuracy:  0.9966, Validation Accuracy:  0.8113
2025-03-12 13:16:09,070 - INFO - Epoch 213/500, Loss: 1.2158, Training Accuracy:  0.9960, Validation Accuracy:  0.8113
2025-03-12 13:16:17,276 - INFO - Epoch 214/500, Loss: 1.2159, Training Accuracy:  0.9968, Validation Accuracy:  0.8113
2025-03-12 13:16:26,313 - INFO - Epoch 215/500, Loss: 1.2159, Training Accuracy:  0.9960, Validation Accuracy:  0.8113
2025-03-12 13:16:35,238 - INFO - Epoch 216/500, Loss: 1.2159, Training Accuracy:  0.9967, Validation Accuracy:  0.8113
2025-03-12 13:16:43,634 - INFO - Epoch 217/500, Loss: 1.2159, Training Accuracy:  0.9966, Validation Accuracy:  0.8113
2025-03-12 13:16:51,689 - INFO - Epoch 218/500, Loss: 1.2159, Training Accuracy:  0.9960, Validation Accuracy:  0.8113
2025-03-12 13:17:00,333 - INFO - Epoch 219/500, Loss: 1.2159, Training Accuracy:  0.9962, Validation Accuracy:  0.8113
2025-03-12 13:17:08,826 - INFO - Epoch 220/500, Loss: 1.2159, Training Accuracy:  0.9960, Validation Accuracy:  0.8113
2025-03-12 13:17:17,534 - INFO - Epoch 221/500, Loss: 1.2160, Training Accuracy:  0.9962, Validation Accuracy:  0.8113
2025-03-12 13:17:25,425 - INFO - Epoch 222/500, Loss: 1.2159, Training Accuracy:  0.9962, Validation Accuracy:  0.8113
2025-03-12 13:17:33,229 - INFO - Epoch 223/500, Loss: 1.2159, Training Accuracy:  0.9965, Validation Accuracy:  0.8113
2025-03-12 13:17:42,338 - INFO - Epoch 224/500, Loss: 1.2159, Training Accuracy:  0.9971, Validation Accuracy:  0.8113
2025-03-12 13:17:50,043 - INFO - Epoch 225/500, Loss: 1.2158, Training Accuracy:  0.9964, Validation Accuracy:  0.8113
2025-03-12 13:17:57,527 - INFO - Epoch 226/500, Loss: 1.2158, Training Accuracy:  0.9956, Validation Accuracy:  0.8113
2025-03-12 13:18:05,765 - INFO - Epoch 227/500, Loss: 1.2158, Training Accuracy:  0.9955, Validation Accuracy:  0.8113
2025-03-12 13:18:13,610 - INFO - Epoch 228/500, Loss: 1.2158, Training Accuracy:  0.9955, Validation Accuracy:  0.8113
2025-03-12 13:18:23,173 - INFO - Epoch 229/500, Loss: 1.2157, Training Accuracy:  0.9955, Validation Accuracy:  0.8113
2025-03-12 13:18:30,969 - INFO - Epoch 230/500, Loss: 1.2158, Training Accuracy:  0.9965, Validation Accuracy:  0.8113
2025-03-12 13:18:39,863 - INFO - Epoch 231/500, Loss: 1.2158, Training Accuracy:  0.9959, Validation Accuracy:  0.8113
2025-03-12 13:18:48,688 - INFO - Epoch 232/500, Loss: 1.2158, Training Accuracy:  0.9965, Validation Accuracy:  0.8113
2025-03-12 13:18:56,501 - INFO - Epoch 233/500, Loss: 1.2158, Training Accuracy:  0.9972, Validation Accuracy:  0.8113
2025-03-12 13:19:04,115 - INFO - Epoch 234/500, Loss: 1.2158, Training Accuracy:  0.9960, Validation Accuracy:  0.8113
2025-03-12 13:19:12,479 - INFO - Epoch 235/500, Loss: 1.2159, Training Accuracy:  0.9962, Validation Accuracy:  0.8113
2025-03-12 13:19:20,604 - INFO - Epoch 236/500, Loss: 1.2158, Training Accuracy:  0.9967, Validation Accuracy:  0.8113
2025-03-12 13:19:28,584 - INFO - Epoch 237/500, Loss: 1.2159, Training Accuracy:  0.9965, Validation Accuracy:  0.8113
2025-03-12 13:19:36,292 - INFO - Epoch 238/500, Loss: 1.2159, Training Accuracy:  0.9957, Validation Accuracy:  0.8113
2025-03-12 13:19:44,964 - INFO - Epoch 239/500, Loss: 1.2159, Training Accuracy:  0.9953, Validation Accuracy:  0.8113
2025-03-12 13:19:54,613 - INFO - Epoch 240/500, Loss: 1.2159, Training Accuracy:  0.9962, Validation Accuracy:  0.8113
2025-03-12 13:20:03,577 - INFO - Epoch 241/500, Loss: 1.2160, Training Accuracy:  0.9964, Validation Accuracy:  0.8113
2025-03-12 13:20:11,476 - INFO - Epoch 242/500, Loss: 1.2160, Training Accuracy:  0.9963, Validation Accuracy:  0.8113
2025-03-12 13:20:19,331 - INFO - Epoch 243/500, Loss: 1.2160, Training Accuracy:  0.9962, Validation Accuracy:  0.8113
2025-03-12 13:20:27,054 - INFO - Epoch 244/500, Loss: 1.2161, Training Accuracy:  0.9964, Validation Accuracy:  0.8113
2025-03-12 13:20:35,074 - INFO - Epoch 245/500, Loss: 1.2160, Training Accuracy:  0.9955, Validation Accuracy:  0.8113
2025-03-12 13:20:43,047 - INFO - Epoch 246/500, Loss: 1.2160, Training Accuracy:  0.9962, Validation Accuracy:  0.8113
2025-03-12 13:20:51,240 - INFO - Epoch 247/500, Loss: 1.2160, Training Accuracy:  0.9961, Validation Accuracy:  0.8113
2025-03-12 13:21:00,465 - INFO - Epoch 248/500, Loss: 1.2160, Training Accuracy:  0.9959, Validation Accuracy:  0.8113
2025-03-12 13:21:08,661 - INFO - Epoch 249/500, Loss: 1.2161, Training Accuracy:  0.9959, Validation Accuracy:  0.8113
2025-03-12 13:21:16,875 - INFO - Epoch 250/500, Loss: 1.2161, Training Accuracy:  0.9964, Validation Accuracy:  0.8113
2025-03-12 13:21:25,830 - INFO - Epoch 251/500, Loss: 1.2161, Training Accuracy:  0.9956, Validation Accuracy:  0.8113
2025-03-12 13:21:34,868 - INFO - Epoch 252/500, Loss: 1.2161, Training Accuracy:  0.9957, Validation Accuracy:  0.8113
2025-03-12 13:21:42,908 - INFO - Epoch 253/500, Loss: 1.2161, Training Accuracy:  0.9960, Validation Accuracy:  0.8113
2025-03-12 13:21:51,083 - INFO - Epoch 254/500, Loss: 1.2162, Training Accuracy:  0.9956, Validation Accuracy:  0.8113
2025-03-12 13:21:59,105 - INFO - Epoch 255/500, Loss: 1.2162, Training Accuracy:  0.9966, Validation Accuracy:  0.8113
2025-03-12 13:22:07,116 - INFO - Epoch 256/500, Loss: 1.2162, Training Accuracy:  0.9959, Validation Accuracy:  0.8113
2025-03-12 13:22:16,159 - INFO - Epoch 257/500, Loss: 1.2162, Training Accuracy:  0.9957, Validation Accuracy:  0.8115
2025-03-12 13:22:24,266 - INFO - Epoch 258/500, Loss: 1.2162, Training Accuracy:  0.9966, Validation Accuracy:  0.8113
2025-03-12 13:22:32,471 - INFO - Epoch 259/500, Loss: 1.2162, Training Accuracy:  0.9968, Validation Accuracy:  0.8113
2025-03-12 13:22:40,387 - INFO - Epoch 260/500, Loss: 1.2162, Training Accuracy:  0.9965, Validation Accuracy:  0.8115
2025-03-12 13:22:49,425 - INFO - Epoch 261/500, Loss: 1.2163, Training Accuracy:  0.9956, Validation Accuracy:  0.8115
2025-03-12 13:22:57,039 - INFO - Epoch 262/500, Loss: 1.2164, Training Accuracy:  0.9957, Validation Accuracy:  0.8113
2025-03-12 13:23:04,954 - INFO - Epoch 263/500, Loss: 1.2164, Training Accuracy:  0.9963, Validation Accuracy:  0.8115
2025-03-12 13:23:13,888 - INFO - Epoch 264/500, Loss: 1.2163, Training Accuracy:  0.9963, Validation Accuracy:  0.8113
2025-03-12 13:23:22,859 - INFO - Epoch 265/500, Loss: 1.2163, Training Accuracy:  0.9956, Validation Accuracy:  0.8113
2025-03-12 13:23:31,629 - INFO - Epoch 266/500, Loss: 1.2163, Training Accuracy:  0.9964, Validation Accuracy:  0.8113
2025-03-12 13:23:40,448 - INFO - Epoch 267/500, Loss: 1.2164, Training Accuracy:  0.9971, Validation Accuracy:  0.8115
2025-03-12 13:23:48,588 - INFO - Epoch 268/500, Loss: 1.2163, Training Accuracy:  0.9961, Validation Accuracy:  0.8113
2025-03-12 13:23:56,275 - INFO - Epoch 269/500, Loss: 1.2163, Training Accuracy:  0.9955, Validation Accuracy:  0.8113
2025-03-12 13:24:04,990 - INFO - Epoch 270/500, Loss: 1.2164, Training Accuracy:  0.9963, Validation Accuracy:  0.8113
2025-03-12 13:24:12,520 - INFO - Epoch 271/500, Loss: 1.2164, Training Accuracy:  0.9958, Validation Accuracy:  0.8113
2025-03-12 13:24:20,280 - INFO - Epoch 272/500, Loss: 1.2164, Training Accuracy:  0.9956, Validation Accuracy:  0.8113
2025-03-12 13:24:28,756 - INFO - Epoch 273/500, Loss: 1.2164, Training Accuracy:  0.9962, Validation Accuracy:  0.8113
2025-03-12 13:24:37,728 - INFO - Epoch 274/500, Loss: 1.2164, Training Accuracy:  0.9964, Validation Accuracy:  0.8113
2025-03-12 13:24:45,387 - INFO - Epoch 275/500, Loss: 1.2164, Training Accuracy:  0.9962, Validation Accuracy:  0.8113
2025-03-12 13:24:53,945 - INFO - Epoch 276/500, Loss: 1.2164, Training Accuracy:  0.9958, Validation Accuracy:  0.8113
2025-03-12 13:25:02,725 - INFO - Epoch 277/500, Loss: 1.2164, Training Accuracy:  0.9961, Validation Accuracy:  0.8113
2025-03-12 13:25:10,998 - INFO - Epoch 278/500, Loss: 1.2164, Training Accuracy:  0.9965, Validation Accuracy:  0.8115
2025-03-12 13:25:20,700 - INFO - Epoch 279/500, Loss: 1.2165, Training Accuracy:  0.9961, Validation Accuracy:  0.8115
2025-03-12 13:25:29,723 - INFO - Epoch 280/500, Loss: 1.2164, Training Accuracy:  0.9960, Validation Accuracy:  0.8115
2025-03-12 13:25:38,631 - INFO - Epoch 281/500, Loss: 1.2165, Training Accuracy:  0.9957, Validation Accuracy:  0.8115
2025-03-12 13:25:47,528 - INFO - Epoch 282/500, Loss: 1.2165, Training Accuracy:  0.9955, Validation Accuracy:  0.8115
2025-03-12 13:25:55,572 - INFO - Epoch 283/500, Loss: 1.2165, Training Accuracy:  0.9964, Validation Accuracy:  0.8115
2025-03-12 13:26:03,365 - INFO - Epoch 284/500, Loss: 1.2165, Training Accuracy:  0.9964, Validation Accuracy:  0.8115
2025-03-12 13:26:12,674 - INFO - Epoch 285/500, Loss: 1.2165, Training Accuracy:  0.9960, Validation Accuracy:  0.8115
2025-03-12 13:26:20,308 - INFO - Epoch 286/500, Loss: 1.2165, Training Accuracy:  0.9960, Validation Accuracy:  0.8115
2025-03-12 13:26:28,814 - INFO - Epoch 287/500, Loss: 1.2165, Training Accuracy:  0.9954, Validation Accuracy:  0.8115
2025-03-12 13:26:37,065 - INFO - Epoch 288/500, Loss: 1.2165, Training Accuracy:  0.9962, Validation Accuracy:  0.8115
2025-03-12 13:26:45,606 - INFO - Epoch 289/500, Loss: 1.2164, Training Accuracy:  0.9964, Validation Accuracy:  0.8115
2025-03-12 13:26:53,884 - INFO - Epoch 290/500, Loss: 1.2165, Training Accuracy:  0.9960, Validation Accuracy:  0.8115
2025-03-12 13:27:01,713 - INFO - Epoch 291/500, Loss: 1.2165, Training Accuracy:  0.9962, Validation Accuracy:  0.8115
2025-03-12 13:27:09,717 - INFO - Epoch 292/500, Loss: 1.2165, Training Accuracy:  0.9964, Validation Accuracy:  0.8115
2025-03-12 13:27:18,114 - INFO - Epoch 293/500, Loss: 1.2165, Training Accuracy:  0.9951, Validation Accuracy:  0.8115
2025-03-12 13:27:26,511 - INFO - Epoch 294/500, Loss: 1.2165, Training Accuracy:  0.9961, Validation Accuracy:  0.8115
2025-03-12 13:27:34,316 - INFO - Epoch 295/500, Loss: 1.2166, Training Accuracy:  0.9960, Validation Accuracy:  0.8115
2025-03-12 13:27:42,851 - INFO - Epoch 296/500, Loss: 1.2166, Training Accuracy:  0.9962, Validation Accuracy:  0.8115
2025-03-12 13:27:52,159 - INFO - Epoch 297/500, Loss: 1.2167, Training Accuracy:  0.9963, Validation Accuracy:  0.8115
2025-03-12 13:27:59,915 - INFO - Epoch 298/500, Loss: 1.2166, Training Accuracy:  0.9962, Validation Accuracy:  0.8115
2025-03-12 13:28:08,274 - INFO - Epoch 299/500, Loss: 1.2166, Training Accuracy:  0.9959, Validation Accuracy:  0.8115
2025-03-12 13:28:16,761 - INFO - Epoch 300/500, Loss: 1.2166, Training Accuracy:  0.9967, Validation Accuracy:  0.8115
2025-03-12 13:28:25,229 - INFO - Epoch 301/500, Loss: 1.2166, Training Accuracy:  0.9966, Validation Accuracy:  0.8115
2025-03-12 13:28:33,787 - INFO - Epoch 302/500, Loss: 1.2166, Training Accuracy:  0.9962, Validation Accuracy:  0.8115
2025-03-12 13:28:42,797 - INFO - Epoch 303/500, Loss: 1.2166, Training Accuracy:  0.9960, Validation Accuracy:  0.8115
2025-03-12 13:28:51,620 - INFO - Epoch 304/500, Loss: 1.2166, Training Accuracy:  0.9962, Validation Accuracy:  0.8115
2025-03-12 13:28:59,193 - INFO - Epoch 305/500, Loss: 1.2166, Training Accuracy:  0.9966, Validation Accuracy:  0.8115
2025-03-12 13:29:07,693 - INFO - Epoch 306/500, Loss: 1.2166, Training Accuracy:  0.9966, Validation Accuracy:  0.8115
2025-03-12 13:29:15,951 - INFO - Epoch 307/500, Loss: 1.2166, Training Accuracy:  0.9960, Validation Accuracy:  0.8115
2025-03-12 13:29:24,952 - INFO - Epoch 308/500, Loss: 1.2166, Training Accuracy:  0.9962, Validation Accuracy:  0.8115
2025-03-12 13:29:33,853 - INFO - Epoch 309/500, Loss: 1.2167, Training Accuracy:  0.9968, Validation Accuracy:  0.8115
2025-03-12 13:29:41,849 - INFO - Epoch 310/500, Loss: 1.2167, Training Accuracy:  0.9960, Validation Accuracy:  0.8115
2025-03-12 13:29:50,400 - INFO - Epoch 311/500, Loss: 1.2167, Training Accuracy:  0.9960, Validation Accuracy:  0.8115
2025-03-12 13:30:00,047 - INFO - Epoch 312/500, Loss: 1.2167, Training Accuracy:  0.9962, Validation Accuracy:  0.8115
2025-03-12 13:30:07,736 - INFO - Epoch 313/500, Loss: 1.2168, Training Accuracy:  0.9957, Validation Accuracy:  0.8115
2025-03-12 13:30:16,135 - INFO - Epoch 314/500, Loss: 1.2168, Training Accuracy:  0.9970, Validation Accuracy:  0.8115
2025-03-12 13:30:24,237 - INFO - Epoch 315/500, Loss: 1.2169, Training Accuracy:  0.9964, Validation Accuracy:  0.8115
2025-03-12 13:30:33,687 - INFO - Epoch 316/500, Loss: 1.2169, Training Accuracy:  0.9958, Validation Accuracy:  0.8115
2025-03-12 13:30:41,727 - INFO - Epoch 317/500, Loss: 1.2169, Training Accuracy:  0.9965, Validation Accuracy:  0.8115
2025-03-12 13:30:50,435 - INFO - Epoch 318/500, Loss: 1.2169, Training Accuracy:  0.9968, Validation Accuracy:  0.8115
2025-03-12 13:30:59,982 - INFO - Epoch 319/500, Loss: 1.2169, Training Accuracy:  0.9968, Validation Accuracy:  0.8115
2025-03-12 13:31:09,086 - INFO - Epoch 320/500, Loss: 1.2169, Training Accuracy:  0.9964, Validation Accuracy:  0.8115
2025-03-12 13:31:17,976 - INFO - Epoch 321/500, Loss: 1.2169, Training Accuracy:  0.9969, Validation Accuracy:  0.8115
2025-03-12 13:31:26,584 - INFO - Epoch 322/500, Loss: 1.2170, Training Accuracy:  0.9959, Validation Accuracy:  0.8115
2025-03-12 13:31:35,016 - INFO - Epoch 323/500, Loss: 1.2170, Training Accuracy:  0.9960, Validation Accuracy:  0.8115
2025-03-12 13:31:43,091 - INFO - Epoch 324/500, Loss: 1.2170, Training Accuracy:  0.9958, Validation Accuracy:  0.8115
2025-03-12 13:31:51,601 - INFO - Epoch 325/500, Loss: 1.2170, Training Accuracy:  0.9961, Validation Accuracy:  0.8115
2025-03-12 13:31:59,332 - INFO - Epoch 326/500, Loss: 1.2170, Training Accuracy:  0.9969, Validation Accuracy:  0.8115
2025-03-12 13:32:07,356 - INFO - Epoch 327/500, Loss: 1.2170, Training Accuracy:  0.9962, Validation Accuracy:  0.8115
2025-03-12 13:32:15,657 - INFO - Epoch 328/500, Loss: 1.2170, Training Accuracy:  0.9963, Validation Accuracy:  0.8115
2025-03-12 13:32:24,001 - INFO - Epoch 329/500, Loss: 1.2170, Training Accuracy:  0.9961, Validation Accuracy:  0.8115
2025-03-12 13:32:31,633 - INFO - Epoch 330/500, Loss: 1.2170, Training Accuracy:  0.9964, Validation Accuracy:  0.8115
2025-03-12 13:32:40,026 - INFO - Epoch 331/500, Loss: 1.2170, Training Accuracy:  0.9963, Validation Accuracy:  0.8115
2025-03-12 13:32:49,245 - INFO - Epoch 332/500, Loss: 1.2171, Training Accuracy:  0.9956, Validation Accuracy:  0.8115
2025-03-12 13:32:56,894 - INFO - Epoch 333/500, Loss: 1.2171, Training Accuracy:  0.9964, Validation Accuracy:  0.8115
2025-03-12 13:33:05,356 - INFO - Epoch 334/500, Loss: 1.2172, Training Accuracy:  0.9963, Validation Accuracy:  0.8115
2025-03-12 13:33:14,010 - INFO - Epoch 335/500, Loss: 1.2172, Training Accuracy:  0.9951, Validation Accuracy:  0.8115
2025-03-12 13:33:22,189 - INFO - Epoch 336/500, Loss: 1.2172, Training Accuracy:  0.9960, Validation Accuracy:  0.8115
2025-03-12 13:33:31,319 - INFO - Epoch 337/500, Loss: 1.2173, Training Accuracy:  0.9964, Validation Accuracy:  0.8115
2025-03-12 13:33:40,095 - INFO - Epoch 338/500, Loss: 1.2173, Training Accuracy:  0.9961, Validation Accuracy:  0.8115
2025-03-12 13:33:48,914 - INFO - Epoch 339/500, Loss: 1.2173, Training Accuracy:  0.9960, Validation Accuracy:  0.8115
2025-03-12 13:33:57,276 - INFO - Epoch 340/500, Loss: 1.2173, Training Accuracy:  0.9966, Validation Accuracy:  0.8115
2025-03-12 13:34:05,432 - INFO - Epoch 341/500, Loss: 1.2174, Training Accuracy:  0.9951, Validation Accuracy:  0.8115
2025-03-12 13:34:13,500 - INFO - Epoch 342/500, Loss: 1.2173, Training Accuracy:  0.9962, Validation Accuracy:  0.8115
2025-03-12 13:34:22,093 - INFO - Epoch 343/500, Loss: 1.2173, Training Accuracy:  0.9961, Validation Accuracy:  0.8115
2025-03-12 13:34:30,295 - INFO - Epoch 344/500, Loss: 1.2173, Training Accuracy:  0.9957, Validation Accuracy:  0.8115
2025-03-12 13:34:38,334 - INFO - Epoch 345/500, Loss: 1.2174, Training Accuracy:  0.9962, Validation Accuracy:  0.8115
2025-03-12 13:34:47,250 - INFO - Epoch 346/500, Loss: 1.2174, Training Accuracy:  0.9963, Validation Accuracy:  0.8115
2025-03-12 13:34:55,474 - INFO - Epoch 347/500, Loss: 1.2174, Training Accuracy:  0.9959, Validation Accuracy:  0.8115
2025-03-12 13:35:03,964 - INFO - Epoch 348/500, Loss: 1.2174, Training Accuracy:  0.9964, Validation Accuracy:  0.8115
2025-03-12 13:35:13,215 - INFO - Epoch 349/500, Loss: 1.2174, Training Accuracy:  0.9964, Validation Accuracy:  0.8115
2025-03-12 13:35:20,739 - INFO - Epoch 350/500, Loss: 1.2174, Training Accuracy:  0.9962, Validation Accuracy:  0.8115
2025-03-12 13:35:29,590 - INFO - Epoch 351/500, Loss: 1.2174, Training Accuracy:  0.9967, Validation Accuracy:  0.8115
2025-03-12 13:35:38,443 - INFO - Epoch 352/500, Loss: 1.2175, Training Accuracy:  0.9955, Validation Accuracy:  0.8115
2025-03-12 13:35:46,559 - INFO - Epoch 353/500, Loss: 1.2175, Training Accuracy:  0.9962, Validation Accuracy:  0.8115
2025-03-12 13:35:54,592 - INFO - Epoch 354/500, Loss: 1.2175, Training Accuracy:  0.9962, Validation Accuracy:  0.8115
2025-03-12 13:36:02,493 - INFO - Epoch 355/500, Loss: 1.2175, Training Accuracy:  0.9965, Validation Accuracy:  0.8115
2025-03-12 13:36:11,443 - INFO - Epoch 356/500, Loss: 1.2176, Training Accuracy:  0.9968, Validation Accuracy:  0.8115
2025-03-12 13:36:19,642 - INFO - Epoch 357/500, Loss: 1.2176, Training Accuracy:  0.9963, Validation Accuracy:  0.8115
2025-03-12 13:36:27,497 - INFO - Epoch 358/500, Loss: 1.2176, Training Accuracy:  0.9965, Validation Accuracy:  0.8115
2025-03-12 13:36:35,241 - INFO - Epoch 359/500, Loss: 1.2177, Training Accuracy:  0.9961, Validation Accuracy:  0.8115
2025-03-12 13:36:43,272 - INFO - Epoch 360/500, Loss: 1.2177, Training Accuracy:  0.9959, Validation Accuracy:  0.8115
2025-03-12 13:36:51,584 - INFO - Epoch 361/500, Loss: 1.2177, Training Accuracy:  0.9962, Validation Accuracy:  0.8115
2025-03-12 13:37:00,111 - INFO - Epoch 362/500, Loss: 1.2177, Training Accuracy:  0.9968, Validation Accuracy:  0.8115
2025-03-12 13:37:07,849 - INFO - Epoch 363/500, Loss: 1.2177, Training Accuracy:  0.9964, Validation Accuracy:  0.8115
2025-03-12 13:37:15,457 - INFO - Epoch 364/500, Loss: 1.2178, Training Accuracy:  0.9958, Validation Accuracy:  0.8115
2025-03-12 13:37:24,344 - INFO - Epoch 365/500, Loss: 1.2177, Training Accuracy:  0.9958, Validation Accuracy:  0.8115
2025-03-12 13:37:31,916 - INFO - Epoch 366/500, Loss: 1.2177, Training Accuracy:  0.9965, Validation Accuracy:  0.8115
2025-03-12 13:37:40,242 - INFO - Epoch 367/500, Loss: 1.2178, Training Accuracy:  0.9963, Validation Accuracy:  0.8115
2025-03-12 13:37:48,286 - INFO - Epoch 368/500, Loss: 1.2178, Training Accuracy:  0.9964, Validation Accuracy:  0.8116
2025-03-12 13:37:57,565 - INFO - Epoch 369/500, Loss: 1.2178, Training Accuracy:  0.9953, Validation Accuracy:  0.8116
2025-03-12 13:38:07,089 - INFO - Epoch 370/500, Loss: 1.2178, Training Accuracy:  0.9957, Validation Accuracy:  0.8116
2025-03-12 13:38:14,724 - INFO - Epoch 371/500, Loss: 1.2178, Training Accuracy:  0.9962, Validation Accuracy:  0.8116
2025-03-12 13:38:23,058 - INFO - Epoch 372/500, Loss: 1.2179, Training Accuracy:  0.9964, Validation Accuracy:  0.8116
2025-03-12 13:38:31,888 - INFO - Epoch 373/500, Loss: 1.2179, Training Accuracy:  0.9964, Validation Accuracy:  0.8116
2025-03-12 13:38:41,476 - INFO - Epoch 374/500, Loss: 1.2179, Training Accuracy:  0.9958, Validation Accuracy:  0.8116
2025-03-12 13:38:51,302 - INFO - Epoch 375/500, Loss: 1.2179, Training Accuracy:  0.9960, Validation Accuracy:  0.8116
2025-03-12 13:38:59,322 - INFO - Epoch 376/500, Loss: 1.2179, Training Accuracy:  0.9965, Validation Accuracy:  0.8116
2025-03-12 13:39:07,264 - INFO - Epoch 377/500, Loss: 1.2179, Training Accuracy:  0.9960, Validation Accuracy:  0.8116
2025-03-12 13:39:16,091 - INFO - Epoch 378/500, Loss: 1.2179, Training Accuracy:  0.9966, Validation Accuracy:  0.8116
2025-03-12 13:39:25,122 - INFO - Epoch 379/500, Loss: 1.2179, Training Accuracy:  0.9959, Validation Accuracy:  0.8116
2025-03-12 13:39:33,830 - INFO - Epoch 380/500, Loss: 1.2179, Training Accuracy:  0.9968, Validation Accuracy:  0.8116
2025-03-12 13:39:42,555 - INFO - Epoch 381/500, Loss: 1.2178, Training Accuracy:  0.9952, Validation Accuracy:  0.8115
2025-03-12 13:39:51,677 - INFO - Epoch 382/500, Loss: 1.2179, Training Accuracy:  0.9957, Validation Accuracy:  0.8115
2025-03-12 13:40:00,600 - INFO - Epoch 383/500, Loss: 1.2179, Training Accuracy:  0.9960, Validation Accuracy:  0.8115
2025-03-12 13:40:08,220 - INFO - Epoch 384/500, Loss: 1.2179, Training Accuracy:  0.9967, Validation Accuracy:  0.8115
2025-03-12 13:40:16,193 - INFO - Epoch 385/500, Loss: 1.2176, Training Accuracy:  0.9965, Validation Accuracy:  0.8115
2025-03-12 13:40:24,828 - INFO - Epoch 386/500, Loss: 1.2176, Training Accuracy:  0.9956, Validation Accuracy:  0.8115
2025-03-12 13:40:33,049 - INFO - Epoch 387/500, Loss: 1.2175, Training Accuracy:  0.9966, Validation Accuracy:  0.8115
2025-03-12 13:40:42,032 - INFO - Epoch 388/500, Loss: 1.2175, Training Accuracy:  0.9963, Validation Accuracy:  0.8115
2025-03-12 13:40:50,271 - INFO - Epoch 389/500, Loss: 1.2175, Training Accuracy:  0.9959, Validation Accuracy:  0.8115
2025-03-12 13:40:59,628 - INFO - Epoch 390/500, Loss: 1.2175, Training Accuracy:  0.9962, Validation Accuracy:  0.8115
2025-03-12 13:41:09,003 - INFO - Epoch 391/500, Loss: 1.2175, Training Accuracy:  0.9965, Validation Accuracy:  0.8116
2025-03-12 13:41:17,226 - INFO - Epoch 392/500, Loss: 1.2174, Training Accuracy:  0.9960, Validation Accuracy:  0.8116
2025-03-12 13:41:26,069 - INFO - Epoch 393/500, Loss: 1.2174, Training Accuracy:  0.9964, Validation Accuracy:  0.8115
2025-03-12 13:41:33,898 - INFO - Epoch 394/500, Loss: 1.2174, Training Accuracy:  0.9966, Validation Accuracy:  0.8115
2025-03-12 13:41:41,661 - INFO - Epoch 395/500, Loss: 1.2172, Training Accuracy:  0.9960, Validation Accuracy:  0.8115
2025-03-12 13:41:49,898 - INFO - Epoch 396/500, Loss: 1.2171, Training Accuracy:  0.9961, Validation Accuracy:  0.8115
2025-03-12 13:41:58,270 - INFO - Epoch 397/500, Loss: 1.2171, Training Accuracy:  0.9964, Validation Accuracy:  0.8115
2025-03-12 13:42:07,610 - INFO - Epoch 398/500, Loss: 1.2170, Training Accuracy:  0.9972, Validation Accuracy:  0.8115
2025-03-12 13:42:16,495 - INFO - Epoch 399/500, Loss: 1.2170, Training Accuracy:  0.9964, Validation Accuracy:  0.8115
2025-03-12 13:42:25,272 - INFO - Epoch 400/500, Loss: 1.2170, Training Accuracy:  0.9966, Validation Accuracy:  0.8115
2025-03-12 13:42:33,243 - INFO - Epoch 401/500, Loss: 1.2170, Training Accuracy:  0.9970, Validation Accuracy:  0.8115
2025-03-12 13:42:41,256 - INFO - Epoch 402/500, Loss: 1.2170, Training Accuracy:  0.9964, Validation Accuracy:  0.8115
2025-03-12 13:42:50,058 - INFO - Epoch 403/500, Loss: 1.2171, Training Accuracy:  0.9970, Validation Accuracy:  0.8115
2025-03-12 13:42:58,113 - INFO - Epoch 404/500, Loss: 1.2172, Training Accuracy:  0.9960, Validation Accuracy:  0.8115
2025-03-12 13:43:06,562 - INFO - Epoch 405/500, Loss: 1.2172, Training Accuracy:  0.9960, Validation Accuracy:  0.8115
2025-03-12 13:43:14,628 - INFO - Epoch 406/500, Loss: 1.2172, Training Accuracy:  0.9949, Validation Accuracy:  0.8115
2025-03-12 13:43:24,448 - INFO - Epoch 407/500, Loss: 1.2172, Training Accuracy:  0.9953, Validation Accuracy:  0.8115
2025-03-12 13:43:33,054 - INFO - Epoch 408/500, Loss: 1.2172, Training Accuracy:  0.9966, Validation Accuracy:  0.8115
2025-03-12 13:43:40,773 - INFO - Epoch 409/500, Loss: 1.2172, Training Accuracy:  0.9963, Validation Accuracy:  0.8115
2025-03-12 13:43:49,233 - INFO - Epoch 410/500, Loss: 1.2172, Training Accuracy:  0.9959, Validation Accuracy:  0.8115
2025-03-12 13:43:58,846 - INFO - Epoch 411/500, Loss: 1.2171, Training Accuracy:  0.9961, Validation Accuracy:  0.8115
2025-03-12 13:44:07,041 - INFO - Epoch 412/500, Loss: 1.2171, Training Accuracy:  0.9962, Validation Accuracy:  0.8115
2025-03-12 13:44:15,139 - INFO - Epoch 413/500, Loss: 1.2171, Training Accuracy:  0.9961, Validation Accuracy:  0.8115
2025-03-12 13:44:23,522 - INFO - Epoch 414/500, Loss: 1.2171, Training Accuracy:  0.9962, Validation Accuracy:  0.8115
2025-03-12 13:44:32,111 - INFO - Epoch 415/500, Loss: 1.2171, Training Accuracy:  0.9963, Validation Accuracy:  0.8115
2025-03-12 13:44:40,047 - INFO - Epoch 416/500, Loss: 1.2171, Training Accuracy:  0.9958, Validation Accuracy:  0.8115
2025-03-12 13:44:47,571 - INFO - Epoch 417/500, Loss: 1.2171, Training Accuracy:  0.9960, Validation Accuracy:  0.8115
2025-03-12 13:44:55,938 - INFO - Epoch 418/500, Loss: 1.2171, Training Accuracy:  0.9963, Validation Accuracy:  0.8115
2025-03-12 13:45:04,861 - INFO - Epoch 419/500, Loss: 1.2172, Training Accuracy:  0.9966, Validation Accuracy:  0.8115
2025-03-12 13:45:13,048 - INFO - Epoch 420/500, Loss: 1.2171, Training Accuracy:  0.9957, Validation Accuracy:  0.8115
2025-03-12 13:45:21,391 - INFO - Epoch 421/500, Loss: 1.2171, Training Accuracy:  0.9959, Validation Accuracy:  0.8115
2025-03-12 13:45:29,535 - INFO - Epoch 422/500, Loss: 1.2171, Training Accuracy:  0.9964, Validation Accuracy:  0.8115
2025-03-12 13:45:38,445 - INFO - Epoch 423/500, Loss: 1.2171, Training Accuracy:  0.9962, Validation Accuracy:  0.8115
2025-03-12 13:45:46,387 - INFO - Epoch 424/500, Loss: 1.2172, Training Accuracy:  0.9960, Validation Accuracy:  0.8115
2025-03-12 13:45:54,803 - INFO - Epoch 425/500, Loss: 1.2172, Training Accuracy:  0.9964, Validation Accuracy:  0.8115
2025-03-12 13:46:03,713 - INFO - Epoch 426/500, Loss: 1.2172, Training Accuracy:  0.9964, Validation Accuracy:  0.8115
2025-03-12 13:46:12,127 - INFO - Epoch 427/500, Loss: 1.2172, Training Accuracy:  0.9957, Validation Accuracy:  0.8115
2025-03-12 13:46:19,846 - INFO - Epoch 428/500, Loss: 1.2172, Training Accuracy:  0.9958, Validation Accuracy:  0.8115
2025-03-12 13:46:28,028 - INFO - Epoch 429/500, Loss: 1.2173, Training Accuracy:  0.9959, Validation Accuracy:  0.8115
2025-03-12 13:46:35,751 - INFO - Epoch 430/500, Loss: 1.2173, Training Accuracy:  0.9956, Validation Accuracy:  0.8115
2025-03-12 13:46:43,742 - INFO - Epoch 431/500, Loss: 1.2173, Training Accuracy:  0.9968, Validation Accuracy:  0.8115
2025-03-12 13:46:51,482 - INFO - Epoch 432/500, Loss: 1.2173, Training Accuracy:  0.9964, Validation Accuracy:  0.8115
2025-03-12 13:46:59,566 - INFO - Epoch 433/500, Loss: 1.2173, Training Accuracy:  0.9964, Validation Accuracy:  0.8115
2025-03-12 13:47:08,465 - INFO - Epoch 434/500, Loss: 1.2174, Training Accuracy:  0.9958, Validation Accuracy:  0.8115
2025-03-12 13:47:17,000 - INFO - Epoch 435/500, Loss: 1.2175, Training Accuracy:  0.9960, Validation Accuracy:  0.8115
2025-03-12 13:47:25,815 - INFO - Epoch 436/500, Loss: 1.2175, Training Accuracy:  0.9968, Validation Accuracy:  0.8115
2025-03-12 13:47:34,234 - INFO - Epoch 437/500, Loss: 1.2176, Training Accuracy:  0.9967, Validation Accuracy:  0.8115
2025-03-12 13:47:43,836 - INFO - Epoch 438/500, Loss: 1.2176, Training Accuracy:  0.9966, Validation Accuracy:  0.8115
2025-03-12 13:47:51,587 - INFO - Epoch 439/500, Loss: 1.2176, Training Accuracy:  0.9962, Validation Accuracy:  0.8115
2025-03-12 13:48:00,923 - INFO - Epoch 440/500, Loss: 1.2176, Training Accuracy:  0.9966, Validation Accuracy:  0.8115
2025-03-12 13:48:09,493 - INFO - Epoch 441/500, Loss: 1.2176, Training Accuracy:  0.9965, Validation Accuracy:  0.8115
2025-03-12 13:48:17,271 - INFO - Epoch 442/500, Loss: 1.2175, Training Accuracy:  0.9960, Validation Accuracy:  0.8115
2025-03-12 13:48:25,929 - INFO - Epoch 443/500, Loss: 1.2176, Training Accuracy:  0.9962, Validation Accuracy:  0.8115
2025-03-12 13:48:33,816 - INFO - Epoch 444/500, Loss: 1.2176, Training Accuracy:  0.9965, Validation Accuracy:  0.8115
2025-03-12 13:48:41,696 - INFO - Epoch 445/500, Loss: 1.2176, Training Accuracy:  0.9967, Validation Accuracy:  0.8115
2025-03-12 13:48:50,621 - INFO - Epoch 446/500, Loss: 1.2176, Training Accuracy:  0.9965, Validation Accuracy:  0.8115
2025-03-12 13:48:59,374 - INFO - Epoch 447/500, Loss: 1.2176, Training Accuracy:  0.9968, Validation Accuracy:  0.8115
2025-03-12 13:49:07,674 - INFO - Epoch 448/500, Loss: 1.2176, Training Accuracy:  0.9965, Validation Accuracy:  0.8115
2025-03-12 13:49:17,199 - INFO - Epoch 449/500, Loss: 1.2174, Training Accuracy:  0.9960, Validation Accuracy:  0.8115
2025-03-12 13:49:25,845 - INFO - Epoch 450/500, Loss: 1.2174, Training Accuracy:  0.9968, Validation Accuracy:  0.8115
2025-03-12 13:49:33,915 - INFO - Epoch 451/500, Loss: 1.2173, Training Accuracy:  0.9966, Validation Accuracy:  0.8115
2025-03-12 13:49:42,665 - INFO - Epoch 452/500, Loss: 1.2174, Training Accuracy:  0.9964, Validation Accuracy:  0.8115
2025-03-12 13:49:50,950 - INFO - Epoch 453/500, Loss: 1.2174, Training Accuracy:  0.9957, Validation Accuracy:  0.8115
2025-03-12 13:49:59,117 - INFO - Epoch 454/500, Loss: 1.2173, Training Accuracy:  0.9964, Validation Accuracy:  0.8115
2025-03-12 13:50:06,711 - INFO - Epoch 455/500, Loss: 1.2173, Training Accuracy:  0.9965, Validation Accuracy:  0.8115
2025-03-12 13:50:14,762 - INFO - Epoch 456/500, Loss: 1.2173, Training Accuracy:  0.9960, Validation Accuracy:  0.8115
2025-03-12 13:50:23,328 - INFO - Epoch 457/500, Loss: 1.2173, Training Accuracy:  0.9961, Validation Accuracy:  0.8115
2025-03-12 13:50:31,532 - INFO - Epoch 458/500, Loss: 1.2174, Training Accuracy:  0.9961, Validation Accuracy:  0.8115
2025-03-12 13:50:40,155 - INFO - Epoch 459/500, Loss: 1.2175, Training Accuracy:  0.9960, Validation Accuracy:  0.8115
2025-03-12 13:50:48,603 - INFO - Epoch 460/500, Loss: 1.2174, Training Accuracy:  0.9968, Validation Accuracy:  0.8115
2025-03-12 13:50:56,750 - INFO - Epoch 461/500, Loss: 1.2173, Training Accuracy:  0.9964, Validation Accuracy:  0.8115
2025-03-12 13:51:05,608 - INFO - Epoch 462/500, Loss: 1.2173, Training Accuracy:  0.9957, Validation Accuracy:  0.8115
2025-03-12 13:51:13,844 - INFO - Epoch 463/500, Loss: 1.2173, Training Accuracy:  0.9960, Validation Accuracy:  0.8115
2025-03-12 13:51:22,337 - INFO - Epoch 464/500, Loss: 1.2173, Training Accuracy:  0.9957, Validation Accuracy:  0.8115
2025-03-12 13:51:30,224 - INFO - Epoch 465/500, Loss: 1.2172, Training Accuracy:  0.9964, Validation Accuracy:  0.8115
2025-03-12 13:51:38,804 - INFO - Epoch 466/500, Loss: 1.2173, Training Accuracy:  0.9964, Validation Accuracy:  0.8115
2025-03-12 13:51:47,432 - INFO - Epoch 467/500, Loss: 1.2173, Training Accuracy:  0.9961, Validation Accuracy:  0.8115
2025-03-12 13:51:55,496 - INFO - Epoch 468/500, Loss: 1.2173, Training Accuracy:  0.9961, Validation Accuracy:  0.8115
2025-03-12 13:52:03,300 - INFO - Epoch 469/500, Loss: 1.2173, Training Accuracy:  0.9961, Validation Accuracy:  0.8115
2025-03-12 13:52:11,307 - INFO - Epoch 470/500, Loss: 1.2172, Training Accuracy:  0.9960, Validation Accuracy:  0.8115
2025-03-12 13:52:20,205 - INFO - Epoch 471/500, Loss: 1.2172, Training Accuracy:  0.9964, Validation Accuracy:  0.8115
2025-03-12 13:52:28,288 - INFO - Epoch 472/500, Loss: 1.2172, Training Accuracy:  0.9964, Validation Accuracy:  0.8115
2025-03-12 13:52:35,792 - INFO - Epoch 473/500, Loss: 1.2171, Training Accuracy:  0.9960, Validation Accuracy:  0.8115
2025-03-12 13:52:44,243 - INFO - Epoch 474/500, Loss: 1.2171, Training Accuracy:  0.9959, Validation Accuracy:  0.8115
2025-03-12 13:52:53,319 - INFO - Epoch 475/500, Loss: 1.2171, Training Accuracy:  0.9955, Validation Accuracy:  0.8115
2025-03-12 13:53:01,833 - INFO - Epoch 476/500, Loss: 1.2171, Training Accuracy:  0.9960, Validation Accuracy:  0.8115
2025-03-12 13:53:10,213 - INFO - Epoch 477/500, Loss: 1.2172, Training Accuracy:  0.9952, Validation Accuracy:  0.8115
2025-03-12 13:53:19,034 - INFO - Epoch 478/500, Loss: 1.2172, Training Accuracy:  0.9955, Validation Accuracy:  0.8115
2025-03-12 13:53:26,956 - INFO - Epoch 479/500, Loss: 1.2171, Training Accuracy:  0.9965, Validation Accuracy:  0.8115
2025-03-12 13:53:35,941 - INFO - Epoch 480/500, Loss: 1.2171, Training Accuracy:  0.9967, Validation Accuracy:  0.8115
2025-03-12 13:53:44,787 - INFO - Epoch 481/500, Loss: 1.2171, Training Accuracy:  0.9961, Validation Accuracy:  0.8115
2025-03-12 13:53:54,063 - INFO - Epoch 482/500, Loss: 1.2171, Training Accuracy:  0.9962, Validation Accuracy:  0.8115
2025-03-12 13:54:03,513 - INFO - Epoch 483/500, Loss: 1.2171, Training Accuracy:  0.9968, Validation Accuracy:  0.8115
2025-03-12 13:54:12,843 - INFO - Epoch 484/500, Loss: 1.2171, Training Accuracy:  0.9961, Validation Accuracy:  0.8115
2025-03-12 13:54:22,557 - INFO - Epoch 485/500, Loss: 1.2171, Training Accuracy:  0.9957, Validation Accuracy:  0.8115
2025-03-12 13:54:30,403 - INFO - Epoch 486/500, Loss: 1.2171, Training Accuracy:  0.9965, Validation Accuracy:  0.8115
2025-03-12 13:54:38,719 - INFO - Epoch 487/500, Loss: 1.2171, Training Accuracy:  0.9962, Validation Accuracy:  0.8115
2025-03-12 13:54:46,359 - INFO - Epoch 488/500, Loss: 1.2171, Training Accuracy:  0.9960, Validation Accuracy:  0.8115
2025-03-12 13:54:54,741 - INFO - Epoch 489/500, Loss: 1.2172, Training Accuracy:  0.9958, Validation Accuracy:  0.8116
2025-03-12 13:55:04,043 - INFO - Epoch 490/500, Loss: 1.2168, Training Accuracy:  0.9962, Validation Accuracy:  0.8115
2025-03-12 13:55:12,832 - INFO - Epoch 491/500, Loss: 1.2168, Training Accuracy:  0.9967, Validation Accuracy:  0.8115
2025-03-12 13:55:20,966 - INFO - Epoch 492/500, Loss: 1.2169, Training Accuracy:  0.9965, Validation Accuracy:  0.8115
2025-03-12 13:55:28,964 - INFO - Epoch 493/500, Loss: 1.2168, Training Accuracy:  0.9966, Validation Accuracy:  0.8115
2025-03-12 13:55:38,502 - INFO - Epoch 494/500, Loss: 1.2168, Training Accuracy:  0.9966, Validation Accuracy:  0.8115
2025-03-12 13:55:46,287 - INFO - Epoch 495/500, Loss: 1.2168, Training Accuracy:  0.9964, Validation Accuracy:  0.8115
2025-03-12 13:55:54,159 - INFO - Epoch 496/500, Loss: 1.2167, Training Accuracy:  0.9969, Validation Accuracy:  0.8116
2025-03-12 13:56:02,382 - INFO - Epoch 497/500, Loss: 1.2168, Training Accuracy:  0.9960, Validation Accuracy:  0.8115
2025-03-12 13:56:11,152 - INFO - Epoch 498/500, Loss: 1.2168, Training Accuracy:  0.9962, Validation Accuracy:  0.8115
2025-03-12 13:56:19,092 - INFO - Epoch 499/500, Loss: 1.2168, Training Accuracy:  0.9974, Validation Accuracy:  0.8115
2025-03-12 13:56:28,286 - INFO - Epoch 500/500, Loss: 1.2168, Training Accuracy:  0.9958, Validation Accuracy:  0.8115
2025-03-12 13:56:28,286 - INFO - Training finished
